[ 2016-06-13T23:10:41+08:00 ] 127.0.0.1 /index.php/Home/Index/displayHistory/id/36.html
INFO: [ app_init ] --START--
INFO: Run Behavior\BuildLiteBehavior [ RunTime:0.000014s ]
INFO: [ app_init ] --END-- [ RunTime:0.000246s ]
INFO: [ app_begin ] --START--
NOTIC: [2] fopen(./read_html_cache_lock): failed to open stream: No such file or directory /Applications/XAMPP/xamppfiles/htdocs/SHOP-ThinkPHP/ThinkPHP/Library/Behavior/ReadHtmlCacheBehavior.class.php 第 36 行.
NOTIC: [2] flock() expects parameter 1 to be resource, boolean given /Applications/XAMPP/xamppfiles/htdocs/SHOP-ThinkPHP/ThinkPHP/Library/Behavior/ReadHtmlCacheBehavior.class.php 第 37 行.
INFO: Run Behavior\ReadHtmlCacheBehavior [ RunTime:0.000679s ]
INFO: [ app_begin ] --END-- [ RunTime:0.000716s ]
NOTIC: [2048] Declaration of Admin\Model\CategoryModel::_before_delete() should be compatible with Think\Model::_before_delete($options) /Applications/XAMPP/xamppfiles/htdocs/SHOP-ThinkPHP/Application/Admin/Model/CategoryModel.class.php 第 7 行.
SQL: SHOW COLUMNS FROM `st_category` [ RunTime:0.0005s ]

[ 2016-06-13T23:10:42+08:00 ] 127.0.0.1 /index.php/Home/Index/goods/id/36.html
INFO: [ app_init ] --START--
INFO: Run Behavior\BuildLiteBehavior [ RunTime:0.000019s ]
INFO: [ app_init ] --END-- [ RunTime:0.000430s ]
INFO: [ app_begin ] --START--
NOTIC: [2] fopen(./read_html_cache_lock): failed to open stream: No such file or directory /Applications/XAMPP/xamppfiles/htdocs/SHOP-ThinkPHP/ThinkPHP/Library/Behavior/ReadHtmlCacheBehavior.class.php 第 36 行.
NOTIC: [2] flock() expects parameter 1 to be resource, boolean given /Applications/XAMPP/xamppfiles/htdocs/SHOP-ThinkPHP/ThinkPHP/Library/Behavior/ReadHtmlCacheBehavior.class.php 第 37 行.
INFO: Run Behavior\ReadHtmlCacheBehavior [ RunTime:0.000518s ]
INFO: [ app_begin ] --END-- [ RunTime:0.000552s ]
NOTIC: [2048] Declaration of Admin\Model\CategoryModel::_before_delete() should be compatible with Think\Model::_before_delete($options) /Applications/XAMPP/xamppfiles/htdocs/SHOP-ThinkPHP/Application/Admin/Model/CategoryModel.class.php 第 7 行.
SQL: SHOW COLUMNS FROM `st_category` [ RunTime:0.0005s ]
SQL: SHOW COLUMNS FROM `st_goods` [ RunTime:0.0009s ]
SQL: SELECT * FROM `st_goods` WHERE `id` = 36 LIMIT 1   [ RunTime:0.0009s ]
SQL: SHOW COLUMNS FROM `st_category` [ RunTime:0.0005s ]
SQL: SELECT `id`,`cat_name`,`parent_id` FROM `st_category` WHERE `id` = 19 LIMIT 1   [ RunTime:0.0003s ]
SQL: SELECT `id`,`cat_name`,`parent_id` FROM `st_category` WHERE `id` = 1 LIMIT 1   [ RunTime:0.0002s ]
INFO: [ view_parse ] --START--
INFO: [ template_filter ] --START--
INFO: Run Behavior\ContentReplaceBehavior [ RunTime:0.000127s ]
INFO: [ template_filter ] --END-- [ RunTime:0.000168s ]
NOTIC: [8] Undefined index: children /Applications/XAMPP/xamppfiles/htdocs/SHOP-ThinkPHP/Application/Runtime/Cache/Home/862a52d698112494831f0f0bc6d3727d.php 第 174 行.
NOTIC: [2] Invalid argument supplied for foreach() /Applications/XAMPP/xamppfiles/htdocs/SHOP-ThinkPHP/Application/Runtime/Cache/Home/862a52d698112494831f0f0bc6d3727d.php 第 174 行.
NOTIC: [8] Undefined index: children /Applications/XAMPP/xamppfiles/htdocs/SHOP-ThinkPHP/Application/Runtime/Cache/Home/862a52d698112494831f0f0bc6d3727d.php 第 174 行.
NOTIC: [2] Invalid argument supplied for foreach() /Applications/XAMPP/xamppfiles/htdocs/SHOP-ThinkPHP/Application/Runtime/Cache/Home/862a52d698112494831f0f0bc6d3727d.php 第 174 行.
NOTIC: [8] Undefined index: children /Applications/XAMPP/xamppfiles/htdocs/SHOP-ThinkPHP/Application/Runtime/Cache/Home/862a52d698112494831f0f0bc6d3727d.php 第 174 行.
NOTIC: [2] Invalid argument supplied for foreach() /Applications/XAMPP/xamppfiles/htdocs/SHOP-ThinkPHP/Application/Runtime/Cache/Home/862a52d698112494831f0f0bc6d3727d.php 第 174 行.
NOTIC: [8] Undefined index: children /Applications/XAMPP/xamppfiles/htdocs/SHOP-ThinkPHP/Application/Runtime/Cache/Home/862a52d698112494831f0f0bc6d3727d.php 第 174 行.
NOTIC: [2] Invalid argument supplied for foreach() /Applications/XAMPP/xamppfiles/htdocs/SHOP-ThinkPHP/Application/Runtime/Cache/Home/862a52d698112494831f0f0bc6d3727d.php 第 174 行.
NOTIC: [8] Undefined index: children /Applications/XAMPP/xamppfiles/htdocs/SHOP-ThinkPHP/Application/Runtime/Cache/Home/862a52d698112494831f0f0bc6d3727d.php 第 174 行.
NOTIC: [2] Invalid argument supplied for foreach() /Applications/XAMPP/xamppfiles/htdocs/SHOP-ThinkPHP/Application/Runtime/Cache/Home/862a52d698112494831f0f0bc6d3727d.php 第 174 行.
NOTIC: [8] Undefined index: children /Applications/XAMPP/xamppfiles/htdocs/SHOP-ThinkPHP/Application/Runtime/Cache/Home/862a52d698112494831f0f0bc6d3727d.php 第 170 行.
NOTIC: [2] Invalid argument supplied for foreach() /Applications/XAMPP/xamppfiles/htdocs/SHOP-ThinkPHP/Application/Runtime/Cache/Home/862a52d698112494831f0f0bc6d3727d.php 第 170 行.
NOTIC: [8] Undefined index: children /Applications/XAMPP/xamppfiles/htdocs/SHOP-ThinkPHP/Application/Runtime/Cache/Home/862a52d698112494831f0f0bc6d3727d.php 第 170 行.
NOTIC: [2] Invalid argument supplied for foreach() /Applications/XAMPP/xamppfiles/htdocs/SHOP-ThinkPHP/Application/Runtime/Cache/Home/862a52d698112494831f0f0bc6d3727d.php 第 170 行.
NOTIC: [8] Undefined index: children /Applications/XAMPP/xamppfiles/htdocs/SHOP-ThinkPHP/Application/Runtime/Cache/Home/862a52d698112494831f0f0bc6d3727d.php 第 170 行.
NOTIC: [2] Invalid argument supplied for foreach() /Applications/XAMPP/xamppfiles/htdocs/SHOP-ThinkPHP/Application/Runtime/Cache/Home/862a52d698112494831f0f0bc6d3727d.php 第 170 行.
NOTIC: [8] Undefined index: children /Applications/XAMPP/xamppfiles/htdocs/SHOP-ThinkPHP/Application/Runtime/Cache/Home/862a52d698112494831f0f0bc6d3727d.php 第 170 行.
NOTIC: [2] Invalid argument supplied for foreach() /Applications/XAMPP/xamppfiles/htdocs/SHOP-ThinkPHP/Application/Runtime/Cache/Home/862a52d698112494831f0f0bc6d3727d.php 第 170 行.
NOTIC: [8] Undefined index: children /Applications/XAMPP/xamppfiles/htdocs/SHOP-ThinkPHP/Application/Runtime/Cache/Home/862a52d698112494831f0f0bc6d3727d.php 第 170 行.
NOTIC: [2] Invalid argument supplied for foreach() /Applications/XAMPP/xamppfiles/htdocs/SHOP-ThinkPHP/Application/Runtime/Cache/Home/862a52d698112494831f0f0bc6d3727d.php 第 170 行.
NOTIC: [8] Undefined index: children /Applications/XAMPP/xamppfiles/htdocs/SHOP-ThinkPHP/Application/Runtime/Cache/Home/862a52d698112494831f0f0bc6d3727d.php 第 170 行.
NOTIC: [2] Invalid argument supplied for foreach() /Applications/XAMPP/xamppfiles/htdocs/SHOP-ThinkPHP/Application/Runtime/Cache/Home/862a52d698112494831f0f0bc6d3727d.php 第 170 行.
NOTIC: [8] Undefined index: children /Applications/XAMPP/xamppfiles/htdocs/SHOP-ThinkPHP/Application/Runtime/Cache/Home/862a52d698112494831f0f0bc6d3727d.php 第 170 行.
NOTIC: [2] Invalid argument supplied for foreach() /Applications/XAMPP/xamppfiles/htdocs/SHOP-ThinkPHP/Application/Runtime/Cache/Home/862a52d698112494831f0f0bc6d3727d.php 第 170 行.
NOTIC: [8] Undefined index: children /Applications/XAMPP/xamppfiles/htdocs/SHOP-ThinkPHP/Application/Runtime/Cache/Home/862a52d698112494831f0f0bc6d3727d.php 第 170 行.
NOTIC: [2] Invalid argument supplied for foreach() /Applications/XAMPP/xamppfiles/htdocs/SHOP-ThinkPHP/Application/Runtime/Cache/Home/862a52d698112494831f0f0bc6d3727d.php 第 170 行.
NOTIC: [8] Undefined index: children /Applications/XAMPP/xamppfiles/htdocs/SHOP-ThinkPHP/Application/Runtime/Cache/Home/862a52d698112494831f0f0bc6d3727d.php 第 170 行.
NOTIC: [2] Invalid argument supplied for foreach() /Applications/XAMPP/xamppfiles/htdocs/SHOP-ThinkPHP/Application/Runtime/Cache/Home/862a52d698112494831f0f0bc6d3727d.php 第 170 行.
NOTIC: [8] Undefined index: children /Applications/XAMPP/xamppfiles/htdocs/SHOP-ThinkPHP/Application/Runtime/Cache/Home/862a52d698112494831f0f0bc6d3727d.php 第 170 行.
NOTIC: [2] Invalid argument supplied for foreach() /Applications/XAMPP/xamppfiles/htdocs/SHOP-ThinkPHP/Application/Runtime/Cache/Home/862a52d698112494831f0f0bc6d3727d.php 第 170 行.
NOTIC: [8] Undefined index: children /Applications/XAMPP/xamppfiles/htdocs/SHOP-ThinkPHP/Application/Runtime/Cache/Home/862a52d698112494831f0f0bc6d3727d.php 第 170 行.
NOTIC: [2] Invalid argument supplied for foreach() /Applications/XAMPP/xamppfiles/htdocs/SHOP-ThinkPHP/Application/Runtime/Cache/Home/862a52d698112494831f0f0bc6d3727d.php 第 170 行.
INFO: Run Behavior\ParseTemplateBehavior [ RunTime:0.011400s ]
INFO: [ view_parse ] --END-- [ RunTime:0.011442s ]
INFO: [ view_filter ] --START--
INFO: Run Behavior\WriteHtmlCacheBehavior [ RunTime:0.000116s ]
INFO: [ view_filter ] --END-- [ RunTime:0.000139s ]
INFO: [ app_end ] --START--
INFO: Run Behavior\ShowPageTraceBehavior [ RunTime:0.000512s ]
INFO: [ app_end ] --END-- [ RunTime:0.000565s ]

[ 2016-06-13T23:10:42+08:00 ] 127.0.0.1 /index.php/Home/Index/displayHistory/id/36.html
INFO: [ app_init ] --START--
INFO: Run Behavior\BuildLiteBehavior [ RunTime:0.000010s ]
INFO: [ app_init ] --END-- [ RunTime:0.000202s ]
INFO: [ app_begin ] --START--
NOTIC: [2] fopen(./read_html_cache_lock): failed to open stream: No such file or directory /Applications/XAMPP/xamppfiles/htdocs/SHOP-ThinkPHP/ThinkPHP/Library/Behavior/ReadHtmlCacheBehavior.class.php 第 36 行.
NOTIC: [2] flock() expects parameter 1 to be resource, boolean given /Applications/XAMPP/xamppfiles/htdocs/SHOP-ThinkPHP/ThinkPHP/Library/Behavior/ReadHtmlCacheBehavior.class.php 第 37 行.
INFO: Run Behavior\ReadHtmlCacheBehavior [ RunTime:0.000335s ]
INFO: [ app_begin ] --END-- [ RunTime:0.000362s ]
NOTIC: [2048] Declaration of Admin\Model\CategoryModel::_before_delete() should be compatible with Think\Model::_before_delete($options) /Applications/XAMPP/xamppfiles/htdocs/SHOP-ThinkPHP/Application/Admin/Model/CategoryModel.class.php 第 7 行.
SQL: SHOW COLUMNS FROM `st_category` [ RunTime:0.0013s ]

[ 2016-06-13T23:10:47+08:00 ] 127.0.0.1 /index.php/Home/index/displayHistory/id/38
INFO: [ app_init ] --START--
INFO: Run Behavior\BuildLiteBehavior [ RunTime:0.000009s ]
INFO: [ app_init ] --END-- [ RunTime:0.000213s ]
INFO: [ app_begin ] --START--
NOTIC: [2] fopen(./read_html_cache_lock): failed to open stream: No such file or directory /Applications/XAMPP/xamppfiles/htdocs/SHOP-ThinkPHP/ThinkPHP/Library/Behavior/ReadHtmlCacheBehavior.class.php 第 36 行.
NOTIC: [2] flock() expects parameter 1 to be resource, boolean given /Applications/XAMPP/xamppfiles/htdocs/SHOP-ThinkPHP/ThinkPHP/Library/Behavior/ReadHtmlCacheBehavior.class.php 第 37 行.
INFO: Run Behavior\ReadHtmlCacheBehavior [ RunTime:0.000362s ]
INFO: [ app_begin ] --END-- [ RunTime:0.000389s ]
NOTIC: [2048] Declaration of Admin\Model\CategoryModel::_before_delete() should be compatible with Think\Model::_before_delete($options) /Applications/XAMPP/xamppfiles/htdocs/SHOP-ThinkPHP/Application/Admin/Model/CategoryModel.class.php 第 7 行.
SQL: SHOW COLUMNS FROM `st_category` [ RunTime:0.0005s ]

[ 2016-06-13T23:11:04+08:00 ] 127.0.0.1 /index.php/Home/index/displayHistory/id/38
INFO: [ app_init ] --START--
INFO: Run Behavior\BuildLiteBehavior [ RunTime:0.000021s ]
INFO: [ app_init ] --END-- [ RunTime:0.000231s ]
INFO: [ app_begin ] --START--
NOTIC: [2] fopen(./read_html_cache_lock): failed to open stream: No such file or directory /Applications/XAMPP/xamppfiles/htdocs/SHOP-ThinkPHP/ThinkPHP/Library/Behavior/ReadHtmlCacheBehavior.class.php 第 36 行.
NOTIC: [2] flock() expects parameter 1 to be resource, boolean given /Applications/XAMPP/xamppfiles/htdocs/SHOP-ThinkPHP/ThinkPHP/Library/Behavior/ReadHtmlCacheBehavior.class.php 第 37 行.
INFO: Run Behavior\ReadHtmlCacheBehavior [ RunTime:0.000333s ]
INFO: [ app_begin ] --END-- [ RunTime:0.000358s ]
NOTIC: [2048] Declaration of Admin\Model\CategoryModel::_before_delete() should be compatible with Think\Model::_before_delete($options) /Applications/XAMPP/xamppfiles/htdocs/SHOP-ThinkPHP/Application/Admin/Model/CategoryModel.class.php 第 7 行.
SQL: SHOW COLUMNS FROM `st_category` [ RunTime:0.0004s ]

[ 2016-06-13T23:11:04+08:00 ] 127.0.0.1 /index.php/Home/index/displayHistory/id/38
INFO: [ app_init ] --START--
INFO: Run Behavior\BuildLiteBehavior [ RunTime:0.000010s ]
INFO: [ app_init ] --END-- [ RunTime:0.000201s ]
INFO: [ app_begin ] --START--
NOTIC: [2] fopen(./read_html_cache_lock): failed to open stream: No such file or directory /Applications/XAMPP/xamppfiles/htdocs/SHOP-ThinkPHP/ThinkPHP/Library/Behavior/ReadHtmlCacheBehavior.class.php 第 36 行.
NOTIC: [2] flock() expects parameter 1 to be resource, boolean given /Applications/XAMPP/xamppfiles/htdocs/SHOP-ThinkPHP/ThinkPHP/Library/Behavior/ReadHtmlCacheBehavior.class.php 第 37 行.
INFO: Run Behavior\ReadHtmlCacheBehavior [ RunTime:0.000336s ]
INFO: [ app_begin ] --END-- [ RunTime:0.000363s ]
NOTIC: [2048] Declaration of Admin\Model\CategoryModel::_before_delete() should be compatible with Think\Model::_before_delete($options) /Applications/XAMPP/xamppfiles/htdocs/SHOP-ThinkPHP/Application/Admin/Model/CategoryModel.class.php 第 7 行.
SQL: SHOW COLUMNS FROM `st_category` [ RunTime:0.0004s ]

[ 2016-06-13T23:11:04+08:00 ] 127.0.0.1 /index.php/Home/index/displayHistory/id/38
INFO: [ app_init ] --START--
INFO: Run Behavior\BuildLiteBehavior [ RunTime:0.000009s ]
INFO: [ app_init ] --END-- [ RunTime:0.000210s ]
INFO: [ app_begin ] --START--
NOTIC: [2] fopen(./read_html_cache_lock): failed to open stream: No such file or directory /Applications/XAMPP/xamppfiles/htdocs/SHOP-ThinkPHP/ThinkPHP/Library/Behavior/ReadHtmlCacheBehavior.class.php 第 36 行.
NOTIC: [2] flock() expects parameter 1 to be resource, boolean given /Applications/XAMPP/xamppfiles/htdocs/SHOP-ThinkPHP/ThinkPHP/Library/Behavior/ReadHtmlCacheBehavior.class.php 第 37 行.
INFO: Run Behavior\ReadHtmlCacheBehavior [ RunTime:0.000359s ]
INFO: [ app_begin ] --END-- [ RunTime:0.000386s ]
NOTIC: [2048] Declaration of Admin\Model\CategoryModel::_before_delete() should be compatible with Think\Model::_before_delete($options) /Applications/XAMPP/xamppfiles/htdocs/SHOP-ThinkPHP/Application/Admin/Model/CategoryModel.class.php 第 7 行.
SQL: SHOW COLUMNS FROM `st_category` [ RunTime:0.0004s ]

[ 2016-06-13T23:11:05+08:00 ] 127.0.0.1 /index.php/Home/index/displayHistory/id/38
INFO: [ app_init ] --START--
INFO: Run Behavior\BuildLiteBehavior [ RunTime:0.000010s ]
INFO: [ app_init ] --END-- [ RunTime:0.000227s ]
INFO: [ app_begin ] --START--
NOTIC: [2] fopen(./read_html_cache_lock): failed to open stream: No such file or directory /Applications/XAMPP/xamppfiles/htdocs/SHOP-ThinkPHP/ThinkPHP/Library/Behavior/ReadHtmlCacheBehavior.class.php 第 36 行.
NOTIC: [2] flock() expects parameter 1 to be resource, boolean given /Applications/XAMPP/xamppfiles/htdocs/SHOP-ThinkPHP/ThinkPHP/Library/Behavior/ReadHtmlCacheBehavior.class.php 第 37 行.
INFO: Run Behavior\ReadHtmlCacheBehavior [ RunTime:0.000387s ]
INFO: [ app_begin ] --END-- [ RunTime:0.000417s ]
NOTIC: [2048] Declaration of Admin\Model\CategoryModel::_before_delete() should be compatible with Think\Model::_before_delete($options) /Applications/XAMPP/xamppfiles/htdocs/SHOP-ThinkPHP/Application/Admin/Model/CategoryModel.class.php 第 7 行.
SQL: SHOW COLUMNS FROM `st_category` [ RunTime:0.0004s ]

[ 2016-06-13T23:11:05+08:00 ] 127.0.0.1 /index.php/Home/index/displayHistory/id/38
INFO: [ app_init ] --START--
INFO: Run Behavior\BuildLiteBehavior [ RunTime:0.000010s ]
INFO: [ app_init ] --END-- [ RunTime:0.000227s ]
INFO: [ app_begin ] --START--
NOTIC: [2] fopen(./read_html_cache_lock): failed to open stream: No such file or directory /Applications/XAMPP/xamppfiles/htdocs/SHOP-ThinkPHP/ThinkPHP/Library/Behavior/ReadHtmlCacheBehavior.class.php 第 36 行.
NOTIC: [2] flock() expects parameter 1 to be resource, boolean given /Applications/XAMPP/xamppfiles/htdocs/SHOP-ThinkPHP/ThinkPHP/Library/Behavior/ReadHtmlCacheBehavior.class.php 第 37 行.
INFO: Run Behavior\ReadHtmlCacheBehavior [ RunTime:0.000397s ]
INFO: [ app_begin ] --END-- [ RunTime:0.000427s ]
NOTIC: [2048] Declaration of Admin\Model\CategoryModel::_before_delete() should be compatible with Think\Model::_before_delete($options) /Applications/XAMPP/xamppfiles/htdocs/SHOP-ThinkPHP/Application/Admin/Model/CategoryModel.class.php 第 7 行.
SQL: SHOW COLUMNS FROM `st_category` [ RunTime:0.0004s ]

[ 2016-06-13T23:11:05+08:00 ] 127.0.0.1 /index.php/Home/index/displayHistory/id/38
INFO: [ app_init ] --START--
INFO: Run Behavior\BuildLiteBehavior [ RunTime:0.000008s ]
INFO: [ app_init ] --END-- [ RunTime:0.000211s ]
INFO: [ app_begin ] --START--
NOTIC: [2] fopen(./read_html_cache_lock): failed to open stream: No such file or directory /Applications/XAMPP/xamppfiles/htdocs/SHOP-ThinkPHP/ThinkPHP/Library/Behavior/ReadHtmlCacheBehavior.class.php 第 36 行.
NOTIC: [2] flock() expects parameter 1 to be resource, boolean given /Applications/XAMPP/xamppfiles/htdocs/SHOP-ThinkPHP/ThinkPHP/Library/Behavior/ReadHtmlCacheBehavior.class.php 第 37 行.
INFO: Run Behavior\ReadHtmlCacheBehavior [ RunTime:0.000359s ]
INFO: [ app_begin ] --END-- [ RunTime:0.000386s ]
NOTIC: [2048] Declaration of Admin\Model\CategoryModel::_before_delete() should be compatible with Think\Model::_before_delete($options) /Applications/XAMPP/xamppfiles/htdocs/SHOP-ThinkPHP/Application/Admin/Model/CategoryModel.class.php 第 7 行.
SQL: SHOW COLUMNS FROM `st_category` [ RunTime:0.0004s ]

[ 2016-06-13T23:11:09+08:00 ] 127.0.0.1 /index.php/Home/Index/goods/id/36.html
INFO: [ app_init ] --START--
INFO: Run Behavior\BuildLiteBehavior [ RunTime:0.000010s ]
INFO: [ app_init ] --END-- [ RunTime:0.000218s ]
INFO: [ app_begin ] --START--
NOTIC: [2] fopen(./read_html_cache_lock): failed to open stream: No such file or directory /Applications/XAMPP/xamppfiles/htdocs/SHOP-ThinkPHP/ThinkPHP/Library/Behavior/ReadHtmlCacheBehavior.class.php 第 36 行.
NOTIC: [2] flock() expects parameter 1 to be resource, boolean given /Applications/XAMPP/xamppfiles/htdocs/SHOP-ThinkPHP/ThinkPHP/Library/Behavior/ReadHtmlCacheBehavior.class.php 第 37 行.
INFO: Run Behavior\ReadHtmlCacheBehavior [ RunTime:0.000364s ]
INFO: [ app_begin ] --END-- [ RunTime:0.000392s ]
NOTIC: [2048] Declaration of Admin\Model\CategoryModel::_before_delete() should be compatible with Think\Model::_before_delete($options) /Applications/XAMPP/xamppfiles/htdocs/SHOP-ThinkPHP/Application/Admin/Model/CategoryModel.class.php 第 7 行.
SQL: SHOW COLUMNS FROM `st_category` [ RunTime:0.0005s ]
SQL: SHOW COLUMNS FROM `st_goods` [ RunTime:0.0006s ]
SQL: SELECT * FROM `st_goods` WHERE `id` = 36 LIMIT 1   [ RunTime:0.0004s ]
SQL: SHOW COLUMNS FROM `st_category` [ RunTime:0.0005s ]
SQL: SELECT `id`,`cat_name`,`parent_id` FROM `st_category` WHERE `id` = 19 LIMIT 1   [ RunTime:0.0003s ]
SQL: SELECT `id`,`cat_name`,`parent_id` FROM `st_category` WHERE `id` = 1 LIMIT 1   [ RunTime:0.0002s ]
INFO: [ view_parse ] --START--
INFO: [ template_filter ] --START--
INFO: Run Behavior\ContentReplaceBehavior [ RunTime:0.000091s ]
INFO: [ template_filter ] --END-- [ RunTime:0.000134s ]
NOTIC: [8] Undefined index: children /Applications/XAMPP/xamppfiles/htdocs/SHOP-ThinkPHP/Application/Runtime/Cache/Home/862a52d698112494831f0f0bc6d3727d.php 第 174 行.
NOTIC: [2] Invalid argument supplied for foreach() /Applications/XAMPP/xamppfiles/htdocs/SHOP-ThinkPHP/Application/Runtime/Cache/Home/862a52d698112494831f0f0bc6d3727d.php 第 174 行.
NOTIC: [8] Undefined index: children /Applications/XAMPP/xamppfiles/htdocs/SHOP-ThinkPHP/Application/Runtime/Cache/Home/862a52d698112494831f0f0bc6d3727d.php 第 174 行.
NOTIC: [2] Invalid argument supplied for foreach() /Applications/XAMPP/xamppfiles/htdocs/SHOP-ThinkPHP/Application/Runtime/Cache/Home/862a52d698112494831f0f0bc6d3727d.php 第 174 行.
NOTIC: [8] Undefined index: children /Applications/XAMPP/xamppfiles/htdocs/SHOP-ThinkPHP/Application/Runtime/Cache/Home/862a52d698112494831f0f0bc6d3727d.php 第 174 行.
NOTIC: [2] Invalid argument supplied for foreach() /Applications/XAMPP/xamppfiles/htdocs/SHOP-ThinkPHP/Application/Runtime/Cache/Home/862a52d698112494831f0f0bc6d3727d.php 第 174 行.
NOTIC: [8] Undefined index: children /Applications/XAMPP/xamppfiles/htdocs/SHOP-ThinkPHP/Application/Runtime/Cache/Home/862a52d698112494831f0f0bc6d3727d.php 第 174 行.
NOTIC: [2] Invalid argument supplied for foreach() /Applications/XAMPP/xamppfiles/htdocs/SHOP-ThinkPHP/Application/Runtime/Cache/Home/862a52d698112494831f0f0bc6d3727d.php 第 174 行.
NOTIC: [8] Undefined index: children /Applications/XAMPP/xamppfiles/htdocs/SHOP-ThinkPHP/Application/Runtime/Cache/Home/862a52d698112494831f0f0bc6d3727d.php 第 174 行.
NOTIC: [2] Invalid argument supplied for foreach() /Applications/XAMPP/xamppfiles/htdocs/SHOP-ThinkPHP/Application/Runtime/Cache/Home/862a52d698112494831f0f0bc6d3727d.php 第 174 行.
NOTIC: [8] Undefined index: children /Applications/XAMPP/xamppfiles/htdocs/SHOP-ThinkPHP/Application/Runtime/Cache/Home/862a52d698112494831f0f0bc6d3727d.php 第 170 行.
NOTIC: [2] Invalid argument supplied for foreach() /Applications/XAMPP/xamppfiles/htdocs/SHOP-ThinkPHP/Application/Runtime/Cache/Home/862a52d698112494831f0f0bc6d3727d.php 第 170 行.
NOTIC: [8] Undefined index: children /Applications/XAMPP/xamppfiles/htdocs/SHOP-ThinkPHP/Application/Runtime/Cache/Home/862a52d698112494831f0f0bc6d3727d.php 第 170 行.
NOTIC: [2] Invalid argument supplied for foreach() /Applications/XAMPP/xamppfiles/htdocs/SHOP-ThinkPHP/Application/Runtime/Cache/Home/862a52d698112494831f0f0bc6d3727d.php 第 170 行.
NOTIC: [8] Undefined index: children /Applications/XAMPP/xamppfiles/htdocs/SHOP-ThinkPHP/Application/Runtime/Cache/Home/862a52d698112494831f0f0bc6d3727d.php 第 170 行.
NOTIC: [2] Invalid argument supplied for foreach() /Applications/XAMPP/xamppfiles/htdocs/SHOP-ThinkPHP/Application/Runtime/Cache/Home/862a52d698112494831f0f0bc6d3727d.php 第 170 行.
NOTIC: [8] Undefined index: children /Applications/XAMPP/xamppfiles/htdocs/SHOP-ThinkPHP/Application/Runtime/Cache/Home/862a52d698112494831f0f0bc6d3727d.php 第 170 行.
NOTIC: [2] Invalid argument supplied for foreach() /Applications/XAMPP/xamppfiles/htdocs/SHOP-ThinkPHP/Application/Runtime/Cache/Home/862a52d698112494831f0f0bc6d3727d.php 第 170 行.
NOTIC: [8] Undefined index: children /Applications/XAMPP/xamppfiles/htdocs/SHOP-ThinkPHP/Application/Runtime/Cache/Home/862a52d698112494831f0f0bc6d3727d.php 第 170 行.
NOTIC: [2] Invalid argument supplied for foreach() /Applications/XAMPP/xamppfiles/htdocs/SHOP-ThinkPHP/Application/Runtime/Cache/Home/862a52d698112494831f0f0bc6d3727d.php 第 170 行.
NOTIC: [8] Undefined index: children /Applications/XAMPP/xamppfiles/htdocs/SHOP-ThinkPHP/Application/Runtime/Cache/Home/862a52d698112494831f0f0bc6d3727d.php 第 170 行.
NOTIC: [2] Invalid argument supplied for foreach() /Applications/XAMPP/xamppfiles/htdocs/SHOP-ThinkPHP/Application/Runtime/Cache/Home/862a52d698112494831f0f0bc6d3727d.php 第 170 行.
NOTIC: [8] Undefined index: children /Applications/XAMPP/xamppfiles/htdocs/SHOP-ThinkPHP/Application/Runtime/Cache/Home/862a52d698112494831f0f0bc6d3727d.php 第 170 行.
NOTIC: [2] Invalid argument supplied for foreach() /Applications/XAMPP/xamppfiles/htdocs/SHOP-ThinkPHP/Application/Runtime/Cache/Home/862a52d698112494831f0f0bc6d3727d.php 第 170 行.
NOTIC: [8] Undefined index: children /Applications/XAMPP/xamppfiles/htdocs/SHOP-ThinkPHP/Application/Runtime/Cache/Home/862a52d698112494831f0f0bc6d3727d.php 第 170 行.
NOTIC: [2] Invalid argument supplied for foreach() /Applications/XAMPP/xamppfiles/htdocs/SHOP-ThinkPHP/Application/Runtime/Cache/Home/862a52d698112494831f0f0bc6d3727d.php 第 170 行.
NOTIC: [8] Undefined index: children /Applications/XAMPP/xamppfiles/htdocs/SHOP-ThinkPHP/Application/Runtime/Cache/Home/862a52d698112494831f0f0bc6d3727d.php 第 170 行.
NOTIC: [2] Invalid argument supplied for foreach() /Applications/XAMPP/xamppfiles/htdocs/SHOP-ThinkPHP/Application/Runtime/Cache/Home/862a52d698112494831f0f0bc6d3727d.php 第 170 行.
NOTIC: [8] Undefined index: children /Applications/XAMPP/xamppfiles/htdocs/SHOP-ThinkPHP/Application/Runtime/Cache/Home/862a52d698112494831f0f0bc6d3727d.php 第 170 行.
NOTIC: [2] Invalid argument supplied for foreach() /Applications/XAMPP/xamppfiles/htdocs/SHOP-ThinkPHP/Application/Runtime/Cache/Home/862a52d698112494831f0f0bc6d3727d.php 第 170 行.
NOTIC: [8] Undefined index: children /Applications/XAMPP/xamppfiles/htdocs/SHOP-ThinkPHP/Application/Runtime/Cache/Home/862a52d698112494831f0f0bc6d3727d.php 第 170 行.
NOTIC: [2] Invalid argument supplied for foreach() /Applications/XAMPP/xamppfiles/htdocs/SHOP-ThinkPHP/Application/Runtime/Cache/Home/862a52d698112494831f0f0bc6d3727d.php 第 170 行.
INFO: Run Behavior\ParseTemplateBehavior [ RunTime:0.019350s ]
INFO: [ view_parse ] --END-- [ RunTime:0.019387s ]
INFO: [ view_filter ] --START--
INFO: Run Behavior\WriteHtmlCacheBehavior [ RunTime:0.000135s ]
INFO: [ view_filter ] --END-- [ RunTime:0.000160s ]
INFO: [ app_end ] --START--
INFO: Run Behavior\ShowPageTraceBehavior [ RunTime:0.000488s ]
INFO: [ app_end ] --END-- [ RunTime:0.000527s ]

[ 2016-06-13T23:11:09+08:00 ] 127.0.0.1 /index.php/Home/Index/displayHistory/id/36.html
INFO: [ app_init ] --START--
INFO: Run Behavior\BuildLiteBehavior [ RunTime:0.000029s ]
INFO: [ app_init ] --END-- [ RunTime:0.000562s ]
INFO: [ app_begin ] --START--
NOTIC: [2] fopen(./read_html_cache_lock): failed to open stream: No such file or directory /Applications/XAMPP/xamppfiles/htdocs/SHOP-ThinkPHP/ThinkPHP/Library/Behavior/ReadHtmlCacheBehavior.class.php 第 36 行.
NOTIC: [2] flock() expects parameter 1 to be resource, boolean given /Applications/XAMPP/xamppfiles/htdocs/SHOP-ThinkPHP/ThinkPHP/Library/Behavior/ReadHtmlCacheBehavior.class.php 第 37 行.
INFO: Run Behavior\ReadHtmlCacheBehavior [ RunTime:0.001053s ]
INFO: [ app_begin ] --END-- [ RunTime:0.001164s ]
NOTIC: [2048] Declaration of Admin\Model\CategoryModel::_before_delete() should be compatible with Think\Model::_before_delete($options) /Applications/XAMPP/xamppfiles/htdocs/SHOP-ThinkPHP/Application/Admin/Model/CategoryModel.class.php 第 7 行.
SQL: SHOW COLUMNS FROM `st_category` [ RunTime:0.0005s ]

[ 2016-06-13T23:25:17+08:00 ] 127.0.0.1 /index.php/Home/Index/goods/id/36.html
INFO: [ app_init ] --START--
INFO: Run Behavior\BuildLiteBehavior [ RunTime:0.000009s ]
INFO: [ app_init ] --END-- [ RunTime:0.000197s ]
INFO: [ app_begin ] --START--
NOTIC: [2] fopen(./read_html_cache_lock): failed to open stream: No such file or directory /Applications/XAMPP/xamppfiles/htdocs/SHOP-ThinkPHP/ThinkPHP/Library/Behavior/ReadHtmlCacheBehavior.class.php 第 36 行.
NOTIC: [2] flock() expects parameter 1 to be resource, boolean given /Applications/XAMPP/xamppfiles/htdocs/SHOP-ThinkPHP/ThinkPHP/Library/Behavior/ReadHtmlCacheBehavior.class.php 第 37 行.
INFO: Run Behavior\ReadHtmlCacheBehavior [ RunTime:0.000445s ]
INFO: [ app_begin ] --END-- [ RunTime:0.000475s ]
NOTIC: [2048] Declaration of Admin\Model\CategoryModel::_before_delete() should be compatible with Think\Model::_before_delete($options) /Applications/XAMPP/xamppfiles/htdocs/SHOP-ThinkPHP/Application/Admin/Model/CategoryModel.class.php 第 7 行.
SQL: SHOW COLUMNS FROM `st_category` [ RunTime:0.0004s ]
SQL: SHOW COLUMNS FROM `st_goods` [ RunTime:0.0005s ]
SQL: SELECT * FROM `st_goods` WHERE `id` = 36 LIMIT 1   [ RunTime:0.0003s ]
SQL: SHOW COLUMNS FROM `st_category` [ RunTime:0.0004s ]
SQL: SELECT `id`,`cat_name`,`parent_id` FROM `st_category` WHERE `id` = 19 LIMIT 1   [ RunTime:0.0002s ]
SQL: SELECT `id`,`cat_name`,`parent_id` FROM `st_category` WHERE `id` = 1 LIMIT 1   [ RunTime:0.0002s ]
INFO: [ view_parse ] --START--
INFO: [ template_filter ] --START--
INFO: Run Behavior\ContentReplaceBehavior [ RunTime:0.000092s ]
INFO: [ template_filter ] --END-- [ RunTime:0.000129s ]
NOTIC: [8] Undefined index: children /Applications/XAMPP/xamppfiles/htdocs/SHOP-ThinkPHP/Application/Runtime/Cache/Home/862a52d698112494831f0f0bc6d3727d.php 第 174 行.
NOTIC: [2] Invalid argument supplied for foreach() /Applications/XAMPP/xamppfiles/htdocs/SHOP-ThinkPHP/Application/Runtime/Cache/Home/862a52d698112494831f0f0bc6d3727d.php 第 174 行.
NOTIC: [8] Undefined index: children /Applications/XAMPP/xamppfiles/htdocs/SHOP-ThinkPHP/Application/Runtime/Cache/Home/862a52d698112494831f0f0bc6d3727d.php 第 174 行.
NOTIC: [2] Invalid argument supplied for foreach() /Applications/XAMPP/xamppfiles/htdocs/SHOP-ThinkPHP/Application/Runtime/Cache/Home/862a52d698112494831f0f0bc6d3727d.php 第 174 行.
NOTIC: [8] Undefined index: children /Applications/XAMPP/xamppfiles/htdocs/SHOP-ThinkPHP/Application/Runtime/Cache/Home/862a52d698112494831f0f0bc6d3727d.php 第 174 行.
NOTIC: [2] Invalid argument supplied for foreach() /Applications/XAMPP/xamppfiles/htdocs/SHOP-ThinkPHP/Application/Runtime/Cache/Home/862a52d698112494831f0f0bc6d3727d.php 第 174 行.
NOTIC: [8] Undefined index: children /Applications/XAMPP/xamppfiles/htdocs/SHOP-ThinkPHP/Application/Runtime/Cache/Home/862a52d698112494831f0f0bc6d3727d.php 第 174 行.
NOTIC: [2] Invalid argument supplied for foreach() /Applications/XAMPP/xamppfiles/htdocs/SHOP-ThinkPHP/Application/Runtime/Cache/Home/862a52d698112494831f0f0bc6d3727d.php 第 174 行.
NOTIC: [8] Undefined index: children /Applications/XAMPP/xamppfiles/htdocs/SHOP-ThinkPHP/Application/Runtime/Cache/Home/862a52d698112494831f0f0bc6d3727d.php 第 174 行.
NOTIC: [2] Invalid argument supplied for foreach() /Applications/XAMPP/xamppfiles/htdocs/SHOP-ThinkPHP/Application/Runtime/Cache/Home/862a52d698112494831f0f0bc6d3727d.php 第 174 行.
NOTIC: [8] Undefined index: children /Applications/XAMPP/xamppfiles/htdocs/SHOP-ThinkPHP/Application/Runtime/Cache/Home/862a52d698112494831f0f0bc6d3727d.php 第 170 行.
NOTIC: [2] Invalid argument supplied for foreach() /Applications/XAMPP/xamppfiles/htdocs/SHOP-ThinkPHP/Application/Runtime/Cache/Home/862a52d698112494831f0f0bc6d3727d.php 第 170 行.
NOTIC: [8] Undefined index: children /Applications/XAMPP/xamppfiles/htdocs/SHOP-ThinkPHP/Application/Runtime/Cache/Home/862a52d698112494831f0f0bc6d3727d.php 第 170 行.
NOTIC: [2] Invalid argument supplied for foreach() /Applications/XAMPP/xamppfiles/htdocs/SHOP-ThinkPHP/Application/Runtime/Cache/Home/862a52d698112494831f0f0bc6d3727d.php 第 170 行.
NOTIC: [8] Undefined index: children /Applications/XAMPP/xamppfiles/htdocs/SHOP-ThinkPHP/Application/Runtime/Cache/Home/862a52d698112494831f0f0bc6d3727d.php 第 170 行.
NOTIC: [2] Invalid argument supplied for foreach() /Applications/XAMPP/xamppfiles/htdocs/SHOP-ThinkPHP/Application/Runtime/Cache/Home/862a52d698112494831f0f0bc6d3727d.php 第 170 行.
NOTIC: [8] Undefined index: children /Applications/XAMPP/xamppfiles/htdocs/SHOP-ThinkPHP/Application/Runtime/Cache/Home/862a52d698112494831f0f0bc6d3727d.php 第 170 行.
NOTIC: [2] Invalid argument supplied for foreach() /Applications/XAMPP/xamppfiles/htdocs/SHOP-ThinkPHP/Application/Runtime/Cache/Home/862a52d698112494831f0f0bc6d3727d.php 第 170 行.
NOTIC: [8] Undefined index: children /Applications/XAMPP/xamppfiles/htdocs/SHOP-ThinkPHP/Application/Runtime/Cache/Home/862a52d698112494831f0f0bc6d3727d.php 第 170 行.
NOTIC: [2] Invalid argument supplied for foreach() /Applications/XAMPP/xamppfiles/htdocs/SHOP-ThinkPHP/Application/Runtime/Cache/Home/862a52d698112494831f0f0bc6d3727d.php 第 170 行.
NOTIC: [8] Undefined index: children /Applications/XAMPP/xamppfiles/htdocs/SHOP-ThinkPHP/Application/Runtime/Cache/Home/862a52d698112494831f0f0bc6d3727d.php 第 170 行.
NOTIC: [2] Invalid argument supplied for foreach() /Applications/XAMPP/xamppfiles/htdocs/SHOP-ThinkPHP/Application/Runtime/Cache/Home/862a52d698112494831f0f0bc6d3727d.php 第 170 行.
NOTIC: [8] Undefined index: children /Applications/XAMPP/xamppfiles/htdocs/SHOP-ThinkPHP/Application/Runtime/Cache/Home/862a52d698112494831f0f0bc6d3727d.php 第 170 行.
NOTIC: [2] Invalid argument supplied for foreach() /Applications/XAMPP/xamppfiles/htdocs/SHOP-ThinkPHP/Application/Runtime/Cache/Home/862a52d698112494831f0f0bc6d3727d.php 第 170 行.
NOTIC: [8] Undefined index: children /Applications/XAMPP/xamppfiles/htdocs/SHOP-ThinkPHP/Application/Runtime/Cache/Home/862a52d698112494831f0f0bc6d3727d.php 第 170 行.
NOTIC: [2] Invalid argument supplied for foreach() /Applications/XAMPP/xamppfiles/htdocs/SHOP-ThinkPHP/Application/Runtime/Cache/Home/862a52d698112494831f0f0bc6d3727d.php 第 170 行.
NOTIC: [8] Undefined index: children /Applications/XAMPP/xamppfiles/htdocs/SHOP-ThinkPHP/Application/Runtime/Cache/Home/862a52d698112494831f0f0bc6d3727d.php 第 170 行.
NOTIC: [2] Invalid argument supplied for foreach() /Applications/XAMPP/xamppfiles/htdocs/SHOP-ThinkPHP/Application/Runtime/Cache/Home/862a52d698112494831f0f0bc6d3727d.php 第 170 行.
NOTIC: [8] Undefined index: children /Applications/XAMPP/xamppfiles/htdocs/SHOP-ThinkPHP/Application/Runtime/Cache/Home/862a52d698112494831f0f0bc6d3727d.php 第 170 行.
NOTIC: [2] Invalid argument supplied for foreach() /Applications/XAMPP/xamppfiles/htdocs/SHOP-ThinkPHP/Application/Runtime/Cache/Home/862a52d698112494831f0f0bc6d3727d.php 第 170 行.
NOTIC: [8] Undefined index: children /Applications/XAMPP/xamppfiles/htdocs/SHOP-ThinkPHP/Application/Runtime/Cache/Home/862a52d698112494831f0f0bc6d3727d.php 第 170 行.
NOTIC: [2] Invalid argument supplied for foreach() /Applications/XAMPP/xamppfiles/htdocs/SHOP-ThinkPHP/Application/Runtime/Cache/Home/862a52d698112494831f0f0bc6d3727d.php 第 170 行.
INFO: Run Behavior\ParseTemplateBehavior [ RunTime:0.018630s ]
INFO: [ view_parse ] --END-- [ RunTime:0.018672s ]
INFO: [ view_filter ] --START--
INFO: Run Behavior\WriteHtmlCacheBehavior [ RunTime:0.000132s ]
INFO: [ view_filter ] --END-- [ RunTime:0.000158s ]
INFO: [ app_end ] --START--
INFO: Run Behavior\ShowPageTraceBehavior [ RunTime:0.000455s ]
INFO: [ app_end ] --END-- [ RunTime:0.000503s ]

[ 2016-06-13T23:25:17+08:00 ] 127.0.0.1 /index.php/Home/Index/displayHistory/id/36.html
INFO: [ app_init ] --START--
INFO: Run Behavior\BuildLiteBehavior [ RunTime:0.000103s ]
INFO: [ app_init ] --END-- [ RunTime:0.001042s ]
INFO: [ app_begin ] --START--
NOTIC: [2] fopen(./read_html_cache_lock): failed to open stream: No such file or directory /Applications/XAMPP/xamppfiles/htdocs/SHOP-ThinkPHP/ThinkPHP/Library/Behavior/ReadHtmlCacheBehavior.class.php 第 36 行.
NOTIC: [2] flock() expects parameter 1 to be resource, boolean given /Applications/XAMPP/xamppfiles/htdocs/SHOP-ThinkPHP/ThinkPHP/Library/Behavior/ReadHtmlCacheBehavior.class.php 第 37 行.
INFO: Run Behavior\ReadHtmlCacheBehavior [ RunTime:0.000431s ]
INFO: [ app_begin ] --END-- [ RunTime:0.000470s ]
NOTIC: [2048] Declaration of Admin\Model\CategoryModel::_before_delete() should be compatible with Think\Model::_before_delete($options) /Applications/XAMPP/xamppfiles/htdocs/SHOP-ThinkPHP/Application/Admin/Model/CategoryModel.class.php 第 7 行.
SQL: SHOW COLUMNS FROM `st_category` [ RunTime:0.0005s ]

[ 2016-06-13T23:25:32+08:00 ] 127.0.0.1 /index.php/Home/Index/goods/id/36.html
INFO: [ app_init ] --START--
INFO: Run Behavior\BuildLiteBehavior [ RunTime:0.000008s ]
INFO: [ app_init ] --END-- [ RunTime:0.000191s ]
INFO: [ app_begin ] --START--
NOTIC: [2] fopen(./read_html_cache_lock): failed to open stream: No such file or directory /Applications/XAMPP/xamppfiles/htdocs/SHOP-ThinkPHP/ThinkPHP/Library/Behavior/ReadHtmlCacheBehavior.class.php 第 36 行.
NOTIC: [2] flock() expects parameter 1 to be resource, boolean given /Applications/XAMPP/xamppfiles/htdocs/SHOP-ThinkPHP/ThinkPHP/Library/Behavior/ReadHtmlCacheBehavior.class.php 第 37 行.
INFO: Run Behavior\ReadHtmlCacheBehavior [ RunTime:0.000335s ]
INFO: [ app_begin ] --END-- [ RunTime:0.000360s ]
NOTIC: [2048] Declaration of Admin\Model\CategoryModel::_before_delete() should be compatible with Think\Model::_before_delete($options) /Applications/XAMPP/xamppfiles/htdocs/SHOP-ThinkPHP/Application/Admin/Model/CategoryModel.class.php 第 7 行.
SQL: SHOW COLUMNS FROM `st_category` [ RunTime:0.0005s ]
SQL: SHOW COLUMNS FROM `st_goods` [ RunTime:0.0007s ]
SQL: SELECT * FROM `st_goods` WHERE `id` = 36 LIMIT 1   [ RunTime:0.0003s ]
SQL: SHOW COLUMNS FROM `st_category` [ RunTime:0.0003s ]
SQL: SELECT `id`,`cat_name`,`parent_id` FROM `st_category` WHERE `id` = 19 LIMIT 1   [ RunTime:0.0002s ]
SQL: SELECT `id`,`cat_name`,`parent_id` FROM `st_category` WHERE `id` = 1 LIMIT 1   [ RunTime:0.0002s ]
INFO: [ view_parse ] --START--
INFO: [ template_filter ] --START--
INFO: Run Behavior\ContentReplaceBehavior [ RunTime:0.000091s ]
INFO: [ template_filter ] --END-- [ RunTime:0.000128s ]
NOTIC: [8] Undefined index: children /Applications/XAMPP/xamppfiles/htdocs/SHOP-ThinkPHP/Application/Runtime/Cache/Home/862a52d698112494831f0f0bc6d3727d.php 第 174 行.
NOTIC: [2] Invalid argument supplied for foreach() /Applications/XAMPP/xamppfiles/htdocs/SHOP-ThinkPHP/Application/Runtime/Cache/Home/862a52d698112494831f0f0bc6d3727d.php 第 174 行.
NOTIC: [8] Undefined index: children /Applications/XAMPP/xamppfiles/htdocs/SHOP-ThinkPHP/Application/Runtime/Cache/Home/862a52d698112494831f0f0bc6d3727d.php 第 174 行.
NOTIC: [2] Invalid argument supplied for foreach() /Applications/XAMPP/xamppfiles/htdocs/SHOP-ThinkPHP/Application/Runtime/Cache/Home/862a52d698112494831f0f0bc6d3727d.php 第 174 行.
NOTIC: [8] Undefined index: children /Applications/XAMPP/xamppfiles/htdocs/SHOP-ThinkPHP/Application/Runtime/Cache/Home/862a52d698112494831f0f0bc6d3727d.php 第 174 行.
NOTIC: [2] Invalid argument supplied for foreach() /Applications/XAMPP/xamppfiles/htdocs/SHOP-ThinkPHP/Application/Runtime/Cache/Home/862a52d698112494831f0f0bc6d3727d.php 第 174 行.
NOTIC: [8] Undefined index: children /Applications/XAMPP/xamppfiles/htdocs/SHOP-ThinkPHP/Application/Runtime/Cache/Home/862a52d698112494831f0f0bc6d3727d.php 第 174 行.
NOTIC: [2] Invalid argument supplied for foreach() /Applications/XAMPP/xamppfiles/htdocs/SHOP-ThinkPHP/Application/Runtime/Cache/Home/862a52d698112494831f0f0bc6d3727d.php 第 174 行.
NOTIC: [8] Undefined index: children /Applications/XAMPP/xamppfiles/htdocs/SHOP-ThinkPHP/Application/Runtime/Cache/Home/862a52d698112494831f0f0bc6d3727d.php 第 174 行.
NOTIC: [2] Invalid argument supplied for foreach() /Applications/XAMPP/xamppfiles/htdocs/SHOP-ThinkPHP/Application/Runtime/Cache/Home/862a52d698112494831f0f0bc6d3727d.php 第 174 行.
NOTIC: [8] Undefined index: children /Applications/XAMPP/xamppfiles/htdocs/SHOP-ThinkPHP/Application/Runtime/Cache/Home/862a52d698112494831f0f0bc6d3727d.php 第 170 行.
NOTIC: [2] Invalid argument supplied for foreach() /Applications/XAMPP/xamppfiles/htdocs/SHOP-ThinkPHP/Application/Runtime/Cache/Home/862a52d698112494831f0f0bc6d3727d.php 第 170 行.
NOTIC: [8] Undefined index: children /Applications/XAMPP/xamppfiles/htdocs/SHOP-ThinkPHP/Application/Runtime/Cache/Home/862a52d698112494831f0f0bc6d3727d.php 第 170 行.
NOTIC: [2] Invalid argument supplied for foreach() /Applications/XAMPP/xamppfiles/htdocs/SHOP-ThinkPHP/Application/Runtime/Cache/Home/862a52d698112494831f0f0bc6d3727d.php 第 170 行.
NOTIC: [8] Undefined index: children /Applications/XAMPP/xamppfiles/htdocs/SHOP-ThinkPHP/Application/Runtime/Cache/Home/862a52d698112494831f0f0bc6d3727d.php 第 170 行.
NOTIC: [2] Invalid argument supplied for foreach() /Applications/XAMPP/xamppfiles/htdocs/SHOP-ThinkPHP/Application/Runtime/Cache/Home/862a52d698112494831f0f0bc6d3727d.php 第 170 行.
NOTIC: [8] Undefined index: children /Applications/XAMPP/xamppfiles/htdocs/SHOP-ThinkPHP/Application/Runtime/Cache/Home/862a52d698112494831f0f0bc6d3727d.php 第 170 行.
NOTIC: [2] Invalid argument supplied for foreach() /Applications/XAMPP/xamppfiles/htdocs/SHOP-ThinkPHP/Application/Runtime/Cache/Home/862a52d698112494831f0f0bc6d3727d.php 第 170 行.
NOTIC: [8] Undefined index: children /Applications/XAMPP/xamppfiles/htdocs/SHOP-ThinkPHP/Application/Runtime/Cache/Home/862a52d698112494831f0f0bc6d3727d.php 第 170 行.
NOTIC: [2] Invalid argument supplied for foreach() /Applications/XAMPP/xamppfiles/htdocs/SHOP-ThinkPHP/Application/Runtime/Cache/Home/862a52d698112494831f0f0bc6d3727d.php 第 170 行.
NOTIC: [8] Undefined index: children /Applications/XAMPP/xamppfiles/htdocs/SHOP-ThinkPHP/Application/Runtime/Cache/Home/862a52d698112494831f0f0bc6d3727d.php 第 170 行.
NOTIC: [2] Invalid argument supplied for foreach() /Applications/XAMPP/xamppfiles/htdocs/SHOP-ThinkPHP/Application/Runtime/Cache/Home/862a52d698112494831f0f0bc6d3727d.php 第 170 行.
NOTIC: [8] Undefined index: children /Applications/XAMPP/xamppfiles/htdocs/SHOP-ThinkPHP/Application/Runtime/Cache/Home/862a52d698112494831f0f0bc6d3727d.php 第 170 行.
NOTIC: [2] Invalid argument supplied for foreach() /Applications/XAMPP/xamppfiles/htdocs/SHOP-ThinkPHP/Application/Runtime/Cache/Home/862a52d698112494831f0f0bc6d3727d.php 第 170 行.
NOTIC: [8] Undefined index: children /Applications/XAMPP/xamppfiles/htdocs/SHOP-ThinkPHP/Application/Runtime/Cache/Home/862a52d698112494831f0f0bc6d3727d.php 第 170 行.
NOTIC: [2] Invalid argument supplied for foreach() /Applications/XAMPP/xamppfiles/htdocs/SHOP-ThinkPHP/Application/Runtime/Cache/Home/862a52d698112494831f0f0bc6d3727d.php 第 170 行.
NOTIC: [8] Undefined index: children /Applications/XAMPP/xamppfiles/htdocs/SHOP-ThinkPHP/Application/Runtime/Cache/Home/862a52d698112494831f0f0bc6d3727d.php 第 170 行.
NOTIC: [2] Invalid argument supplied for foreach() /Applications/XAMPP/xamppfiles/htdocs/SHOP-ThinkPHP/Application/Runtime/Cache/Home/862a52d698112494831f0f0bc6d3727d.php 第 170 行.
NOTIC: [8] Undefined index: children /Applications/XAMPP/xamppfiles/htdocs/SHOP-ThinkPHP/Application/Runtime/Cache/Home/862a52d698112494831f0f0bc6d3727d.php 第 170 行.
NOTIC: [2] Invalid argument supplied for foreach() /Applications/XAMPP/xamppfiles/htdocs/SHOP-ThinkPHP/Application/Runtime/Cache/Home/862a52d698112494831f0f0bc6d3727d.php 第 170 行.
NOTIC: [8] Undefined index: children /Applications/XAMPP/xamppfiles/htdocs/SHOP-ThinkPHP/Application/Runtime/Cache/Home/862a52d698112494831f0f0bc6d3727d.php 第 170 行.
NOTIC: [2] Invalid argument supplied for foreach() /Applications/XAMPP/xamppfiles/htdocs/SHOP-ThinkPHP/Application/Runtime/Cache/Home/862a52d698112494831f0f0bc6d3727d.php 第 170 行.
INFO: Run Behavior\ParseTemplateBehavior [ RunTime:0.019100s ]
INFO: [ view_parse ] --END-- [ RunTime:0.019140s ]
INFO: [ view_filter ] --START--
INFO: Run Behavior\WriteHtmlCacheBehavior [ RunTime:0.000204s ]
INFO: [ view_filter ] --END-- [ RunTime:0.000251s ]
INFO: [ app_end ] --START--
INFO: Run Behavior\ShowPageTraceBehavior [ RunTime:0.000521s ]
INFO: [ app_end ] --END-- [ RunTime:0.000571s ]

[ 2016-06-13T23:25:32+08:00 ] 127.0.0.1 /index.php/Home/Index/displayHistory/id/36.html
INFO: [ app_init ] --START--
INFO: Run Behavior\BuildLiteBehavior [ RunTime:0.000090s ]
INFO: [ app_init ] --END-- [ RunTime:0.000983s ]
INFO: [ app_begin ] --START--
NOTIC: [2] fopen(./read_html_cache_lock): failed to open stream: No such file or directory /Applications/XAMPP/xamppfiles/htdocs/SHOP-ThinkPHP/ThinkPHP/Library/Behavior/ReadHtmlCacheBehavior.class.php 第 36 行.
NOTIC: [2] flock() expects parameter 1 to be resource, boolean given /Applications/XAMPP/xamppfiles/htdocs/SHOP-ThinkPHP/ThinkPHP/Library/Behavior/ReadHtmlCacheBehavior.class.php 第 37 行.
INFO: Run Behavior\ReadHtmlCacheBehavior [ RunTime:0.000938s ]
INFO: [ app_begin ] --END-- [ RunTime:0.001008s ]
NOTIC: [2048] Declaration of Admin\Model\CategoryModel::_before_delete() should be compatible with Think\Model::_before_delete($options) /Applications/XAMPP/xamppfiles/htdocs/SHOP-ThinkPHP/Application/Admin/Model/CategoryModel.class.php 第 7 行.
SQL: SHOW COLUMNS FROM `st_category` [ RunTime:0.0005s ]
SQL: SHOW COLUMNS FROM `st_goods` [ RunTime:0.0010s ]
SQL: SELECT `id`,`mid_logo`,`goods_name` FROM `st_goods` WHERE `id` IN ('36','37','23','38','26','25') AND `is_on_sale` = '是' ORDER BY `id`  [ RunTime:0.0018s ]
INFO: [ app_end ] --START--
INFO: Run Behavior\ShowPageTraceBehavior [ RunTime:0.000841s ]
INFO: [ app_end ] --END-- [ RunTime:0.001025s ]

[ 2016-06-13T23:25:42+08:00 ] 127.0.0.1 /index.php/Home/index/displayHistory/id/38
INFO: [ app_init ] --START--
INFO: Run Behavior\BuildLiteBehavior [ RunTime:0.000009s ]
INFO: [ app_init ] --END-- [ RunTime:0.000197s ]
INFO: [ app_begin ] --START--
NOTIC: [2] fopen(./read_html_cache_lock): failed to open stream: No such file or directory /Applications/XAMPP/xamppfiles/htdocs/SHOP-ThinkPHP/ThinkPHP/Library/Behavior/ReadHtmlCacheBehavior.class.php 第 36 行.
NOTIC: [2] flock() expects parameter 1 to be resource, boolean given /Applications/XAMPP/xamppfiles/htdocs/SHOP-ThinkPHP/ThinkPHP/Library/Behavior/ReadHtmlCacheBehavior.class.php 第 37 行.
INFO: Run Behavior\ReadHtmlCacheBehavior [ RunTime:0.000329s ]
INFO: [ app_begin ] --END-- [ RunTime:0.000354s ]
NOTIC: [2048] Declaration of Admin\Model\CategoryModel::_before_delete() should be compatible with Think\Model::_before_delete($options) /Applications/XAMPP/xamppfiles/htdocs/SHOP-ThinkPHP/Application/Admin/Model/CategoryModel.class.php 第 7 行.
SQL: SHOW COLUMNS FROM `st_category` [ RunTime:0.0004s ]
SQL: SHOW COLUMNS FROM `st_goods` [ RunTime:0.0005s ]
SQL: SELECT `id`,`mid_logo`,`goods_name` FROM `st_goods` WHERE `id` IN ('38','36','37','23','26','25') AND `is_on_sale` = '是' ORDER BY `id`  [ RunTime:0.0004s ]
INFO: [ app_end ] --START--
INFO: Run Behavior\ShowPageTraceBehavior [ RunTime:0.000383s ]
INFO: [ app_end ] --END-- [ RunTime:0.000418s ]

