[ 2016-06-02T12:38:53+08:00 ] 127.0.0.1 /index.php/Admin/Index/Images/ecshop_logo.gif
INFO: [ app_init ] --START--
INFO: Run Behavior\BuildLiteBehavior [ RunTime:0.000037s ]
INFO: [ app_init ] --END-- [ RunTime:0.000792s ]

[ 2016-06-02T12:38:53+08:00 ] 127.0.0.1 /index.php/Admin/Index/Images/menu_minus.gif
INFO: [ app_init ] --START--
INFO: Run Behavior\BuildLiteBehavior [ RunTime:0.000057s ]
INFO: [ app_init ] --END-- [ RunTime:0.000729s ]

[ 2016-06-02T12:38:53+08:00 ] 127.0.0.1 /index.php/Admin/Index/Images/menu_arrow.gif
INFO: [ app_init ] --START--
INFO: Run Behavior\BuildLiteBehavior [ RunTime:0.000016s ]
INFO: [ app_init ] --END-- [ RunTime:0.000339s ]

[ 2016-06-02T16:55:51+08:00 ] 127.0.0.1 /index.php/GII
INFO: [ app_init ] --START--
INFO: Run Behavior\BuildLiteBehavior [ RunTime:0.000015s ]
INFO: [ app_init ] --END-- [ RunTime:0.000685s ]
ERR: 无法加载模块:GII

[ 2016-06-02T16:58:46+08:00 ] 127.0.0.1 /index.php/GII
INFO: [ app_init ] --START--
INFO: Run Behavior\BuildLiteBehavior [ RunTime:0.000016s ]
INFO: [ app_init ] --END-- [ RunTime:0.000502s ]
ERR: 无法加载模块:GII

[ 2016-06-02T16:58:47+08:00 ] 127.0.0.1 /index.php/gii
INFO: [ app_init ] --START--
INFO: Run Behavior\BuildLiteBehavior [ RunTime:0.000008s ]
INFO: [ app_init ] --END-- [ RunTime:0.000202s ]
ERR: 无法加载模块:Gii

