[ 2016-06-06T09:38:22+08:00 ] 127.0.0.1 /index.php/Admin/Brand/brandList.html
INFO: [ app_init ] --START--
INFO: Run Behavior\BuildLiteBehavior [ RunTime:0.000008s ]
INFO: [ app_init ] --END-- [ RunTime:0.000206s ]
INFO: [ app_begin ] --START--
INFO: Run Behavior\ReadHtmlCacheBehavior [ RunTime:0.000245s ]
INFO: [ app_begin ] --END-- [ RunTime:0.000271s ]
SQL: SHOW COLUMNS FROM `st_brand` [ RunTime:0.0121s ]
SQL: SELECT COUNT(*) AS tp_count FROM `st_brand` LIMIT 1   [ RunTime:0.0019s ]
SQL: SELECT * FROM `st_brand` ORDER BY `id` desc LIMIT 0,5   [ RunTime:0.0004s ]
INFO: [ view_parse ] --START--
INFO: [ template_filter ] --START--
INFO: Run Behavior\ContentReplaceBehavior [ RunTime:0.000057s ]
INFO: [ template_filter ] --END-- [ RunTime:0.000103s ]
INFO: Run Behavior\ParseTemplateBehavior [ RunTime:0.011217s ]
INFO: [ view_parse ] --END-- [ RunTime:0.011259s ]
INFO: [ view_filter ] --START--
INFO: Run Behavior\WriteHtmlCacheBehavior [ RunTime:0.000100s ]
INFO: [ view_filter ] --END-- [ RunTime:0.000126s ]
INFO: [ app_end ] --START--
INFO: Run Behavior\ShowPageTraceBehavior [ RunTime:0.000297s ]
INFO: [ app_end ] --END-- [ RunTime:0.000324s ]

[ 2016-06-06T09:38:30+08:00 ] 127.0.0.1 /index.php/Admin/Brand/brandList.html
INFO: [ app_init ] --START--
INFO: Run Behavior\BuildLiteBehavior [ RunTime:0.000022s ]
INFO: [ app_init ] --END-- [ RunTime:0.000460s ]
INFO: [ app_begin ] --START--
INFO: Run Behavior\ReadHtmlCacheBehavior [ RunTime:0.000343s ]
INFO: [ app_begin ] --END-- [ RunTime:0.000380s ]
SQL: SHOW COLUMNS FROM `st_brand` [ RunTime:0.0006s ]
SQL: SELECT COUNT(*) AS tp_count FROM `st_brand` LIMIT 1   [ RunTime:0.0002s ]
SQL: SELECT * FROM `st_brand` ORDER BY `id` desc LIMIT 0,5   [ RunTime:0.0002s ]
INFO: [ view_parse ] --START--
INFO: [ template_filter ] --START--
INFO: Run Behavior\ContentReplaceBehavior [ RunTime:0.000054s ]
INFO: [ template_filter ] --END-- [ RunTime:0.000092s ]
INFO: Run Behavior\ParseTemplateBehavior [ RunTime:0.013124s ]
INFO: [ view_parse ] --END-- [ RunTime:0.013189s ]
INFO: [ view_filter ] --START--
INFO: Run Behavior\WriteHtmlCacheBehavior [ RunTime:0.000199s ]
INFO: [ view_filter ] --END-- [ RunTime:0.000247s ]
INFO: [ app_end ] --START--
INFO: Run Behavior\ShowPageTraceBehavior [ RunTime:0.000540s ]
INFO: [ app_end ] --END-- [ RunTime:0.000590s ]

[ 2016-06-06T09:38:34+08:00 ] 127.0.0.1 /index.php/Admin/Brand/brandList.html
INFO: [ app_init ] --START--
INFO: Run Behavior\BuildLiteBehavior [ RunTime:0.000008s ]
INFO: [ app_init ] --END-- [ RunTime:0.000191s ]
INFO: [ app_begin ] --START--
INFO: Run Behavior\ReadHtmlCacheBehavior [ RunTime:0.000239s ]
INFO: [ app_begin ] --END-- [ RunTime:0.000266s ]
SQL: SHOW COLUMNS FROM `st_brand` [ RunTime:0.0005s ]
SQL: SELECT COUNT(*) AS tp_count FROM `st_brand` LIMIT 1   [ RunTime:0.0002s ]
SQL: SELECT * FROM `st_brand` ORDER BY `id` desc LIMIT 0,5   [ RunTime:0.0002s ]
INFO: [ view_parse ] --START--
INFO: [ template_filter ] --START--
INFO: Run Behavior\ContentReplaceBehavior [ RunTime:0.000033s ]
INFO: [ template_filter ] --END-- [ RunTime:0.000063s ]
INFO: Run Behavior\ParseTemplateBehavior [ RunTime:0.012244s ]
INFO: [ view_parse ] --END-- [ RunTime:0.012300s ]
INFO: [ view_filter ] --START--
INFO: Run Behavior\WriteHtmlCacheBehavior [ RunTime:0.000181s ]
INFO: [ view_filter ] --END-- [ RunTime:0.000223s ]
INFO: [ app_end ] --START--
INFO: Run Behavior\ShowPageTraceBehavior [ RunTime:0.000488s ]
INFO: [ app_end ] --END-- [ RunTime:0.000531s ]

[ 2016-06-06T09:38:37+08:00 ] 127.0.0.1 /index.php/Admin/Brand/brandList.html
INFO: [ app_init ] --START--
INFO: Run Behavior\BuildLiteBehavior [ RunTime:0.000009s ]
INFO: [ app_init ] --END-- [ RunTime:0.000194s ]
INFO: [ app_begin ] --START--
INFO: Run Behavior\ReadHtmlCacheBehavior [ RunTime:0.000239s ]
INFO: [ app_begin ] --END-- [ RunTime:0.000266s ]
SQL: SHOW COLUMNS FROM `st_brand` [ RunTime:0.0005s ]
SQL: SELECT COUNT(*) AS tp_count FROM `st_brand` LIMIT 1   [ RunTime:0.0002s ]
SQL: SELECT * FROM `st_brand` ORDER BY `id` desc LIMIT 0,5   [ RunTime:0.0002s ]
INFO: [ view_parse ] --START--
INFO: [ template_filter ] --START--
INFO: Run Behavior\ContentReplaceBehavior [ RunTime:0.000037s ]
INFO: [ template_filter ] --END-- [ RunTime:0.000071s ]
INFO: Run Behavior\ParseTemplateBehavior [ RunTime:0.012590s ]
INFO: [ view_parse ] --END-- [ RunTime:0.012646s ]
INFO: [ view_filter ] --START--
INFO: Run Behavior\WriteHtmlCacheBehavior [ RunTime:0.000181s ]
INFO: [ view_filter ] --END-- [ RunTime:0.000222s ]
INFO: [ app_end ] --START--
INFO: Run Behavior\ShowPageTraceBehavior [ RunTime:0.000487s ]
INFO: [ app_end ] --END-- [ RunTime:0.000530s ]

[ 2016-06-06T09:38:43+08:00 ] 127.0.0.1 /index.php/Admin/goods/goodsList
INFO: [ app_init ] --START--
INFO: Run Behavior\BuildLiteBehavior [ RunTime:0.000014s ]
INFO: [ app_init ] --END-- [ RunTime:0.000298s ]
INFO: [ app_begin ] --START--
INFO: Run Behavior\ReadHtmlCacheBehavior [ RunTime:0.000289s ]
INFO: [ app_begin ] --END-- [ RunTime:0.000319s ]
SQL: SHOW COLUMNS FROM `st_goods` [ RunTime:0.0028s ]
SQL: SELECT COUNT(*) AS tp_count FROM `st_goods` LIMIT 1   [ RunTime:0.0002s ]
SQL: SELECT a.*,b.brand_name FROM st_goods a LEFT JOIN st_brand b ON a.brand_id=b.id  ORDER BY a.id desc LIMIT 0,5   [ RunTime:0.0034s ]
INFO: [ view_parse ] --START--
INFO: [ template_filter ] --START--
INFO: Run Behavior\ContentReplaceBehavior [ RunTime:0.000075s ]
INFO: [ template_filter ] --END-- [ RunTime:0.000115s ]
NOTIC: [8] Undefined index: marker_price /Applications/XAMPP/xamppfiles/htdocs/SHOP-ThinkPHP/Application/Runtime/Cache/Admin/3268fbbbd0eb3ffe30140f78ff508f86.php 第 80 行.
NOTIC: [8] Undefined index: marker_price /Applications/XAMPP/xamppfiles/htdocs/SHOP-ThinkPHP/Application/Runtime/Cache/Admin/3268fbbbd0eb3ffe30140f78ff508f86.php 第 80 行.
NOTIC: [8] Undefined index: marker_price /Applications/XAMPP/xamppfiles/htdocs/SHOP-ThinkPHP/Application/Runtime/Cache/Admin/3268fbbbd0eb3ffe30140f78ff508f86.php 第 80 行.
NOTIC: [8] Undefined index: marker_price /Applications/XAMPP/xamppfiles/htdocs/SHOP-ThinkPHP/Application/Runtime/Cache/Admin/3268fbbbd0eb3ffe30140f78ff508f86.php 第 80 行.
NOTIC: [8] Undefined index: marker_price /Applications/XAMPP/xamppfiles/htdocs/SHOP-ThinkPHP/Application/Runtime/Cache/Admin/3268fbbbd0eb3ffe30140f78ff508f86.php 第 80 行.
INFO: Run Behavior\ParseTemplateBehavior [ RunTime:0.006604s ]
INFO: [ view_parse ] --END-- [ RunTime:0.006644s ]
INFO: [ view_filter ] --START--
INFO: Run Behavior\WriteHtmlCacheBehavior [ RunTime:0.000116s ]
INFO: [ view_filter ] --END-- [ RunTime:0.000139s ]
INFO: [ app_end ] --START--
INFO: Run Behavior\ShowPageTraceBehavior [ RunTime:0.000448s ]
INFO: [ app_end ] --END-- [ RunTime:0.000486s ]

[ 2016-06-06T09:42:30+08:00 ] 127.0.0.1 /index.php/Admin/goods/goodsList
INFO: [ app_init ] --START--
INFO: Run Behavior\BuildLiteBehavior [ RunTime:0.000014s ]
INFO: [ app_init ] --END-- [ RunTime:0.000280s ]
INFO: [ app_begin ] --START--
INFO: Run Behavior\ReadHtmlCacheBehavior [ RunTime:0.000285s ]
INFO: [ app_begin ] --END-- [ RunTime:0.000315s ]
SQL: SHOW COLUMNS FROM `st_goods` [ RunTime:0.0006s ]
SQL: SELECT COUNT(*) AS tp_count FROM `st_goods` LIMIT 1   [ RunTime:0.0002s ]
SQL: SELECT a.*,b.brand_name FROM st_goods a LEFT JOIN st_brand b ON a.brand_id=b.id  ORDER BY a.id desc LIMIT 0,5   [ RunTime:0.0004s ]
INFO: [ view_parse ] --START--
INFO: [ template_filter ] --START--
INFO: Run Behavior\ContentReplaceBehavior [ RunTime:0.000081s ]
INFO: [ template_filter ] --END-- [ RunTime:0.000127s ]
SQL: SHOW COLUMNS FROM `st_brand` [ RunTime:0.0007s ]
SQL: SELECT `id`,`brand_name` FROM `st_brand`  [ RunTime:0.0006s ]
NOTIC: [8] Undefined index: marker_price /Applications/XAMPP/xamppfiles/htdocs/SHOP-ThinkPHP/Application/Runtime/Cache/Admin/3268fbbbd0eb3ffe30140f78ff508f86.php 第 84 行.
NOTIC: [8] Undefined index: marker_price /Applications/XAMPP/xamppfiles/htdocs/SHOP-ThinkPHP/Application/Runtime/Cache/Admin/3268fbbbd0eb3ffe30140f78ff508f86.php 第 84 行.
NOTIC: [8] Undefined index: marker_price /Applications/XAMPP/xamppfiles/htdocs/SHOP-ThinkPHP/Application/Runtime/Cache/Admin/3268fbbbd0eb3ffe30140f78ff508f86.php 第 84 行.
NOTIC: [8] Undefined index: marker_price /Applications/XAMPP/xamppfiles/htdocs/SHOP-ThinkPHP/Application/Runtime/Cache/Admin/3268fbbbd0eb3ffe30140f78ff508f86.php 第 84 行.
NOTIC: [8] Undefined index: marker_price /Applications/XAMPP/xamppfiles/htdocs/SHOP-ThinkPHP/Application/Runtime/Cache/Admin/3268fbbbd0eb3ffe30140f78ff508f86.php 第 84 行.
INFO: Run Behavior\ParseTemplateBehavior [ RunTime:0.017729s ]
INFO: [ view_parse ] --END-- [ RunTime:0.017775s ]
INFO: [ view_filter ] --START--
INFO: Run Behavior\WriteHtmlCacheBehavior [ RunTime:0.000240s ]
INFO: [ view_filter ] --END-- [ RunTime:0.000279s ]
INFO: [ app_end ] --START--
INFO: Run Behavior\ShowPageTraceBehavior [ RunTime:0.000690s ]
INFO: [ app_end ] --END-- [ RunTime:0.000774s ]

[ 2016-06-06T09:42:47+08:00 ] 127.0.0.1 /index.php/Admin/goods/goodsList
INFO: [ app_init ] --START--
INFO: Run Behavior\BuildLiteBehavior [ RunTime:0.000017s ]
INFO: [ app_init ] --END-- [ RunTime:0.000374s ]
INFO: [ app_begin ] --START--
INFO: Run Behavior\ReadHtmlCacheBehavior [ RunTime:0.000347s ]
INFO: [ app_begin ] --END-- [ RunTime:0.000381s ]
SQL: SHOW COLUMNS FROM `st_goods` [ RunTime:0.0006s ]
SQL: SELECT COUNT(*) AS tp_count FROM `st_goods` LIMIT 1   [ RunTime:0.0002s ]
SQL: SELECT a.*,b.brand_name FROM st_goods a LEFT JOIN st_brand b ON a.brand_id=b.id  ORDER BY a.id desc LIMIT 0,5   [ RunTime:0.0004s ]
INFO: [ view_parse ] --START--
INFO: [ template_filter ] --START--
INFO: Run Behavior\ContentReplaceBehavior [ RunTime:0.000085s ]
INFO: [ template_filter ] --END-- [ RunTime:0.000358s ]
SQL: SHOW COLUMNS FROM `st_brand` [ RunTime:0.0007s ]
SQL: SELECT `id`,`brand_name` FROM `st_brand`  [ RunTime:0.0004s ]
NOTIC: [8] Undefined index: marker_price /Applications/XAMPP/xamppfiles/htdocs/SHOP-ThinkPHP/Application/Runtime/Cache/Admin/3268fbbbd0eb3ffe30140f78ff508f86.php 第 84 行.
NOTIC: [8] Undefined index: marker_price /Applications/XAMPP/xamppfiles/htdocs/SHOP-ThinkPHP/Application/Runtime/Cache/Admin/3268fbbbd0eb3ffe30140f78ff508f86.php 第 84 行.
NOTIC: [8] Undefined index: marker_price /Applications/XAMPP/xamppfiles/htdocs/SHOP-ThinkPHP/Application/Runtime/Cache/Admin/3268fbbbd0eb3ffe30140f78ff508f86.php 第 84 行.
NOTIC: [8] Undefined index: marker_price /Applications/XAMPP/xamppfiles/htdocs/SHOP-ThinkPHP/Application/Runtime/Cache/Admin/3268fbbbd0eb3ffe30140f78ff508f86.php 第 84 行.
NOTIC: [8] Undefined index: marker_price /Applications/XAMPP/xamppfiles/htdocs/SHOP-ThinkPHP/Application/Runtime/Cache/Admin/3268fbbbd0eb3ffe30140f78ff508f86.php 第 84 行.
INFO: Run Behavior\ParseTemplateBehavior [ RunTime:0.017428s ]
INFO: [ view_parse ] --END-- [ RunTime:0.017569s ]
INFO: [ view_filter ] --START--
INFO: Run Behavior\WriteHtmlCacheBehavior [ RunTime:0.000202s ]
INFO: [ view_filter ] --END-- [ RunTime:0.000236s ]
INFO: [ app_end ] --START--
INFO: Run Behavior\ShowPageTraceBehavior [ RunTime:0.000492s ]
INFO: [ app_end ] --END-- [ RunTime:0.000535s ]

[ 2016-06-06T09:42:48+08:00 ] 127.0.0.1 /index.php/Admin/goods/goodsList
INFO: [ app_init ] --START--
INFO: Run Behavior\BuildLiteBehavior [ RunTime:0.000012s ]
INFO: [ app_init ] --END-- [ RunTime:0.000341s ]
INFO: [ app_begin ] --START--
INFO: Run Behavior\ReadHtmlCacheBehavior [ RunTime:0.000297s ]
INFO: [ app_begin ] --END-- [ RunTime:0.000327s ]
SQL: SHOW COLUMNS FROM `st_goods` [ RunTime:0.0005s ]
SQL: SELECT COUNT(*) AS tp_count FROM `st_goods` LIMIT 1   [ RunTime:0.0002s ]
SQL: SELECT a.*,b.brand_name FROM st_goods a LEFT JOIN st_brand b ON a.brand_id=b.id  ORDER BY a.id desc LIMIT 0,5   [ RunTime:0.0004s ]
INFO: [ view_parse ] --START--
INFO: [ template_filter ] --START--
INFO: Run Behavior\ContentReplaceBehavior [ RunTime:0.000042s ]
INFO: [ template_filter ] --END-- [ RunTime:0.000076s ]
SQL: SHOW COLUMNS FROM `st_brand` [ RunTime:0.0007s ]
SQL: SELECT `id`,`brand_name` FROM `st_brand`  [ RunTime:0.0005s ]
NOTIC: [8] Undefined index: marker_price /Applications/XAMPP/xamppfiles/htdocs/SHOP-ThinkPHP/Application/Runtime/Cache/Admin/3268fbbbd0eb3ffe30140f78ff508f86.php 第 84 行.
NOTIC: [8] Undefined index: marker_price /Applications/XAMPP/xamppfiles/htdocs/SHOP-ThinkPHP/Application/Runtime/Cache/Admin/3268fbbbd0eb3ffe30140f78ff508f86.php 第 84 行.
NOTIC: [8] Undefined index: marker_price /Applications/XAMPP/xamppfiles/htdocs/SHOP-ThinkPHP/Application/Runtime/Cache/Admin/3268fbbbd0eb3ffe30140f78ff508f86.php 第 84 行.
NOTIC: [8] Undefined index: marker_price /Applications/XAMPP/xamppfiles/htdocs/SHOP-ThinkPHP/Application/Runtime/Cache/Admin/3268fbbbd0eb3ffe30140f78ff508f86.php 第 84 行.
NOTIC: [8] Undefined index: marker_price /Applications/XAMPP/xamppfiles/htdocs/SHOP-ThinkPHP/Application/Runtime/Cache/Admin/3268fbbbd0eb3ffe30140f78ff508f86.php 第 84 行.
INFO: Run Behavior\ParseTemplateBehavior [ RunTime:0.015020s ]
INFO: [ view_parse ] --END-- [ RunTime:0.015054s ]
INFO: [ view_filter ] --START--
INFO: Run Behavior\WriteHtmlCacheBehavior [ RunTime:0.000143s ]
INFO: [ view_filter ] --END-- [ RunTime:0.000169s ]
INFO: [ app_end ] --START--
INFO: Run Behavior\ShowPageTraceBehavior [ RunTime:0.000454s ]
INFO: [ app_end ] --END-- [ RunTime:0.000494s ]

[ 2016-06-06T09:42:48+08:00 ] 127.0.0.1 /index.php/Admin/goods/goodsList
INFO: [ app_init ] --START--
INFO: Run Behavior\BuildLiteBehavior [ RunTime:0.000009s ]
INFO: [ app_init ] --END-- [ RunTime:0.000235s ]
INFO: [ app_begin ] --START--
INFO: Run Behavior\ReadHtmlCacheBehavior [ RunTime:0.000266s ]
INFO: [ app_begin ] --END-- [ RunTime:0.000295s ]
SQL: SHOW COLUMNS FROM `st_goods` [ RunTime:0.0006s ]
SQL: SELECT COUNT(*) AS tp_count FROM `st_goods` LIMIT 1   [ RunTime:0.0002s ]
SQL: SELECT a.*,b.brand_name FROM st_goods a LEFT JOIN st_brand b ON a.brand_id=b.id  ORDER BY a.id desc LIMIT 0,5   [ RunTime:0.0004s ]
INFO: [ view_parse ] --START--
INFO: [ template_filter ] --START--
INFO: Run Behavior\ContentReplaceBehavior [ RunTime:0.000044s ]
INFO: [ template_filter ] --END-- [ RunTime:0.000078s ]
SQL: SHOW COLUMNS FROM `st_brand` [ RunTime:0.0005s ]
SQL: SELECT `id`,`brand_name` FROM `st_brand`  [ RunTime:0.0002s ]
NOTIC: [8] Undefined index: marker_price /Applications/XAMPP/xamppfiles/htdocs/SHOP-ThinkPHP/Application/Runtime/Cache/Admin/3268fbbbd0eb3ffe30140f78ff508f86.php 第 84 行.
NOTIC: [8] Undefined index: marker_price /Applications/XAMPP/xamppfiles/htdocs/SHOP-ThinkPHP/Application/Runtime/Cache/Admin/3268fbbbd0eb3ffe30140f78ff508f86.php 第 84 行.
NOTIC: [8] Undefined index: marker_price /Applications/XAMPP/xamppfiles/htdocs/SHOP-ThinkPHP/Application/Runtime/Cache/Admin/3268fbbbd0eb3ffe30140f78ff508f86.php 第 84 行.
NOTIC: [8] Undefined index: marker_price /Applications/XAMPP/xamppfiles/htdocs/SHOP-ThinkPHP/Application/Runtime/Cache/Admin/3268fbbbd0eb3ffe30140f78ff508f86.php 第 84 行.
NOTIC: [8] Undefined index: marker_price /Applications/XAMPP/xamppfiles/htdocs/SHOP-ThinkPHP/Application/Runtime/Cache/Admin/3268fbbbd0eb3ffe30140f78ff508f86.php 第 84 行.
INFO: Run Behavior\ParseTemplateBehavior [ RunTime:0.005658s ]
INFO: [ view_parse ] --END-- [ RunTime:0.005685s ]
INFO: [ view_filter ] --START--
INFO: Run Behavior\WriteHtmlCacheBehavior [ RunTime:0.000130s ]
INFO: [ view_filter ] --END-- [ RunTime:0.000154s ]
INFO: [ app_end ] --START--
INFO: Run Behavior\ShowPageTraceBehavior [ RunTime:0.000412s ]
INFO: [ app_end ] --END-- [ RunTime:0.000453s ]

[ 2016-06-06T09:42:49+08:00 ] 127.0.0.1 /index.php/Admin/goods/goodsList
INFO: [ app_init ] --START--
INFO: Run Behavior\BuildLiteBehavior [ RunTime:0.000009s ]
INFO: [ app_init ] --END-- [ RunTime:0.000231s ]
INFO: [ app_begin ] --START--
INFO: Run Behavior\ReadHtmlCacheBehavior [ RunTime:0.000294s ]
INFO: [ app_begin ] --END-- [ RunTime:0.000328s ]
SQL: SHOW COLUMNS FROM `st_goods` [ RunTime:0.0006s ]
SQL: SELECT COUNT(*) AS tp_count FROM `st_goods` LIMIT 1   [ RunTime:0.0002s ]
SQL: SELECT a.*,b.brand_name FROM st_goods a LEFT JOIN st_brand b ON a.brand_id=b.id  ORDER BY a.id desc LIMIT 0,5   [ RunTime:0.0004s ]
INFO: [ view_parse ] --START--
INFO: [ template_filter ] --START--
INFO: Run Behavior\ContentReplaceBehavior [ RunTime:0.000042s ]
INFO: [ template_filter ] --END-- [ RunTime:0.000078s ]
SQL: SHOW COLUMNS FROM `st_brand` [ RunTime:0.0007s ]
SQL: SELECT `id`,`brand_name` FROM `st_brand`  [ RunTime:0.0003s ]
NOTIC: [8] Undefined index: marker_price /Applications/XAMPP/xamppfiles/htdocs/SHOP-ThinkPHP/Application/Runtime/Cache/Admin/3268fbbbd0eb3ffe30140f78ff508f86.php 第 84 行.
NOTIC: [8] Undefined index: marker_price /Applications/XAMPP/xamppfiles/htdocs/SHOP-ThinkPHP/Application/Runtime/Cache/Admin/3268fbbbd0eb3ffe30140f78ff508f86.php 第 84 行.
NOTIC: [8] Undefined index: marker_price /Applications/XAMPP/xamppfiles/htdocs/SHOP-ThinkPHP/Application/Runtime/Cache/Admin/3268fbbbd0eb3ffe30140f78ff508f86.php 第 84 行.
NOTIC: [8] Undefined index: marker_price /Applications/XAMPP/xamppfiles/htdocs/SHOP-ThinkPHP/Application/Runtime/Cache/Admin/3268fbbbd0eb3ffe30140f78ff508f86.php 第 84 行.
NOTIC: [8] Undefined index: marker_price /Applications/XAMPP/xamppfiles/htdocs/SHOP-ThinkPHP/Application/Runtime/Cache/Admin/3268fbbbd0eb3ffe30140f78ff508f86.php 第 84 行.
INFO: Run Behavior\ParseTemplateBehavior [ RunTime:0.014911s ]
INFO: [ view_parse ] --END-- [ RunTime:0.014953s ]
INFO: [ view_filter ] --START--
INFO: Run Behavior\WriteHtmlCacheBehavior [ RunTime:0.000231s ]
INFO: [ view_filter ] --END-- [ RunTime:0.000267s ]
INFO: [ app_end ] --START--
INFO: Run Behavior\ShowPageTraceBehavior [ RunTime:0.000430s ]
INFO: [ app_end ] --END-- [ RunTime:0.000473s ]

[ 2016-06-06T09:42:49+08:00 ] 127.0.0.1 /index.php/Admin/goods/goodsList
INFO: [ app_init ] --START--
INFO: Run Behavior\BuildLiteBehavior [ RunTime:0.000009s ]
INFO: [ app_init ] --END-- [ RunTime:0.000206s ]
INFO: [ app_begin ] --START--
INFO: Run Behavior\ReadHtmlCacheBehavior [ RunTime:0.000261s ]
INFO: [ app_begin ] --END-- [ RunTime:0.000291s ]
SQL: SHOW COLUMNS FROM `st_goods` [ RunTime:0.0006s ]
SQL: SELECT COUNT(*) AS tp_count FROM `st_goods` LIMIT 1   [ RunTime:0.0002s ]
SQL: SELECT a.*,b.brand_name FROM st_goods a LEFT JOIN st_brand b ON a.brand_id=b.id  ORDER BY a.id desc LIMIT 0,5   [ RunTime:0.0004s ]
INFO: [ view_parse ] --START--
INFO: [ template_filter ] --START--
INFO: Run Behavior\ContentReplaceBehavior [ RunTime:0.000043s ]
INFO: [ template_filter ] --END-- [ RunTime:0.000077s ]
SQL: SHOW COLUMNS FROM `st_brand` [ RunTime:0.0008s ]
SQL: SELECT `id`,`brand_name` FROM `st_brand`  [ RunTime:0.0003s ]
NOTIC: [8] Undefined index: marker_price /Applications/XAMPP/xamppfiles/htdocs/SHOP-ThinkPHP/Application/Runtime/Cache/Admin/3268fbbbd0eb3ffe30140f78ff508f86.php 第 84 行.
NOTIC: [8] Undefined index: marker_price /Applications/XAMPP/xamppfiles/htdocs/SHOP-ThinkPHP/Application/Runtime/Cache/Admin/3268fbbbd0eb3ffe30140f78ff508f86.php 第 84 行.
NOTIC: [8] Undefined index: marker_price /Applications/XAMPP/xamppfiles/htdocs/SHOP-ThinkPHP/Application/Runtime/Cache/Admin/3268fbbbd0eb3ffe30140f78ff508f86.php 第 84 行.
NOTIC: [8] Undefined index: marker_price /Applications/XAMPP/xamppfiles/htdocs/SHOP-ThinkPHP/Application/Runtime/Cache/Admin/3268fbbbd0eb3ffe30140f78ff508f86.php 第 84 行.
NOTIC: [8] Undefined index: marker_price /Applications/XAMPP/xamppfiles/htdocs/SHOP-ThinkPHP/Application/Runtime/Cache/Admin/3268fbbbd0eb3ffe30140f78ff508f86.php 第 84 行.
INFO: Run Behavior\ParseTemplateBehavior [ RunTime:0.014209s ]
INFO: [ view_parse ] --END-- [ RunTime:0.014251s ]
INFO: [ view_filter ] --START--
INFO: Run Behavior\WriteHtmlCacheBehavior [ RunTime:0.000209s ]
INFO: [ view_filter ] --END-- [ RunTime:0.000247s ]
INFO: [ app_end ] --START--
INFO: Run Behavior\ShowPageTraceBehavior [ RunTime:0.000822s ]
INFO: [ app_end ] --END-- [ RunTime:0.000880s ]

[ 2016-06-06T09:42:49+08:00 ] 127.0.0.1 /index.php/Admin/goods/goodsList
INFO: [ app_init ] --START--
INFO: Run Behavior\BuildLiteBehavior [ RunTime:0.000008s ]
INFO: [ app_init ] --END-- [ RunTime:0.000207s ]
INFO: [ app_begin ] --START--
INFO: Run Behavior\ReadHtmlCacheBehavior [ RunTime:0.000261s ]
INFO: [ app_begin ] --END-- [ RunTime:0.000291s ]
SQL: SHOW COLUMNS FROM `st_goods` [ RunTime:0.0005s ]
SQL: SELECT COUNT(*) AS tp_count FROM `st_goods` LIMIT 1   [ RunTime:0.0002s ]
SQL: SELECT a.*,b.brand_name FROM st_goods a LEFT JOIN st_brand b ON a.brand_id=b.id  ORDER BY a.id desc LIMIT 0,5   [ RunTime:0.0004s ]
INFO: [ view_parse ] --START--
INFO: [ template_filter ] --START--
INFO: Run Behavior\ContentReplaceBehavior [ RunTime:0.000043s ]
INFO: [ template_filter ] --END-- [ RunTime:0.000078s ]
SQL: SHOW COLUMNS FROM `st_brand` [ RunTime:0.0005s ]
SQL: SELECT `id`,`brand_name` FROM `st_brand`  [ RunTime:0.0002s ]
NOTIC: [8] Undefined index: marker_price /Applications/XAMPP/xamppfiles/htdocs/SHOP-ThinkPHP/Application/Runtime/Cache/Admin/3268fbbbd0eb3ffe30140f78ff508f86.php 第 84 行.
NOTIC: [8] Undefined index: marker_price /Applications/XAMPP/xamppfiles/htdocs/SHOP-ThinkPHP/Application/Runtime/Cache/Admin/3268fbbbd0eb3ffe30140f78ff508f86.php 第 84 行.
NOTIC: [8] Undefined index: marker_price /Applications/XAMPP/xamppfiles/htdocs/SHOP-ThinkPHP/Application/Runtime/Cache/Admin/3268fbbbd0eb3ffe30140f78ff508f86.php 第 84 行.
NOTIC: [8] Undefined index: marker_price /Applications/XAMPP/xamppfiles/htdocs/SHOP-ThinkPHP/Application/Runtime/Cache/Admin/3268fbbbd0eb3ffe30140f78ff508f86.php 第 84 行.
NOTIC: [8] Undefined index: marker_price /Applications/XAMPP/xamppfiles/htdocs/SHOP-ThinkPHP/Application/Runtime/Cache/Admin/3268fbbbd0eb3ffe30140f78ff508f86.php 第 84 行.
INFO: Run Behavior\ParseTemplateBehavior [ RunTime:0.005667s ]
INFO: [ view_parse ] --END-- [ RunTime:0.005698s ]
INFO: [ view_filter ] --START--
INFO: Run Behavior\WriteHtmlCacheBehavior [ RunTime:0.000139s ]
INFO: [ view_filter ] --END-- [ RunTime:0.000165s ]
INFO: [ app_end ] --START--
INFO: Run Behavior\ShowPageTraceBehavior [ RunTime:0.000428s ]
INFO: [ app_end ] --END-- [ RunTime:0.000472s ]

[ 2016-06-06T09:46:42+08:00 ] 127.0.0.1 /index.php/Admin/Goods/goodsList?brand_id=3%22&gn=&fp=&tp=&ios=&fa=&ta=&odby=id_desc
INFO: [ app_init ] --START--
INFO: Run Behavior\BuildLiteBehavior [ RunTime:0.000013s ]
INFO: [ app_init ] --END-- [ RunTime:0.000265s ]
INFO: [ app_begin ] --START--
INFO: Run Behavior\ReadHtmlCacheBehavior [ RunTime:0.000342s ]
INFO: [ app_begin ] --END-- [ RunTime:0.000376s ]
SQL: SHOW COLUMNS FROM `st_goods` [ RunTime:0.0006s ]
ERR: 1054:Unknown column 'a.brand_id' in 'where clause'
 [ SQL语句 ] : SELECT COUNT(*) AS tp_count FROM `st_goods` WHERE a.brand_id = '3&quot;' LIMIT 1  
ERR: 1054:Unknown column 'a.brand_id' in 'where clause'
 [ SQL语句 ] : SELECT COUNT(*) AS tp_count FROM `st_goods` WHERE a.brand_id = '3&quot;' LIMIT 1  

[ 2016-06-06T09:48:26+08:00 ] 127.0.0.1 /index.php/Admin/Goods/goodsList?brand_id=3%22&gn=&fp=&tp=&ios=&fa=&ta=&odby=id_desc
INFO: [ app_init ] --START--
INFO: Run Behavior\BuildLiteBehavior [ RunTime:0.000013s ]
INFO: [ app_init ] --END-- [ RunTime:0.000264s ]
INFO: [ app_begin ] --START--
INFO: Run Behavior\ReadHtmlCacheBehavior [ RunTime:0.000287s ]
INFO: [ app_begin ] --END-- [ RunTime:0.000314s ]
SQL: SHOW COLUMNS FROM `st_goods` [ RunTime:0.0006s ]
ERR: 1054:Unknown column 'a.brand_id' in 'where clause'
 [ SQL语句 ] : SELECT COUNT(*) AS tp_count FROM `st_goods` WHERE a.brand_id = '3&quot;' LIMIT 1  
ERR: 1054:Unknown column 'a.brand_id' in 'where clause'
 [ SQL语句 ] : SELECT COUNT(*) AS tp_count FROM `st_goods` WHERE a.brand_id = '3&quot;' LIMIT 1  

[ 2016-06-06T09:50:05+08:00 ] 127.0.0.1 /index.php/Admin/Goods/goodsList?brand_id=3%22&gn=&fp=&tp=&ios=&fa=&ta=&odby=id_desc
INFO: [ app_init ] --START--
INFO: Run Behavior\BuildLiteBehavior [ RunTime:0.000009s ]
INFO: [ app_init ] --END-- [ RunTime:0.000202s ]
INFO: [ app_begin ] --START--
INFO: Run Behavior\ReadHtmlCacheBehavior [ RunTime:0.000247s ]
INFO: [ app_begin ] --END-- [ RunTime:0.000274s ]
SQL: SHOW COLUMNS FROM `st_goods` [ RunTime:0.0005s ]
ERR: 1054:Unknown column 'a.brand_id' in 'where clause'
 [ SQL语句 ] : SELECT COUNT(*) AS tp_count FROM `st_goods` WHERE a.brand_id = '3&quot;' LIMIT 1  
ERR: 1054:Unknown column 'a.brand_id' in 'where clause'
 [ SQL语句 ] : SELECT COUNT(*) AS tp_count FROM `st_goods` WHERE a.brand_id = '3&quot;' LIMIT 1  

[ 2016-06-06T09:50:06+08:00 ] 127.0.0.1 /index.php/Admin/Goods/goodsList?brand_id=3%22&gn=&fp=&tp=&ios=&fa=&ta=&odby=id_desc
INFO: [ app_init ] --START--
INFO: Run Behavior\BuildLiteBehavior [ RunTime:0.000008s ]
INFO: [ app_init ] --END-- [ RunTime:0.000207s ]
INFO: [ app_begin ] --START--
INFO: Run Behavior\ReadHtmlCacheBehavior [ RunTime:0.000269s ]
INFO: [ app_begin ] --END-- [ RunTime:0.000298s ]
SQL: SHOW COLUMNS FROM `st_goods` [ RunTime:0.0006s ]
ERR: 1054:Unknown column 'a.brand_id' in 'where clause'
 [ SQL语句 ] : SELECT COUNT(*) AS tp_count FROM `st_goods` WHERE a.brand_id = '3&quot;' LIMIT 1  
ERR: 1054:Unknown column 'a.brand_id' in 'where clause'
 [ SQL语句 ] : SELECT COUNT(*) AS tp_count FROM `st_goods` WHERE a.brand_id = '3&quot;' LIMIT 1  

[ 2016-06-06T09:50:08+08:00 ] 127.0.0.1 /index.php/Admin/Goods/goodsList?brand_id=3%22&gn=&fp=&tp=&ios=&fa=&ta=&odby=id_desc
INFO: [ app_init ] --START--
INFO: Run Behavior\BuildLiteBehavior [ RunTime:0.000010s ]
INFO: [ app_init ] --END-- [ RunTime:0.000214s ]
INFO: [ app_begin ] --START--
INFO: Run Behavior\ReadHtmlCacheBehavior [ RunTime:0.000239s ]
INFO: [ app_begin ] --END-- [ RunTime:0.000266s ]
SQL: SHOW COLUMNS FROM `st_goods` [ RunTime:0.0006s ]
ERR: 1054:Unknown column 'a.brand_id' in 'where clause'
 [ SQL语句 ] : SELECT COUNT(*) AS tp_count FROM `st_goods` WHERE a.brand_id = '3&quot;' LIMIT 1  
ERR: 1054:Unknown column 'a.brand_id' in 'where clause'
 [ SQL语句 ] : SELECT COUNT(*) AS tp_count FROM `st_goods` WHERE a.brand_id = '3&quot;' LIMIT 1  

[ 2016-06-06T09:50:08+08:00 ] 127.0.0.1 /index.php/Admin/Goods/goodsList?brand_id=3%22&gn=&fp=&tp=&ios=&fa=&ta=&odby=id_desc
INFO: [ app_init ] --START--
INFO: Run Behavior\BuildLiteBehavior [ RunTime:0.000010s ]
INFO: [ app_init ] --END-- [ RunTime:0.000214s ]
INFO: [ app_begin ] --START--
INFO: Run Behavior\ReadHtmlCacheBehavior [ RunTime:0.000280s ]
INFO: [ app_begin ] --END-- [ RunTime:0.000310s ]
SQL: SHOW COLUMNS FROM `st_goods` [ RunTime:0.0005s ]
ERR: 1054:Unknown column 'a.brand_id' in 'where clause'
 [ SQL语句 ] : SELECT COUNT(*) AS tp_count FROM `st_goods` WHERE a.brand_id = '3&quot;' LIMIT 1  
ERR: 1054:Unknown column 'a.brand_id' in 'where clause'
 [ SQL语句 ] : SELECT COUNT(*) AS tp_count FROM `st_goods` WHERE a.brand_id = '3&quot;' LIMIT 1  

[ 2016-06-06T09:50:08+08:00 ] 127.0.0.1 /index.php/Admin/Goods/goodsList?brand_id=3%22&gn=&fp=&tp=&ios=&fa=&ta=&odby=id_desc
INFO: [ app_init ] --START--
INFO: Run Behavior\BuildLiteBehavior [ RunTime:0.000011s ]
INFO: [ app_init ] --END-- [ RunTime:0.000279s ]
INFO: [ app_begin ] --START--
INFO: Run Behavior\ReadHtmlCacheBehavior [ RunTime:0.000280s ]
INFO: [ app_begin ] --END-- [ RunTime:0.000311s ]
SQL: SHOW COLUMNS FROM `st_goods` [ RunTime:0.0005s ]
ERR: 1054:Unknown column 'a.brand_id' in 'where clause'
 [ SQL语句 ] : SELECT COUNT(*) AS tp_count FROM `st_goods` WHERE a.brand_id = '3&quot;' LIMIT 1  
ERR: 1054:Unknown column 'a.brand_id' in 'where clause'
 [ SQL语句 ] : SELECT COUNT(*) AS tp_count FROM `st_goods` WHERE a.brand_id = '3&quot;' LIMIT 1  

[ 2016-06-06T09:50:09+08:00 ] 127.0.0.1 /index.php/Admin/Goods/goodsList?brand_id=3%22&gn=&fp=&tp=&ios=&fa=&ta=&odby=id_desc
INFO: [ app_init ] --START--
INFO: Run Behavior\BuildLiteBehavior [ RunTime:0.000008s ]
INFO: [ app_init ] --END-- [ RunTime:0.000208s ]
INFO: [ app_begin ] --START--
INFO: Run Behavior\ReadHtmlCacheBehavior [ RunTime:0.000243s ]
INFO: [ app_begin ] --END-- [ RunTime:0.000270s ]
SQL: SHOW COLUMNS FROM `st_goods` [ RunTime:0.0006s ]
ERR: 1054:Unknown column 'a.brand_id' in 'where clause'
 [ SQL语句 ] : SELECT COUNT(*) AS tp_count FROM `st_goods` WHERE a.brand_id = '3&quot;' LIMIT 1  
ERR: 1054:Unknown column 'a.brand_id' in 'where clause'
 [ SQL语句 ] : SELECT COUNT(*) AS tp_count FROM `st_goods` WHERE a.brand_id = '3&quot;' LIMIT 1  

[ 2016-06-06T09:50:10+08:00 ] 127.0.0.1 /index.php/Admin/Goods/goodsList?brand_id=3%22&gn=&fp=&tp=&ios=&fa=&ta=&odby=id_desc
INFO: [ app_init ] --START--
INFO: Run Behavior\BuildLiteBehavior [ RunTime:0.000010s ]
INFO: [ app_init ] --END-- [ RunTime:0.000215s ]
INFO: [ app_begin ] --START--
INFO: Run Behavior\ReadHtmlCacheBehavior [ RunTime:0.000268s ]
INFO: [ app_begin ] --END-- [ RunTime:0.000297s ]
SQL: SHOW COLUMNS FROM `st_goods` [ RunTime:0.0005s ]
ERR: 1054:Unknown column 'a.brand_id' in 'where clause'
 [ SQL语句 ] : SELECT COUNT(*) AS tp_count FROM `st_goods` WHERE a.brand_id = '3&quot;' LIMIT 1  
ERR: 1054:Unknown column 'a.brand_id' in 'where clause'
 [ SQL语句 ] : SELECT COUNT(*) AS tp_count FROM `st_goods` WHERE a.brand_id = '3&quot;' LIMIT 1  

[ 2016-06-06T09:50:17+08:00 ] 127.0.0.1 /index.php/Admin/goods/goodsList
INFO: [ app_init ] --START--
INFO: Run Behavior\BuildLiteBehavior [ RunTime:0.000013s ]
INFO: [ app_init ] --END-- [ RunTime:0.000268s ]
INFO: [ app_begin ] --START--
INFO: Run Behavior\ReadHtmlCacheBehavior [ RunTime:0.000288s ]
INFO: [ app_begin ] --END-- [ RunTime:0.000319s ]
SQL: SHOW COLUMNS FROM `st_goods` [ RunTime:0.0006s ]
SQL: SELECT COUNT(*) AS tp_count FROM `st_goods` LIMIT 1   [ RunTime:0.0002s ]
SQL: SELECT a.*,b.brand_name FROM st_goods a LEFT JOIN st_brand b ON a.brand_id=b.id  ORDER BY a.id desc LIMIT 0,5   [ RunTime:0.0004s ]
INFO: [ view_parse ] --START--
INFO: [ template_filter ] --START--
INFO: Run Behavior\ContentReplaceBehavior [ RunTime:0.000062s ]
INFO: [ template_filter ] --END-- [ RunTime:0.000109s ]
SQL: SHOW COLUMNS FROM `st_brand` [ RunTime:0.0006s ]
SQL: SELECT `id`,`brand_name` FROM `st_brand`  [ RunTime:0.0003s ]
NOTIC: [8] Undefined index: marker_price /Applications/XAMPP/xamppfiles/htdocs/SHOP-ThinkPHP/Application/Runtime/Cache/Admin/3268fbbbd0eb3ffe30140f78ff508f86.php 第 84 行.
NOTIC: [8] Undefined index: marker_price /Applications/XAMPP/xamppfiles/htdocs/SHOP-ThinkPHP/Application/Runtime/Cache/Admin/3268fbbbd0eb3ffe30140f78ff508f86.php 第 84 行.
NOTIC: [8] Undefined index: marker_price /Applications/XAMPP/xamppfiles/htdocs/SHOP-ThinkPHP/Application/Runtime/Cache/Admin/3268fbbbd0eb3ffe30140f78ff508f86.php 第 84 行.
NOTIC: [8] Undefined index: marker_price /Applications/XAMPP/xamppfiles/htdocs/SHOP-ThinkPHP/Application/Runtime/Cache/Admin/3268fbbbd0eb3ffe30140f78ff508f86.php 第 84 行.
NOTIC: [8] Undefined index: marker_price /Applications/XAMPP/xamppfiles/htdocs/SHOP-ThinkPHP/Application/Runtime/Cache/Admin/3268fbbbd0eb3ffe30140f78ff508f86.php 第 84 行.
INFO: Run Behavior\ParseTemplateBehavior [ RunTime:0.014471s ]
INFO: [ view_parse ] --END-- [ RunTime:0.014518s ]
INFO: [ view_filter ] --START--
INFO: Run Behavior\WriteHtmlCacheBehavior [ RunTime:0.000179s ]
INFO: [ view_filter ] --END-- [ RunTime:0.000205s ]
INFO: [ app_end ] --START--
INFO: Run Behavior\ShowPageTraceBehavior [ RunTime:0.000853s ]
INFO: [ app_end ] --END-- [ RunTime:0.000931s ]

[ 2016-06-06T09:50:21+08:00 ] 127.0.0.1 /index.php/Admin/Goods/goodsList?brand_id=1%22&gn=&fp=&tp=&ios=&fa=&ta=&odby=id_desc
INFO: [ app_init ] --START--
INFO: Run Behavior\BuildLiteBehavior [ RunTime:0.000011s ]
INFO: [ app_init ] --END-- [ RunTime:0.000231s ]
INFO: [ app_begin ] --START--
INFO: Run Behavior\ReadHtmlCacheBehavior [ RunTime:0.000264s ]
INFO: [ app_begin ] --END-- [ RunTime:0.000294s ]
SQL: SHOW COLUMNS FROM `st_goods` [ RunTime:0.0005s ]
ERR: 1054:Unknown column 'a.brand_id' in 'where clause'
 [ SQL语句 ] : SELECT COUNT(*) AS tp_count FROM `st_goods` WHERE a.brand_id = '1&quot;' LIMIT 1  
ERR: 1054:Unknown column 'a.brand_id' in 'where clause'
 [ SQL语句 ] : SELECT COUNT(*) AS tp_count FROM `st_goods` WHERE a.brand_id = '1&quot;' LIMIT 1  

[ 2016-06-06T09:51:35+08:00 ] 127.0.0.1 /index.php/Admin/Goods/goodsList?brand_id=1%22&gn=&fp=&tp=&ios=&fa=&ta=&odby=id_desc
INFO: [ app_init ] --START--
INFO: Run Behavior\BuildLiteBehavior [ RunTime:0.000015s ]
INFO: [ app_init ] --END-- [ RunTime:0.000312s ]
INFO: [ app_begin ] --START--
INFO: Run Behavior\ReadHtmlCacheBehavior [ RunTime:0.000303s ]
INFO: [ app_begin ] --END-- [ RunTime:0.000335s ]
SQL: SHOW COLUMNS FROM `st_goods` [ RunTime:0.0005s ]
ERR: 1054:Unknown column 'a.brand_id' in 'where clause'
 [ SQL语句 ] : SELECT COUNT(*) AS tp_count FROM `st_goods` WHERE a.brand_id = '1&quot;' LIMIT 1  
ERR: 1054:Unknown column 'a.brand_id' in 'where clause'
 [ SQL语句 ] : SELECT COUNT(*) AS tp_count FROM `st_goods` WHERE a.brand_id = '1&quot;' LIMIT 1  

[ 2016-06-06T09:51:51+08:00 ] 127.0.0.1 /index.php/Admin/Goods/goodsList?brand_id=1&gn=&fp=&tp=&ios=&fa=&ta=&odby=id_desc
INFO: [ app_init ] --START--
INFO: Run Behavior\BuildLiteBehavior [ RunTime:0.000009s ]
INFO: [ app_init ] --END-- [ RunTime:0.000200s ]
INFO: [ app_begin ] --START--
INFO: Run Behavior\ReadHtmlCacheBehavior [ RunTime:0.000243s ]
INFO: [ app_begin ] --END-- [ RunTime:0.000270s ]
SQL: SHOW COLUMNS FROM `st_goods` [ RunTime:0.0005s ]
ERR: 1054:Unknown column 'a.brand_id' in 'where clause'
 [ SQL语句 ] : SELECT COUNT(*) AS tp_count FROM `st_goods` WHERE a.brand_id = '1' LIMIT 1  
ERR: 1054:Unknown column 'a.brand_id' in 'where clause'
 [ SQL语句 ] : SELECT COUNT(*) AS tp_count FROM `st_goods` WHERE a.brand_id = '1' LIMIT 1  

[ 2016-06-06T09:52:43+08:00 ] 127.0.0.1 /index.php/Admin/Goods/goodsList?brand_id=1&gn=&fp=&tp=&ios=&fa=&ta=&odby=id_desc
INFO: [ app_init ] --START--
INFO: Run Behavior\BuildLiteBehavior [ RunTime:0.000015s ]
INFO: [ app_init ] --END-- [ RunTime:0.000329s ]
INFO: [ app_begin ] --START--
INFO: Run Behavior\ReadHtmlCacheBehavior [ RunTime:0.000481s ]
INFO: [ app_begin ] --END-- [ RunTime:0.000532s ]
SQL: SHOW COLUMNS FROM `st_goods` [ RunTime:0.0004s ]
SQL: SELECT COUNT(*) AS tp_count FROM `st_goods` LIMIT 1   [ RunTime:0.0002s ]
SQL: SELECT a.*,b.brand_name FROM st_goods a LEFT JOIN st_brand b ON a.brand_id=b.id  ORDER BY a.id desc LIMIT 0,5   [ RunTime:0.0003s ]
INFO: [ view_parse ] --START--
INFO: [ template_filter ] --START--
INFO: Run Behavior\ContentReplaceBehavior [ RunTime:0.000067s ]
INFO: [ template_filter ] --END-- [ RunTime:0.000120s ]
SQL: SHOW COLUMNS FROM `st_brand` [ RunTime:0.0004s ]
SQL: SELECT `id`,`brand_name` FROM `st_brand`  [ RunTime:0.0002s ]
NOTIC: [8] Undefined index: marker_price /Applications/XAMPP/xamppfiles/htdocs/SHOP-ThinkPHP/Application/Runtime/Cache/Admin/3268fbbbd0eb3ffe30140f78ff508f86.php 第 84 行.
NOTIC: [8] Undefined index: marker_price /Applications/XAMPP/xamppfiles/htdocs/SHOP-ThinkPHP/Application/Runtime/Cache/Admin/3268fbbbd0eb3ffe30140f78ff508f86.php 第 84 行.
NOTIC: [8] Undefined index: marker_price /Applications/XAMPP/xamppfiles/htdocs/SHOP-ThinkPHP/Application/Runtime/Cache/Admin/3268fbbbd0eb3ffe30140f78ff508f86.php 第 84 行.
NOTIC: [8] Undefined index: marker_price /Applications/XAMPP/xamppfiles/htdocs/SHOP-ThinkPHP/Application/Runtime/Cache/Admin/3268fbbbd0eb3ffe30140f78ff508f86.php 第 84 行.
NOTIC: [8] Undefined index: marker_price /Applications/XAMPP/xamppfiles/htdocs/SHOP-ThinkPHP/Application/Runtime/Cache/Admin/3268fbbbd0eb3ffe30140f78ff508f86.php 第 84 行.
INFO: Run Behavior\ParseTemplateBehavior [ RunTime:0.016283s ]
INFO: [ view_parse ] --END-- [ RunTime:0.016318s ]
INFO: [ view_filter ] --START--
INFO: Run Behavior\WriteHtmlCacheBehavior [ RunTime:0.000142s ]
INFO: [ view_filter ] --END-- [ RunTime:0.000166s ]
INFO: [ app_end ] --START--
INFO: Run Behavior\ShowPageTraceBehavior [ RunTime:0.000535s ]
INFO: [ app_end ] --END-- [ RunTime:0.000586s ]

[ 2016-06-06T09:52:53+08:00 ] 127.0.0.1 /index.php/Admin/Goods/goodsList?brand_id=1%22&gn=2&fp=&tp=&ios=&fa=&ta=&odby=id_desc
INFO: [ app_init ] --START--
INFO: Run Behavior\BuildLiteBehavior [ RunTime:0.000009s ]
INFO: [ app_init ] --END-- [ RunTime:0.000214s ]
INFO: [ app_begin ] --START--
INFO: Run Behavior\ReadHtmlCacheBehavior [ RunTime:0.000270s ]
INFO: [ app_begin ] --END-- [ RunTime:0.000300s ]
SQL: SHOW COLUMNS FROM `st_goods` [ RunTime:0.0004s ]
ERR: 1054:Unknown column 'a.goods_name' in 'where clause'
 [ SQL语句 ] : SELECT COUNT(*) AS tp_count FROM `st_goods` WHERE a.goods_name LIKE '%2%' LIMIT 1  
ERR: 1054:Unknown column 'a.goods_name' in 'where clause'
 [ SQL语句 ] : SELECT COUNT(*) AS tp_count FROM `st_goods` WHERE a.goods_name LIKE '%2%' LIMIT 1  

[ 2016-06-06T09:53:00+08:00 ] 127.0.0.1 /index.php/Admin/Goods/goodsList?brand_id=1&gn=&fp=&tp=&ios=&fa=&ta=&odby=id_desc
INFO: [ app_init ] --START--
INFO: Run Behavior\BuildLiteBehavior [ RunTime:0.000008s ]
INFO: [ app_init ] --END-- [ RunTime:0.000197s ]
INFO: [ app_begin ] --START--
INFO: Run Behavior\ReadHtmlCacheBehavior [ RunTime:0.000258s ]
INFO: [ app_begin ] --END-- [ RunTime:0.000284s ]
SQL: SHOW COLUMNS FROM `st_goods` [ RunTime:0.0005s ]
SQL: SELECT COUNT(*) AS tp_count FROM `st_goods` LIMIT 1   [ RunTime:0.0002s ]
SQL: SELECT a.*,b.brand_name FROM st_goods a LEFT JOIN st_brand b ON a.brand_id=b.id  ORDER BY a.id desc LIMIT 0,5   [ RunTime:0.0004s ]
INFO: [ view_parse ] --START--
INFO: [ template_filter ] --START--
INFO: Run Behavior\ContentReplaceBehavior [ RunTime:0.000045s ]
INFO: [ template_filter ] --END-- [ RunTime:0.000081s ]
SQL: SHOW COLUMNS FROM `st_brand` [ RunTime:0.0006s ]
SQL: SELECT `id`,`brand_name` FROM `st_brand`  [ RunTime:0.0003s ]
NOTIC: [8] Undefined index: marker_price /Applications/XAMPP/xamppfiles/htdocs/SHOP-ThinkPHP/Application/Runtime/Cache/Admin/3268fbbbd0eb3ffe30140f78ff508f86.php 第 84 行.
NOTIC: [8] Undefined index: marker_price /Applications/XAMPP/xamppfiles/htdocs/SHOP-ThinkPHP/Application/Runtime/Cache/Admin/3268fbbbd0eb3ffe30140f78ff508f86.php 第 84 行.
NOTIC: [8] Undefined index: marker_price /Applications/XAMPP/xamppfiles/htdocs/SHOP-ThinkPHP/Application/Runtime/Cache/Admin/3268fbbbd0eb3ffe30140f78ff508f86.php 第 84 行.
NOTIC: [8] Undefined index: marker_price /Applications/XAMPP/xamppfiles/htdocs/SHOP-ThinkPHP/Application/Runtime/Cache/Admin/3268fbbbd0eb3ffe30140f78ff508f86.php 第 84 行.
NOTIC: [8] Undefined index: marker_price /Applications/XAMPP/xamppfiles/htdocs/SHOP-ThinkPHP/Application/Runtime/Cache/Admin/3268fbbbd0eb3ffe30140f78ff508f86.php 第 84 行.
INFO: Run Behavior\ParseTemplateBehavior [ RunTime:0.015056s ]
INFO: [ view_parse ] --END-- [ RunTime:0.015090s ]
INFO: [ view_filter ] --START--
INFO: Run Behavior\WriteHtmlCacheBehavior [ RunTime:0.000140s ]
INFO: [ view_filter ] --END-- [ RunTime:0.000166s ]
INFO: [ app_end ] --START--
INFO: Run Behavior\ShowPageTraceBehavior [ RunTime:0.000616s ]
INFO: [ app_end ] --END-- [ RunTime:0.000671s ]

[ 2016-06-06T09:53:03+08:00 ] 127.0.0.1 /index.php/Admin/Goods/goodsList?brand_id=1%22&gn=&fp=&tp=&ios=&fa=&ta=&odby=id_asc
INFO: [ app_init ] --START--
INFO: Run Behavior\BuildLiteBehavior [ RunTime:0.000009s ]
INFO: [ app_init ] --END-- [ RunTime:0.000264s ]
INFO: [ app_begin ] --START--
INFO: Run Behavior\ReadHtmlCacheBehavior [ RunTime:0.000265s ]
INFO: [ app_begin ] --END-- [ RunTime:0.000294s ]
SQL: SHOW COLUMNS FROM `st_goods` [ RunTime:0.0005s ]
SQL: SELECT COUNT(*) AS tp_count FROM `st_goods` LIMIT 1   [ RunTime:0.0002s ]
SQL: SELECT a.*,b.brand_name FROM st_goods a LEFT JOIN st_brand b ON a.brand_id=b.id  ORDER BY a.id asc LIMIT 0,5   [ RunTime:0.0004s ]
INFO: [ view_parse ] --START--
INFO: [ template_filter ] --START--
INFO: Run Behavior\ContentReplaceBehavior [ RunTime:0.000043s ]
INFO: [ template_filter ] --END-- [ RunTime:0.000078s ]
SQL: SHOW COLUMNS FROM `st_brand` [ RunTime:0.0005s ]
SQL: SELECT `id`,`brand_name` FROM `st_brand`  [ RunTime:0.0002s ]
NOTIC: [8] Undefined index: marker_price /Applications/XAMPP/xamppfiles/htdocs/SHOP-ThinkPHP/Application/Runtime/Cache/Admin/3268fbbbd0eb3ffe30140f78ff508f86.php 第 84 行.
NOTIC: [8] Undefined index: marker_price /Applications/XAMPP/xamppfiles/htdocs/SHOP-ThinkPHP/Application/Runtime/Cache/Admin/3268fbbbd0eb3ffe30140f78ff508f86.php 第 84 行.
NOTIC: [8] Undefined index: marker_price /Applications/XAMPP/xamppfiles/htdocs/SHOP-ThinkPHP/Application/Runtime/Cache/Admin/3268fbbbd0eb3ffe30140f78ff508f86.php 第 84 行.
NOTIC: [8] Undefined index: marker_price /Applications/XAMPP/xamppfiles/htdocs/SHOP-ThinkPHP/Application/Runtime/Cache/Admin/3268fbbbd0eb3ffe30140f78ff508f86.php 第 84 行.
NOTIC: [8] Undefined index: marker_price /Applications/XAMPP/xamppfiles/htdocs/SHOP-ThinkPHP/Application/Runtime/Cache/Admin/3268fbbbd0eb3ffe30140f78ff508f86.php 第 84 行.
INFO: Run Behavior\ParseTemplateBehavior [ RunTime:0.006096s ]
INFO: [ view_parse ] --END-- [ RunTime:0.006129s ]
INFO: [ view_filter ] --START--
INFO: Run Behavior\WriteHtmlCacheBehavior [ RunTime:0.000139s ]
INFO: [ view_filter ] --END-- [ RunTime:0.000165s ]
INFO: [ app_end ] --START--
INFO: Run Behavior\ShowPageTraceBehavior [ RunTime:0.000440s ]
INFO: [ app_end ] --END-- [ RunTime:0.000479s ]

[ 2016-06-06T09:53:05+08:00 ] 127.0.0.1 /index.php/Admin/Goods/goodsList?brand_id=&gn=&fp=&tp=&ios=&fa=&ta=&odby=price_desc
INFO: [ app_init ] --START--
INFO: Run Behavior\BuildLiteBehavior [ RunTime:0.000009s ]
INFO: [ app_init ] --END-- [ RunTime:0.000214s ]
INFO: [ app_begin ] --START--
INFO: Run Behavior\ReadHtmlCacheBehavior [ RunTime:0.000263s ]
INFO: [ app_begin ] --END-- [ RunTime:0.000293s ]
SQL: SHOW COLUMNS FROM `st_goods` [ RunTime:0.0005s ]
SQL: SELECT COUNT(*) AS tp_count FROM `st_goods` LIMIT 1   [ RunTime:0.0002s ]
SQL: SELECT a.*,b.brand_name FROM st_goods a LEFT JOIN st_brand b ON a.brand_id=b.id  ORDER BY `shop_price` desc LIMIT 0,5   [ RunTime:0.0004s ]
INFO: [ view_parse ] --START--
INFO: [ template_filter ] --START--
INFO: Run Behavior\ContentReplaceBehavior [ RunTime:0.000039s ]
INFO: [ template_filter ] --END-- [ RunTime:0.000072s ]
SQL: SHOW COLUMNS FROM `st_brand` [ RunTime:0.0004s ]
SQL: SELECT `id`,`brand_name` FROM `st_brand`  [ RunTime:0.0002s ]
NOTIC: [8] Undefined index: marker_price /Applications/XAMPP/xamppfiles/htdocs/SHOP-ThinkPHP/Application/Runtime/Cache/Admin/3268fbbbd0eb3ffe30140f78ff508f86.php 第 84 行.
NOTIC: [8] Undefined index: marker_price /Applications/XAMPP/xamppfiles/htdocs/SHOP-ThinkPHP/Application/Runtime/Cache/Admin/3268fbbbd0eb3ffe30140f78ff508f86.php 第 84 行.
NOTIC: [8] Undefined index: marker_price /Applications/XAMPP/xamppfiles/htdocs/SHOP-ThinkPHP/Application/Runtime/Cache/Admin/3268fbbbd0eb3ffe30140f78ff508f86.php 第 84 行.
NOTIC: [8] Undefined index: marker_price /Applications/XAMPP/xamppfiles/htdocs/SHOP-ThinkPHP/Application/Runtime/Cache/Admin/3268fbbbd0eb3ffe30140f78ff508f86.php 第 84 行.
NOTIC: [8] Undefined index: marker_price /Applications/XAMPP/xamppfiles/htdocs/SHOP-ThinkPHP/Application/Runtime/Cache/Admin/3268fbbbd0eb3ffe30140f78ff508f86.php 第 84 行.
INFO: Run Behavior\ParseTemplateBehavior [ RunTime:0.005568s ]
INFO: [ view_parse ] --END-- [ RunTime:0.005599s ]
INFO: [ view_filter ] --START--
INFO: Run Behavior\WriteHtmlCacheBehavior [ RunTime:0.000121s ]
INFO: [ view_filter ] --END-- [ RunTime:0.000143s ]
INFO: [ app_end ] --START--
INFO: Run Behavior\ShowPageTraceBehavior [ RunTime:0.000609s ]
INFO: [ app_end ] --END-- [ RunTime:0.000680s ]

[ 2016-06-06T09:53:09+08:00 ] 127.0.0.1 /index.php/Admin/Goods/goodsList?brand_id=&gn=&fp=&tp=&ios=&fa=&ta=&odby=price_asc
INFO: [ app_init ] --START--
INFO: Run Behavior\BuildLiteBehavior [ RunTime:0.000009s ]
INFO: [ app_init ] --END-- [ RunTime:0.000216s ]
INFO: [ app_begin ] --START--
INFO: Run Behavior\ReadHtmlCacheBehavior [ RunTime:0.000325s ]
INFO: [ app_begin ] --END-- [ RunTime:0.000358s ]
SQL: SHOW COLUMNS FROM `st_goods` [ RunTime:0.0005s ]
SQL: SELECT COUNT(*) AS tp_count FROM `st_goods` LIMIT 1   [ RunTime:0.0002s ]
SQL: SELECT a.*,b.brand_name FROM st_goods a LEFT JOIN st_brand b ON a.brand_id=b.id  ORDER BY `shop_price` asc LIMIT 0,5   [ RunTime:0.0004s ]
INFO: [ view_parse ] --START--
INFO: [ template_filter ] --START--
INFO: Run Behavior\ContentReplaceBehavior [ RunTime:0.000045s ]
INFO: [ template_filter ] --END-- [ RunTime:0.000083s ]
SQL: SHOW COLUMNS FROM `st_brand` [ RunTime:0.0004s ]
SQL: SELECT `id`,`brand_name` FROM `st_brand`  [ RunTime:0.0002s ]
NOTIC: [8] Undefined index: marker_price /Applications/XAMPP/xamppfiles/htdocs/SHOP-ThinkPHP/Application/Runtime/Cache/Admin/3268fbbbd0eb3ffe30140f78ff508f86.php 第 84 行.
NOTIC: [8] Undefined index: marker_price /Applications/XAMPP/xamppfiles/htdocs/SHOP-ThinkPHP/Application/Runtime/Cache/Admin/3268fbbbd0eb3ffe30140f78ff508f86.php 第 84 行.
NOTIC: [8] Undefined index: marker_price /Applications/XAMPP/xamppfiles/htdocs/SHOP-ThinkPHP/Application/Runtime/Cache/Admin/3268fbbbd0eb3ffe30140f78ff508f86.php 第 84 行.
NOTIC: [8] Undefined index: marker_price /Applications/XAMPP/xamppfiles/htdocs/SHOP-ThinkPHP/Application/Runtime/Cache/Admin/3268fbbbd0eb3ffe30140f78ff508f86.php 第 84 行.
NOTIC: [8] Undefined index: marker_price /Applications/XAMPP/xamppfiles/htdocs/SHOP-ThinkPHP/Application/Runtime/Cache/Admin/3268fbbbd0eb3ffe30140f78ff508f86.php 第 84 行.
INFO: Run Behavior\ParseTemplateBehavior [ RunTime:0.005787s ]
INFO: [ view_parse ] --END-- [ RunTime:0.005820s ]
INFO: [ view_filter ] --START--
INFO: Run Behavior\WriteHtmlCacheBehavior [ RunTime:0.000140s ]
INFO: [ view_filter ] --END-- [ RunTime:0.000167s ]
INFO: [ app_end ] --START--
INFO: Run Behavior\ShowPageTraceBehavior [ RunTime:0.000388s ]
INFO: [ app_end ] --END-- [ RunTime:0.000421s ]

[ 2016-06-06T09:53:11+08:00 ] 127.0.0.1 /index.php/Admin/Goods/goodsList?brand_id=&gn=&fp=&tp=&ios=&fa=&ta=&odby=id_desc
INFO: [ app_init ] --START--
INFO: Run Behavior\BuildLiteBehavior [ RunTime:0.000020s ]
INFO: [ app_init ] --END-- [ RunTime:0.000367s ]
INFO: [ app_begin ] --START--
INFO: Run Behavior\ReadHtmlCacheBehavior [ RunTime:0.000311s ]
INFO: [ app_begin ] --END-- [ RunTime:0.000342s ]
SQL: SHOW COLUMNS FROM `st_goods` [ RunTime:0.0005s ]
SQL: SELECT COUNT(*) AS tp_count FROM `st_goods` LIMIT 1   [ RunTime:0.0002s ]
SQL: SELECT a.*,b.brand_name FROM st_goods a LEFT JOIN st_brand b ON a.brand_id=b.id  ORDER BY a.id desc LIMIT 0,5   [ RunTime:0.0004s ]
INFO: [ view_parse ] --START--
INFO: [ template_filter ] --START--
INFO: Run Behavior\ContentReplaceBehavior [ RunTime:0.000048s ]
INFO: [ template_filter ] --END-- [ RunTime:0.000080s ]
SQL: SHOW COLUMNS FROM `st_brand` [ RunTime:0.0006s ]
SQL: SELECT `id`,`brand_name` FROM `st_brand`  [ RunTime:0.0002s ]
NOTIC: [8] Undefined index: marker_price /Applications/XAMPP/xamppfiles/htdocs/SHOP-ThinkPHP/Application/Runtime/Cache/Admin/3268fbbbd0eb3ffe30140f78ff508f86.php 第 84 行.
NOTIC: [8] Undefined index: marker_price /Applications/XAMPP/xamppfiles/htdocs/SHOP-ThinkPHP/Application/Runtime/Cache/Admin/3268fbbbd0eb3ffe30140f78ff508f86.php 第 84 行.
NOTIC: [8] Undefined index: marker_price /Applications/XAMPP/xamppfiles/htdocs/SHOP-ThinkPHP/Application/Runtime/Cache/Admin/3268fbbbd0eb3ffe30140f78ff508f86.php 第 84 行.
NOTIC: [8] Undefined index: marker_price /Applications/XAMPP/xamppfiles/htdocs/SHOP-ThinkPHP/Application/Runtime/Cache/Admin/3268fbbbd0eb3ffe30140f78ff508f86.php 第 84 行.
NOTIC: [8] Undefined index: marker_price /Applications/XAMPP/xamppfiles/htdocs/SHOP-ThinkPHP/Application/Runtime/Cache/Admin/3268fbbbd0eb3ffe30140f78ff508f86.php 第 84 行.
INFO: Run Behavior\ParseTemplateBehavior [ RunTime:0.006444s ]
INFO: [ view_parse ] --END-- [ RunTime:0.006475s ]
INFO: [ view_filter ] --START--
INFO: Run Behavior\WriteHtmlCacheBehavior [ RunTime:0.000130s ]
INFO: [ view_filter ] --END-- [ RunTime:0.000154s ]
INFO: [ app_end ] --START--
INFO: Run Behavior\ShowPageTraceBehavior [ RunTime:0.000473s ]
INFO: [ app_end ] --END-- [ RunTime:0.000507s ]

[ 2016-06-06T09:54:14+08:00 ] 127.0.0.1 /index.php/Admin/Goods/goodsList?brand_id=&gn=222&fp=&tp=&ios=&fa=&ta=&odby=id_desc
INFO: [ app_init ] --START--
INFO: Run Behavior\BuildLiteBehavior [ RunTime:0.000010s ]
INFO: [ app_init ] --END-- [ RunTime:0.000233s ]
INFO: [ app_begin ] --START--
INFO: Run Behavior\ReadHtmlCacheBehavior [ RunTime:0.000460s ]
INFO: [ app_begin ] --END-- [ RunTime:0.000508s ]
SQL: SHOW COLUMNS FROM `st_goods` [ RunTime:0.0007s ]
ERR: 1054:Unknown column 'a.goods_name' in 'where clause'
 [ SQL语句 ] : SELECT COUNT(*) AS tp_count FROM `st_goods` WHERE a.goods_name LIKE '%222%' LIMIT 1  
ERR: 1054:Unknown column 'a.goods_name' in 'where clause'
 [ SQL语句 ] : SELECT COUNT(*) AS tp_count FROM `st_goods` WHERE a.goods_name LIKE '%222%' LIMIT 1  

[ 2016-06-06T09:54:35+08:00 ] 127.0.0.1 /index.php/Admin/Goods/goodsList?brand_id=&gn=&fp=&tp=&ios=&fa=&ta=&odby=id_desc
INFO: [ app_init ] --START--
INFO: Run Behavior\BuildLiteBehavior [ RunTime:0.000009s ]
INFO: [ app_init ] --END-- [ RunTime:0.000199s ]
INFO: [ app_begin ] --START--
INFO: Run Behavior\ReadHtmlCacheBehavior [ RunTime:0.000239s ]
INFO: [ app_begin ] --END-- [ RunTime:0.000266s ]
SQL: SHOW COLUMNS FROM `st_goods` [ RunTime:0.0005s ]
SQL: SELECT COUNT(*) AS tp_count FROM `st_goods` LIMIT 1   [ RunTime:0.0002s ]
SQL: SELECT a.*,b.brand_name FROM st_goods a LEFT JOIN st_brand b ON a.brand_id=b.id  ORDER BY a.id desc LIMIT 0,5   [ RunTime:0.0004s ]
INFO: [ view_parse ] --START--
INFO: [ template_filter ] --START--
INFO: Run Behavior\ContentReplaceBehavior [ RunTime:0.000046s ]
INFO: [ template_filter ] --END-- [ RunTime:0.000090s ]
SQL: SHOW COLUMNS FROM `st_brand` [ RunTime:0.0007s ]
SQL: SELECT `id`,`brand_name` FROM `st_brand`  [ RunTime:0.0003s ]
NOTIC: [8] Undefined index: marker_price /Applications/XAMPP/xamppfiles/htdocs/SHOP-ThinkPHP/Application/Runtime/Cache/Admin/3268fbbbd0eb3ffe30140f78ff508f86.php 第 84 行.
NOTIC: [8] Undefined index: marker_price /Applications/XAMPP/xamppfiles/htdocs/SHOP-ThinkPHP/Application/Runtime/Cache/Admin/3268fbbbd0eb3ffe30140f78ff508f86.php 第 84 行.
NOTIC: [8] Undefined index: marker_price /Applications/XAMPP/xamppfiles/htdocs/SHOP-ThinkPHP/Application/Runtime/Cache/Admin/3268fbbbd0eb3ffe30140f78ff508f86.php 第 84 行.
NOTIC: [8] Undefined index: marker_price /Applications/XAMPP/xamppfiles/htdocs/SHOP-ThinkPHP/Application/Runtime/Cache/Admin/3268fbbbd0eb3ffe30140f78ff508f86.php 第 84 行.
NOTIC: [8] Undefined index: marker_price /Applications/XAMPP/xamppfiles/htdocs/SHOP-ThinkPHP/Application/Runtime/Cache/Admin/3268fbbbd0eb3ffe30140f78ff508f86.php 第 84 行.
INFO: Run Behavior\ParseTemplateBehavior [ RunTime:0.015614s ]
INFO: [ view_parse ] --END-- [ RunTime:0.015660s ]
INFO: [ view_filter ] --START--
INFO: Run Behavior\WriteHtmlCacheBehavior [ RunTime:0.000229s ]
INFO: [ view_filter ] --END-- [ RunTime:0.000267s ]
INFO: [ app_end ] --START--
INFO: Run Behavior\ShowPageTraceBehavior [ RunTime:0.000634s ]
INFO: [ app_end ] --END-- [ RunTime:0.000684s ]

[ 2016-06-06T09:54:42+08:00 ] 127.0.0.1 /index.php/Admin/Goods/goodsList
INFO: [ app_init ] --START--
INFO: Run Behavior\BuildLiteBehavior [ RunTime:0.000012s ]
INFO: [ app_init ] --END-- [ RunTime:0.000226s ]
INFO: [ app_begin ] --START--
INFO: Run Behavior\ReadHtmlCacheBehavior [ RunTime:0.000242s ]
INFO: [ app_begin ] --END-- [ RunTime:0.000268s ]
SQL: SHOW COLUMNS FROM `st_goods` [ RunTime:0.0005s ]
SQL: SELECT COUNT(*) AS tp_count FROM `st_goods` LIMIT 1   [ RunTime:0.0002s ]
SQL: SELECT a.*,b.brand_name FROM st_goods a LEFT JOIN st_brand b ON a.brand_id=b.id  ORDER BY a.id desc LIMIT 0,5   [ RunTime:0.0004s ]
INFO: [ view_parse ] --START--
INFO: [ template_filter ] --START--
INFO: Run Behavior\ContentReplaceBehavior [ RunTime:0.000055s ]
INFO: [ template_filter ] --END-- [ RunTime:0.000098s ]
SQL: SHOW COLUMNS FROM `st_brand` [ RunTime:0.0005s ]
SQL: SELECT `id`,`brand_name` FROM `st_brand`  [ RunTime:0.0002s ]
NOTIC: [8] Undefined index: marker_price /Applications/XAMPP/xamppfiles/htdocs/SHOP-ThinkPHP/Application/Runtime/Cache/Admin/3268fbbbd0eb3ffe30140f78ff508f86.php 第 84 行.
NOTIC: [8] Undefined index: marker_price /Applications/XAMPP/xamppfiles/htdocs/SHOP-ThinkPHP/Application/Runtime/Cache/Admin/3268fbbbd0eb3ffe30140f78ff508f86.php 第 84 行.
NOTIC: [8] Undefined index: marker_price /Applications/XAMPP/xamppfiles/htdocs/SHOP-ThinkPHP/Application/Runtime/Cache/Admin/3268fbbbd0eb3ffe30140f78ff508f86.php 第 84 行.
NOTIC: [8] Undefined index: marker_price /Applications/XAMPP/xamppfiles/htdocs/SHOP-ThinkPHP/Application/Runtime/Cache/Admin/3268fbbbd0eb3ffe30140f78ff508f86.php 第 84 行.
NOTIC: [8] Undefined index: marker_price /Applications/XAMPP/xamppfiles/htdocs/SHOP-ThinkPHP/Application/Runtime/Cache/Admin/3268fbbbd0eb3ffe30140f78ff508f86.php 第 84 行.
INFO: Run Behavior\ParseTemplateBehavior [ RunTime:0.006942s ]
INFO: [ view_parse ] --END-- [ RunTime:0.006981s ]
INFO: [ view_filter ] --START--
INFO: Run Behavior\WriteHtmlCacheBehavior [ RunTime:0.000459s ]
INFO: [ view_filter ] --END-- [ RunTime:0.000513s ]
INFO: [ app_end ] --START--
INFO: Run Behavior\ShowPageTraceBehavior [ RunTime:0.000873s ]
INFO: [ app_end ] --END-- [ RunTime:0.001002s ]

[ 2016-06-06T09:54:46+08:00 ] 127.0.0.1 /index.php/Admin/Goods/goodsList?brand_id=&gn=111&fp=&tp=&ios=&fa=&ta=&odby=id_desc
INFO: [ app_init ] --START--
INFO: Run Behavior\BuildLiteBehavior [ RunTime:0.000010s ]
INFO: [ app_init ] --END-- [ RunTime:0.000230s ]
INFO: [ app_begin ] --START--
INFO: Run Behavior\ReadHtmlCacheBehavior [ RunTime:0.000284s ]
INFO: [ app_begin ] --END-- [ RunTime:0.000317s ]
SQL: SHOW COLUMNS FROM `st_goods` [ RunTime:0.0005s ]
ERR: 1054:Unknown column 'a.goods_name' in 'where clause'
 [ SQL语句 ] : SELECT COUNT(*) AS tp_count FROM `st_goods` WHERE a.goods_name LIKE '%111%' LIMIT 1  
ERR: 1054:Unknown column 'a.goods_name' in 'where clause'
 [ SQL语句 ] : SELECT COUNT(*) AS tp_count FROM `st_goods` WHERE a.goods_name LIKE '%111%' LIMIT 1  

[ 2016-06-06T09:56:22+08:00 ] 127.0.0.1 /index.php/Admin/Goods/goodsList?brand_id=&gn=111&fp=&tp=&ios=&fa=&ta=&odby=id_desc
INFO: [ app_init ] --START--
INFO: Run Behavior\BuildLiteBehavior [ RunTime:0.000014s ]
INFO: [ app_init ] --END-- [ RunTime:0.000266s ]
INFO: [ app_begin ] --START--
INFO: Run Behavior\ReadHtmlCacheBehavior [ RunTime:0.000299s ]
INFO: [ app_begin ] --END-- [ RunTime:0.000329s ]
SQL: SHOW COLUMNS FROM `st_goods` [ RunTime:0.0006s ]
ERR: 1054:Unknown column 'a.goods_name' in 'where clause'
 [ SQL语句 ] : SELECT COUNT(*) AS tp_count FROM `st_goods` WHERE a.goods_name LIKE '%111%' LIMIT 1  
ERR: 1054:Unknown column 'a.goods_name' in 'where clause'
 [ SQL语句 ] : SELECT COUNT(*) AS tp_count FROM `st_goods` WHERE a.goods_name LIKE '%111%' LIMIT 1  

[ 2016-06-06T09:57:03+08:00 ] 127.0.0.1 /index.php/Admin/Goods/goodsList?brand_id=&gn=111&fp=&tp=&ios=&fa=&ta=&odby=id_desc
INFO: [ app_init ] --START--
INFO: Run Behavior\BuildLiteBehavior [ RunTime:0.000012s ]
INFO: [ app_init ] --END-- [ RunTime:0.000223s ]
INFO: [ app_begin ] --START--
INFO: Run Behavior\ReadHtmlCacheBehavior [ RunTime:0.000240s ]
INFO: [ app_begin ] --END-- [ RunTime:0.000267s ]
SQL: SHOW COLUMNS FROM `st_goods` [ RunTime:0.0005s ]
SQL: SELECT COUNT(*) AS tp_count FROM `st_goods` WHERE `goods_name` LIKE '%111%' LIMIT 1   [ RunTime:0.0002s ]
SQL: SELECT a.*,b.brand_name FROM st_goods a LEFT JOIN st_brand b ON a.brand_id=b.id  WHERE `goods_name` LIKE '%111%' ORDER BY a.id desc LIMIT 0,5   [ RunTime:0.0004s ]
INFO: [ view_parse ] --START--
INFO: [ template_filter ] --START--
INFO: Run Behavior\ContentReplaceBehavior [ RunTime:0.000059s ]
INFO: [ template_filter ] --END-- [ RunTime:0.000096s ]
SQL: SHOW COLUMNS FROM `st_brand` [ RunTime:0.0006s ]
SQL: SELECT `id`,`brand_name` FROM `st_brand`  [ RunTime:0.0003s ]
NOTIC: [8] Undefined index: marker_price /Applications/XAMPP/xamppfiles/htdocs/SHOP-ThinkPHP/Application/Runtime/Cache/Admin/3268fbbbd0eb3ffe30140f78ff508f86.php 第 84 行.
INFO: Run Behavior\ParseTemplateBehavior [ RunTime:0.014992s ]
INFO: [ view_parse ] --END-- [ RunTime:0.015028s ]
INFO: [ view_filter ] --START--
INFO: Run Behavior\WriteHtmlCacheBehavior [ RunTime:0.000147s ]
INFO: [ view_filter ] --END-- [ RunTime:0.000178s ]
INFO: [ app_end ] --START--
INFO: Run Behavior\ShowPageTraceBehavior [ RunTime:0.000715s ]
INFO: [ app_end ] --END-- [ RunTime:0.000756s ]

[ 2016-06-06T09:57:46+08:00 ] 127.0.0.1 /index.php/Admin/Goods/goodsList?brand_id=&gn=111&fp=&tp=&ios=&fa=&ta=&odby=id_desc
INFO: [ app_init ] --START--
INFO: Run Behavior\BuildLiteBehavior [ RunTime:0.000008s ]
INFO: [ app_init ] --END-- [ RunTime:0.000202s ]
INFO: [ app_begin ] --START--
INFO: Run Behavior\ReadHtmlCacheBehavior [ RunTime:0.000253s ]
INFO: [ app_begin ] --END-- [ RunTime:0.000280s ]

[ 2016-06-06T09:57:49+08:00 ] 127.0.0.1 /index.php/Admin/Goods/goodsList?brand_id=&gn=111&fp=&tp=&ios=&fa=&ta=&odby=id_desc
INFO: [ app_init ] --START--
INFO: Run Behavior\BuildLiteBehavior [ RunTime:0.000010s ]
INFO: [ app_init ] --END-- [ RunTime:0.000215s ]
INFO: [ app_begin ] --START--
INFO: Run Behavior\ReadHtmlCacheBehavior [ RunTime:0.000244s ]
INFO: [ app_begin ] --END-- [ RunTime:0.000272s ]

[ 2016-06-06T09:58:19+08:00 ] 127.0.0.1 /index.php/Admin/Goods/goodsList?brand_id=&gn=111&fp=&tp=&ios=&fa=&ta=&odby=id_desc
INFO: [ app_init ] --START--
INFO: Run Behavior\BuildLiteBehavior [ RunTime:0.000010s ]
INFO: [ app_init ] --END-- [ RunTime:0.000200s ]
INFO: [ app_begin ] --START--
INFO: Run Behavior\ReadHtmlCacheBehavior [ RunTime:0.000241s ]
INFO: [ app_begin ] --END-- [ RunTime:0.000267s ]
SQL: SHOW COLUMNS FROM `st_goods` [ RunTime:0.0006s ]
SQL: SELECT COUNT(*) AS tp_count FROM `st_goods` WHERE `goods_name` LIKE '%111%' LIMIT 1   [ RunTime:0.0007s ]
SQL: SELECT a.*,b.brand_name FROM st_goods a LEFT JOIN st_brand b ON a.brand_id=b.id  WHERE `goods_name` LIKE '%111%' ORDER BY a.id desc LIMIT 0,5   [ RunTime:0.0005s ]
INFO: [ view_parse ] --START--
INFO: [ template_filter ] --START--
INFO: Run Behavior\ContentReplaceBehavior [ RunTime:0.000044s ]
INFO: [ template_filter ] --END-- [ RunTime:0.000074s ]
SQL: SHOW COLUMNS FROM `st_brand` [ RunTime:0.0008s ]
SQL: SELECT `id`,`brand_name` FROM `st_brand`  [ RunTime:0.0003s ]
NOTIC: [8] Undefined index: marker_price /Applications/XAMPP/xamppfiles/htdocs/SHOP-ThinkPHP/Application/Runtime/Cache/Admin/3268fbbbd0eb3ffe30140f78ff508f86.php 第 84 行.
INFO: Run Behavior\ParseTemplateBehavior [ RunTime:0.014814s ]
INFO: [ view_parse ] --END-- [ RunTime:0.014866s ]
INFO: [ view_filter ] --START--
INFO: Run Behavior\WriteHtmlCacheBehavior [ RunTime:0.000182s ]
INFO: [ view_filter ] --END-- [ RunTime:0.000217s ]
INFO: [ app_end ] --START--
INFO: Run Behavior\ShowPageTraceBehavior [ RunTime:0.000346s ]
INFO: [ app_end ] --END-- [ RunTime:0.000375s ]

[ 2016-06-06T09:58:24+08:00 ] 127.0.0.1 /index.php/Admin/Goods/goodsList?brand_id=&gn=&fp=&tp=&ios=&fa=&ta=&odby=id_desc
INFO: [ app_init ] --START--
INFO: Run Behavior\BuildLiteBehavior [ RunTime:0.000012s ]
INFO: [ app_init ] --END-- [ RunTime:0.000231s ]
INFO: [ app_begin ] --START--
INFO: Run Behavior\ReadHtmlCacheBehavior [ RunTime:0.000245s ]
INFO: [ app_begin ] --END-- [ RunTime:0.000272s ]
SQL: SHOW COLUMNS FROM `st_goods` [ RunTime:0.0005s ]
SQL: SELECT COUNT(*) AS tp_count FROM `st_goods` LIMIT 1   [ RunTime:0.0002s ]
SQL: SELECT a.*,b.brand_name FROM st_goods a LEFT JOIN st_brand b ON a.brand_id=b.id  ORDER BY a.id desc LIMIT 0,5   [ RunTime:0.0004s ]
INFO: [ view_parse ] --START--
INFO: [ template_filter ] --START--
INFO: Run Behavior\ContentReplaceBehavior [ RunTime:0.000153s ]
INFO: [ template_filter ] --END-- [ RunTime:0.000285s ]
SQL: SHOW COLUMNS FROM `st_brand` [ RunTime:0.0007s ]
SQL: SELECT `id`,`brand_name` FROM `st_brand`  [ RunTime:0.0003s ]
NOTIC: [8] Undefined index: marker_price /Applications/XAMPP/xamppfiles/htdocs/SHOP-ThinkPHP/Application/Runtime/Cache/Admin/3268fbbbd0eb3ffe30140f78ff508f86.php 第 84 行.
NOTIC: [8] Undefined index: marker_price /Applications/XAMPP/xamppfiles/htdocs/SHOP-ThinkPHP/Application/Runtime/Cache/Admin/3268fbbbd0eb3ffe30140f78ff508f86.php 第 84 行.
NOTIC: [8] Undefined index: marker_price /Applications/XAMPP/xamppfiles/htdocs/SHOP-ThinkPHP/Application/Runtime/Cache/Admin/3268fbbbd0eb3ffe30140f78ff508f86.php 第 84 行.
NOTIC: [8] Undefined index: marker_price /Applications/XAMPP/xamppfiles/htdocs/SHOP-ThinkPHP/Application/Runtime/Cache/Admin/3268fbbbd0eb3ffe30140f78ff508f86.php 第 84 行.
NOTIC: [8] Undefined index: marker_price /Applications/XAMPP/xamppfiles/htdocs/SHOP-ThinkPHP/Application/Runtime/Cache/Admin/3268fbbbd0eb3ffe30140f78ff508f86.php 第 84 行.
INFO: Run Behavior\ParseTemplateBehavior [ RunTime:0.017135s ]
INFO: [ view_parse ] --END-- [ RunTime:0.017187s ]
INFO: [ view_filter ] --START--
INFO: Run Behavior\WriteHtmlCacheBehavior [ RunTime:0.000213s ]
INFO: [ view_filter ] --END-- [ RunTime:0.000251s ]
INFO: [ app_end ] --START--
INFO: Run Behavior\ShowPageTraceBehavior [ RunTime:0.000890s ]
INFO: [ app_end ] --END-- [ RunTime:0.000990s ]

[ 2016-06-06T09:58:30+08:00 ] 127.0.0.1 /index.php/Admin/Goods/goodsList?brand_id=1%22&gn=&fp=&tp=&ios=&fa=&ta=&odby=id_desc
INFO: [ app_init ] --START--
INFO: Run Behavior\BuildLiteBehavior [ RunTime:0.000010s ]
INFO: [ app_init ] --END-- [ RunTime:0.000201s ]
INFO: [ app_begin ] --START--
INFO: Run Behavior\ReadHtmlCacheBehavior [ RunTime:0.000244s ]
INFO: [ app_begin ] --END-- [ RunTime:0.000270s ]
SQL: SHOW COLUMNS FROM `st_goods` [ RunTime:0.0005s ]
SQL: SELECT COUNT(*) AS tp_count FROM `st_goods` WHERE `brand_id` = '1&quot;' LIMIT 1   [ RunTime:0.0003s ]
SQL: SELECT a.*,b.brand_name FROM st_goods a LEFT JOIN st_brand b ON a.brand_id=b.id  WHERE `brand_id` = '1&quot;' ORDER BY a.id desc LIMIT 0,5   [ RunTime:0.0004s ]
INFO: [ view_parse ] --START--
INFO: [ template_filter ] --START--
INFO: Run Behavior\ContentReplaceBehavior [ RunTime:0.000046s ]
INFO: [ template_filter ] --END-- [ RunTime:0.000079s ]
SQL: SHOW COLUMNS FROM `st_brand` [ RunTime:0.0007s ]
SQL: SELECT `id`,`brand_name` FROM `st_brand`  [ RunTime:0.0006s ]
NOTIC: [8] Undefined index: marker_price /Applications/XAMPP/xamppfiles/htdocs/SHOP-ThinkPHP/Application/Runtime/Cache/Admin/3268fbbbd0eb3ffe30140f78ff508f86.php 第 84 行.
INFO: Run Behavior\ParseTemplateBehavior [ RunTime:0.015297s ]
INFO: [ view_parse ] --END-- [ RunTime:0.015342s ]
INFO: [ view_filter ] --START--
INFO: Run Behavior\WriteHtmlCacheBehavior [ RunTime:0.000212s ]
INFO: [ view_filter ] --END-- [ RunTime:0.000251s ]
INFO: [ app_end ] --START--
INFO: Run Behavior\ShowPageTraceBehavior [ RunTime:0.000494s ]
INFO: [ app_end ] --END-- [ RunTime:0.000538s ]

[ 2016-06-06T10:05:24+08:00 ] 127.0.0.1 /index.php/Admin/Brand/brandList.html
INFO: [ app_init ] --START--
INFO: Run Behavior\BuildLiteBehavior [ RunTime:0.000009s ]
INFO: [ app_init ] --END-- [ RunTime:0.000193s ]
INFO: [ app_begin ] --START--
INFO: Run Behavior\ReadHtmlCacheBehavior [ RunTime:0.000297s ]
INFO: [ app_begin ] --END-- [ RunTime:0.000326s ]
SQL: SHOW COLUMNS FROM `st_brand` [ RunTime:0.0004s ]
SQL: SELECT COUNT(*) AS tp_count FROM `st_brand` LIMIT 1   [ RunTime:0.0002s ]
SQL: SELECT * FROM `st_brand` ORDER BY `id` desc LIMIT 0,5   [ RunTime:0.0002s ]
INFO: [ view_parse ] --START--
INFO: [ template_filter ] --START--
INFO: Run Behavior\ContentReplaceBehavior [ RunTime:0.000048s ]
INFO: [ template_filter ] --END-- [ RunTime:0.000086s ]
INFO: Run Behavior\ParseTemplateBehavior [ RunTime:0.013040s ]
INFO: [ view_parse ] --END-- [ RunTime:0.013111s ]
INFO: [ view_filter ] --START--
INFO: Run Behavior\WriteHtmlCacheBehavior [ RunTime:0.000187s ]
INFO: [ view_filter ] --END-- [ RunTime:0.000234s ]
INFO: [ app_end ] --START--
INFO: Run Behavior\ShowPageTraceBehavior [ RunTime:0.000515s ]
INFO: [ app_end ] --END-- [ RunTime:0.000565s ]

[ 2016-06-06T10:05:31+08:00 ] 127.0.0.1 /index.php/Admin/Brand/brandList.html
INFO: [ app_init ] --START--
INFO: Run Behavior\BuildLiteBehavior [ RunTime:0.000009s ]
INFO: [ app_init ] --END-- [ RunTime:0.000193s ]
INFO: [ app_begin ] --START--
INFO: Run Behavior\ReadHtmlCacheBehavior [ RunTime:0.000284s ]
INFO: [ app_begin ] --END-- [ RunTime:0.000314s ]
SQL: SHOW COLUMNS FROM `st_brand` [ RunTime:0.0004s ]
SQL: SELECT COUNT(*) AS tp_count FROM `st_brand` LIMIT 1   [ RunTime:0.0002s ]
SQL: SELECT * FROM `st_brand` ORDER BY `id` desc LIMIT 0,5   [ RunTime:0.0002s ]
INFO: [ view_parse ] --START--
INFO: [ template_filter ] --START--
INFO: Run Behavior\ContentReplaceBehavior [ RunTime:0.000033s ]
INFO: [ template_filter ] --END-- [ RunTime:0.000063s ]
INFO: Run Behavior\ParseTemplateBehavior [ RunTime:0.003753s ]
INFO: [ view_parse ] --END-- [ RunTime:0.003782s ]
INFO: [ view_filter ] --START--
INFO: Run Behavior\WriteHtmlCacheBehavior [ RunTime:0.000093s ]
INFO: [ view_filter ] --END-- [ RunTime:0.000115s ]
INFO: [ app_end ] --START--
INFO: Run Behavior\ShowPageTraceBehavior [ RunTime:0.000275s ]
INFO: [ app_end ] --END-- [ RunTime:0.000299s ]

[ 2016-06-06T10:05:33+08:00 ] 127.0.0.1 /index.php/Admin/Index/index
INFO: [ app_init ] --START--
INFO: Run Behavior\BuildLiteBehavior [ RunTime:0.000008s ]
INFO: [ app_init ] --END-- [ RunTime:0.000208s ]
INFO: [ app_begin ] --START--
INFO: Run Behavior\ReadHtmlCacheBehavior [ RunTime:0.000262s ]
INFO: [ app_begin ] --END-- [ RunTime:0.000291s ]
INFO: [ view_parse ] --START--
INFO: [ template_filter ] --START--
INFO: Run Behavior\ContentReplaceBehavior [ RunTime:0.000024s ]
INFO: [ template_filter ] --END-- [ RunTime:0.000064s ]
INFO: Run Behavior\ParseTemplateBehavior [ RunTime:0.003588s ]
INFO: [ view_parse ] --END-- [ RunTime:0.003622s ]
INFO: [ view_filter ] --START--
INFO: Run Behavior\WriteHtmlCacheBehavior [ RunTime:0.000099s ]
INFO: [ view_filter ] --END-- [ RunTime:0.000122s ]
INFO: [ app_end ] --START--
INFO: Run Behavior\ShowPageTraceBehavior [ RunTime:0.000297s ]
INFO: [ app_end ] --END-- [ RunTime:0.000324s ]

[ 2016-06-06T10:05:33+08:00 ] 127.0.0.1 /index.php/Admin/Index/main.html
INFO: [ app_init ] --START--
INFO: Run Behavior\BuildLiteBehavior [ RunTime:0.000009s ]
INFO: [ app_init ] --END-- [ RunTime:0.000198s ]
INFO: [ app_begin ] --START--
INFO: Run Behavior\ReadHtmlCacheBehavior [ RunTime:0.000324s ]
INFO: [ app_begin ] --END-- [ RunTime:0.000358s ]
INFO: [ view_parse ] --START--
INFO: [ template_filter ] --START--
INFO: Run Behavior\ContentReplaceBehavior [ RunTime:0.000027s ]
INFO: [ template_filter ] --END-- [ RunTime:0.000067s ]
INFO: Run Behavior\ParseTemplateBehavior [ RunTime:0.004279s ]
INFO: [ view_parse ] --END-- [ RunTime:0.004317s ]
INFO: [ view_filter ] --START--
INFO: Run Behavior\WriteHtmlCacheBehavior [ RunTime:0.000093s ]
INFO: [ view_filter ] --END-- [ RunTime:0.000112s ]
INFO: [ app_end ] --START--
INFO: Run Behavior\ShowPageTraceBehavior [ RunTime:0.000269s ]
INFO: [ app_end ] --END-- [ RunTime:0.000293s ]

[ 2016-06-06T10:05:33+08:00 ] 127.0.0.1 /index.php/Admin/Index/menu.html
INFO: [ app_init ] --START--
INFO: Run Behavior\BuildLiteBehavior [ RunTime:0.000013s ]
INFO: [ app_init ] --END-- [ RunTime:0.000260s ]
INFO: [ app_begin ] --START--
INFO: Run Behavior\ReadHtmlCacheBehavior [ RunTime:0.000293s ]
INFO: [ app_begin ] --END-- [ RunTime:0.000325s ]
INFO: [ view_parse ] --START--
INFO: [ template_filter ] --START--
INFO: Run Behavior\ContentReplaceBehavior [ RunTime:0.000067s ]
INFO: [ template_filter ] --END-- [ RunTime:0.000109s ]
INFO: Run Behavior\ParseTemplateBehavior [ RunTime:0.006178s ]
INFO: [ view_parse ] --END-- [ RunTime:0.006243s ]
INFO: [ view_filter ] --START--
INFO: Run Behavior\WriteHtmlCacheBehavior [ RunTime:0.000115s ]
INFO: [ view_filter ] --END-- [ RunTime:0.000137s ]
INFO: [ app_end ] --START--
INFO: Run Behavior\ShowPageTraceBehavior [ RunTime:0.000383s ]
INFO: [ app_end ] --END-- [ RunTime:0.000430s ]

[ 2016-06-06T10:05:33+08:00 ] 127.0.0.1 /index.php/Admin/Index/top.html
INFO: [ app_init ] --START--
INFO: Run Behavior\BuildLiteBehavior [ RunTime:0.000012s ]
INFO: [ app_init ] --END-- [ RunTime:0.002413s ]
INFO: [ app_begin ] --START--
INFO: Run Behavior\ReadHtmlCacheBehavior [ RunTime:0.000372s ]
INFO: [ app_begin ] --END-- [ RunTime:0.000406s ]
INFO: [ view_parse ] --START--
INFO: [ template_filter ] --START--
INFO: Run Behavior\ContentReplaceBehavior [ RunTime:0.000032s ]
INFO: [ template_filter ] --END-- [ RunTime:0.000074s ]
INFO: Run Behavior\ParseTemplateBehavior [ RunTime:0.004461s ]
INFO: [ view_parse ] --END-- [ RunTime:0.004501s ]
INFO: [ view_filter ] --START--
INFO: Run Behavior\WriteHtmlCacheBehavior [ RunTime:0.000101s ]
INFO: [ view_filter ] --END-- [ RunTime:0.000122s ]
INFO: [ app_end ] --START--
INFO: Run Behavior\ShowPageTraceBehavior [ RunTime:0.000279s ]
INFO: [ app_end ] --END-- [ RunTime:0.000303s ]

[ 2016-06-06T10:05:33+08:00 ] 127.0.0.1 /index.php/Admin/Index/Js/global.js
INFO: [ app_init ] --START--
INFO: Run Behavior\BuildLiteBehavior [ RunTime:0.000012s ]
INFO: [ app_init ] --END-- [ RunTime:0.000237s ]
INFO: [ app_begin ] --START--
INFO: Run Behavior\ReadHtmlCacheBehavior [ RunTime:0.000261s ]
INFO: [ app_begin ] --END-- [ RunTime:0.000291s ]
ERR: 非法操作:Js

[ 2016-06-06T10:05:33+08:00 ] 127.0.0.1 /index.php/Admin/Index/Js/utils.js
INFO: [ app_init ] --START--
INFO: Run Behavior\BuildLiteBehavior [ RunTime:0.000012s ]
INFO: [ app_init ] --END-- [ RunTime:0.000286s ]
INFO: [ app_begin ] --START--
INFO: Run Behavior\ReadHtmlCacheBehavior [ RunTime:0.000390s ]
INFO: [ app_begin ] --END-- [ RunTime:0.000436s ]
ERR: 非法操作:Js

[ 2016-06-06T10:05:33+08:00 ] 127.0.0.1 /index.php/Admin/Index/Js/transport.js
INFO: [ app_init ] --START--
INFO: Run Behavior\BuildLiteBehavior [ RunTime:0.000014s ]
INFO: [ app_init ] --END-- [ RunTime:0.000269s ]
INFO: [ app_begin ] --START--
INFO: Run Behavior\ReadHtmlCacheBehavior [ RunTime:0.000288s ]
INFO: [ app_begin ] --END-- [ RunTime:0.000318s ]
ERR: 非法操作:Js

[ 2016-06-06T10:05:38+08:00 ] 127.0.0.1 /index.php/Admin/Index/userList.html
INFO: [ app_init ] --START--
INFO: Run Behavior\BuildLiteBehavior [ RunTime:0.000008s ]
INFO: [ app_init ] --END-- [ RunTime:0.000213s ]
INFO: [ app_begin ] --START--
INFO: Run Behavior\ReadHtmlCacheBehavior [ RunTime:0.000266s ]
INFO: [ app_begin ] --END-- [ RunTime:0.000296s ]
ERR: 非法操作:userList

[ 2016-06-06T10:05:40+08:00 ] 127.0.0.1 /index.php/Admin/Index/userAdd.html
INFO: [ app_init ] --START--
INFO: Run Behavior\BuildLiteBehavior [ RunTime:0.000009s ]
INFO: [ app_init ] --END-- [ RunTime:0.000224s ]
INFO: [ app_begin ] --START--
INFO: Run Behavior\ReadHtmlCacheBehavior [ RunTime:0.000286s ]
INFO: [ app_begin ] --END-- [ RunTime:0.000317s ]
ERR: 非法操作:userAdd

[ 2016-06-06T10:05:41+08:00 ] 127.0.0.1 /index.php/Admin/Index/userMessage.html
INFO: [ app_init ] --START--
INFO: Run Behavior\BuildLiteBehavior [ RunTime:0.000010s ]
INFO: [ app_init ] --END-- [ RunTime:0.000224s ]
INFO: [ app_begin ] --START--
INFO: Run Behavior\ReadHtmlCacheBehavior [ RunTime:0.000307s ]
INFO: [ app_begin ] --END-- [ RunTime:0.000337s ]
ERR: 非法操作:userMessage

[ 2016-06-06T10:06:07+08:00 ] 127.0.0.1 /index.php/Admin/Index/userList.html
INFO: [ app_init ] --START--
INFO: Run Behavior\BuildLiteBehavior [ RunTime:0.000013s ]
INFO: [ app_init ] --END-- [ RunTime:0.000250s ]
INFO: [ app_begin ] --START--
INFO: Run Behavior\ReadHtmlCacheBehavior [ RunTime:0.000271s ]
INFO: [ app_begin ] --END-- [ RunTime:0.000299s ]
ERR: 非法操作:userList

