[ 2016-06-10T22:31:09+08:00 ] 127.0.0.1 /index.php/Admin/Goods/goodsList.html
INFO: [ app_init ] --START--
INFO: Run Behavior\BuildLiteBehavior [ RunTime:0.000009s ]
INFO: [ app_init ] --END-- [ RunTime:0.000209s ]
INFO: [ app_begin ] --START--
INFO: Run Behavior\ReadHtmlCacheBehavior [ RunTime:0.000268s ]
INFO: [ app_begin ] --END-- [ RunTime:0.000298s ]
SQL: SHOW COLUMNS FROM `st_goods` [ RunTime:0.0006s ]
SQL: SELECT COUNT(*) AS tp_count FROM st_goods a LIMIT 1   [ RunTime:0.0003s ]
SQL: SELECT a.*,b.brand_name,c.cat_name,GROUP_CONCAT(e.cat_name SEPARATOR "<br />") ext_cat_name FROM st_goods a LEFT JOIN st_brand b ON a.brand_id=b.id 
				LEFT JOIN st_category c ON a.cat_id=c.id
				LEFT JOIN st_goods_cat d ON a.id=d.goods_id
				LEFT JOIN st_category e ON d.cat_id=e.id  GROUP BY a.id ORDER BY a.id desc LIMIT 0,5   [ RunTime:0.0024s ]
NOTIC: [2048] Declaration of Admin\Model\CategoryModel::_before_delete() should be compatible with Think\Model::_before_delete($options) /Applications/XAMPP/xamppfiles/htdocs/SHOP-ThinkPHP/Application/Admin/Model/CategoryModel.class.php 第 67 行.
SQL: SHOW COLUMNS FROM `st_category` [ RunTime:0.0005s ]
SQL: SELECT * FROM `st_category`  [ RunTime:0.0003s ]
INFO: [ view_parse ] --START--
INFO: [ template_filter ] --START--
INFO: Run Behavior\ContentReplaceBehavior [ RunTime:0.000083s ]
INFO: [ template_filter ] --END-- [ RunTime:0.000134s ]
SQL: SHOW COLUMNS FROM `st_brand` [ RunTime:0.0004s ]
SQL: SELECT `id`,`brand_name` FROM `st_brand`  [ RunTime:0.0002s ]
INFO: Run Behavior\ParseTemplateBehavior [ RunTime:0.014824s ]
INFO: [ view_parse ] --END-- [ RunTime:0.014858s ]
INFO: [ view_filter ] --START--
INFO: Run Behavior\WriteHtmlCacheBehavior [ RunTime:0.000144s ]
INFO: [ view_filter ] --END-- [ RunTime:0.000165s ]
INFO: [ app_end ] --START--
INFO: Run Behavior\ShowPageTraceBehavior [ RunTime:0.000421s ]
INFO: [ app_end ] --END-- [ RunTime:0.000454s ]

[ 2016-06-10T22:31:11+08:00 ] 127.0.0.1 /index.php/Admin/Goods/goodsList.html
INFO: [ app_init ] --START--
INFO: Run Behavior\BuildLiteBehavior [ RunTime:0.000013s ]
INFO: [ app_init ] --END-- [ RunTime:0.000226s ]
INFO: [ app_begin ] --START--
INFO: Run Behavior\ReadHtmlCacheBehavior [ RunTime:0.000256s ]
INFO: [ app_begin ] --END-- [ RunTime:0.000283s ]
SQL: SHOW COLUMNS FROM `st_goods` [ RunTime:0.0005s ]
SQL: SELECT COUNT(*) AS tp_count FROM st_goods a LIMIT 1   [ RunTime:0.0002s ]
SQL: SELECT a.*,b.brand_name,c.cat_name,GROUP_CONCAT(e.cat_name SEPARATOR "<br />") ext_cat_name FROM st_goods a LEFT JOIN st_brand b ON a.brand_id=b.id 
				LEFT JOIN st_category c ON a.cat_id=c.id
				LEFT JOIN st_goods_cat d ON a.id=d.goods_id
				LEFT JOIN st_category e ON d.cat_id=e.id  GROUP BY a.id ORDER BY a.id desc LIMIT 0,5   [ RunTime:0.0014s ]
NOTIC: [2048] Declaration of Admin\Model\CategoryModel::_before_delete() should be compatible with Think\Model::_before_delete($options) /Applications/XAMPP/xamppfiles/htdocs/SHOP-ThinkPHP/Application/Admin/Model/CategoryModel.class.php 第 67 行.
SQL: SHOW COLUMNS FROM `st_category` [ RunTime:0.0004s ]
SQL: SELECT * FROM `st_category`  [ RunTime:0.0003s ]
INFO: [ view_parse ] --START--
INFO: [ template_filter ] --START--
INFO: Run Behavior\ContentReplaceBehavior [ RunTime:0.000042s ]
INFO: [ template_filter ] --END-- [ RunTime:0.000076s ]
SQL: SHOW COLUMNS FROM `st_brand` [ RunTime:0.0007s ]
SQL: SELECT `id`,`brand_name` FROM `st_brand`  [ RunTime:0.0003s ]
INFO: Run Behavior\ParseTemplateBehavior [ RunTime:0.016186s ]
INFO: [ view_parse ] --END-- [ RunTime:0.016244s ]
INFO: [ view_filter ] --START--
INFO: Run Behavior\WriteHtmlCacheBehavior [ RunTime:0.000322s ]
INFO: [ view_filter ] --END-- [ RunTime:0.000361s ]
INFO: [ app_end ] --START--
INFO: Run Behavior\ShowPageTraceBehavior [ RunTime:0.000766s ]
INFO: [ app_end ] --END-- [ RunTime:0.000887s ]

[ 2016-06-10T22:31:13+08:00 ] 127.0.0.1 /index.php/Admin/Goods/goods_number.html
INFO: [ app_init ] --START--
INFO: Run Behavior\BuildLiteBehavior [ RunTime:0.000013s ]
INFO: [ app_init ] --END-- [ RunTime:0.000246s ]
INFO: [ app_begin ] --START--
INFO: Run Behavior\ReadHtmlCacheBehavior [ RunTime:0.000323s ]
INFO: [ app_begin ] --END-- [ RunTime:0.000353s ]
SQL: SHOW COLUMNS FROM `st_goods_attr` [ RunTime:0.0004s ]
SQL: SELECT * FROM st_goods_attr a LEFT JOIN st_attribute b ON a.attr_id=b.id  WHERE a.goods_id = '' AND b.attr_type = '可选'  [ RunTime:0.0004s ]

[ 2016-06-10T22:31:55+08:00 ] 127.0.0.1 /index.php/Admin/Goods/goodsEdit/id/35.html
INFO: [ app_init ] --START--
INFO: Run Behavior\BuildLiteBehavior [ RunTime:0.000014s ]
INFO: [ app_init ] --END-- [ RunTime:0.000270s ]
INFO: [ app_begin ] --START--
INFO: Run Behavior\ReadHtmlCacheBehavior [ RunTime:0.000292s ]
INFO: [ app_begin ] --END-- [ RunTime:0.000326s ]
SQL: SHOW COLUMNS FROM `st_goods` [ RunTime:0.0006s ]
SQL: SELECT * FROM `st_goods` WHERE `id` = 35 LIMIT 1   [ RunTime:0.0003s ]
SQL: SHOW COLUMNS FROM `st_member_level` [ RunTime:0.0005s ]
SQL: SELECT * FROM `st_member_level`  [ RunTime:0.0002s ]
SQL: SHOW COLUMNS FROM `st_member_price` [ RunTime:0.0004s ]
SQL: SELECT * FROM `st_member_price` WHERE `goods_id` = '35'  [ RunTime:0.0003s ]
SQL: SHOW COLUMNS FROM `st_goods_pic` [ RunTime:0.0005s ]
SQL: SELECT `id`,`mid_pic` FROM `st_goods_pic` WHERE `goods_id` = '35'  [ RunTime:0.0004s ]
NOTIC: [2048] Declaration of Admin\Model\CategoryModel::_before_delete() should be compatible with Think\Model::_before_delete($options) /Applications/XAMPP/xamppfiles/htdocs/SHOP-ThinkPHP/Application/Admin/Model/CategoryModel.class.php 第 67 行.
SQL: SHOW COLUMNS FROM `st_category` [ RunTime:0.0004s ]
SQL: SELECT * FROM `st_category`  [ RunTime:0.0002s ]
SQL: SHOW COLUMNS FROM `st_goods_cat` [ RunTime:0.0004s ]
SQL: SELECT * FROM `st_goods_cat` WHERE `goods_id` = '35'  [ RunTime:0.0003s ]
SQL: SHOW COLUMNS FROM `st_attribute` [ RunTime:0.0005s ]
SQL: SELECT a.id attr_id,a.attr_name,a.attr_type,a.attr_option_values,b.attr_value,b.id FROM st_attribute a LEFT JOIN st_goods_attr b ON  (a.id=b.attr_id AND b.goods_id=35)  WHERE a.type_id = '2'  [ RunTime:0.0005s ]
INFO: [ view_parse ] --START--
INFO: [ template_filter ] --START--
INFO: Run Behavior\ContentReplaceBehavior [ RunTime:0.000101s ]
INFO: [ template_filter ] --END-- [ RunTime:0.000144s ]
NOTIC: [8] Use of undefined constant id - assumed 'id' /Applications/XAMPP/xamppfiles/htdocs/SHOP-ThinkPHP/Application/Runtime/Cache/Admin/0e125bb82ed4be6babd13ef7b7a1626c.php 第 47 行.
NOTIC: [8] Use of undefined constant id - assumed 'id' /Applications/XAMPP/xamppfiles/htdocs/SHOP-ThinkPHP/Application/Runtime/Cache/Admin/0e125bb82ed4be6babd13ef7b7a1626c.php 第 47 行.
NOTIC: [8] Use of undefined constant id - assumed 'id' /Applications/XAMPP/xamppfiles/htdocs/SHOP-ThinkPHP/Application/Runtime/Cache/Admin/0e125bb82ed4be6babd13ef7b7a1626c.php 第 47 行.
NOTIC: [8] Use of undefined constant id - assumed 'id' /Applications/XAMPP/xamppfiles/htdocs/SHOP-ThinkPHP/Application/Runtime/Cache/Admin/0e125bb82ed4be6babd13ef7b7a1626c.php 第 47 行.
NOTIC: [8] Use of undefined constant id - assumed 'id' /Applications/XAMPP/xamppfiles/htdocs/SHOP-ThinkPHP/Application/Runtime/Cache/Admin/0e125bb82ed4be6babd13ef7b7a1626c.php 第 47 行.
NOTIC: [8] Use of undefined constant id - assumed 'id' /Applications/XAMPP/xamppfiles/htdocs/SHOP-ThinkPHP/Application/Runtime/Cache/Admin/0e125bb82ed4be6babd13ef7b7a1626c.php 第 47 行.
NOTIC: [8] Use of undefined constant id - assumed 'id' /Applications/XAMPP/xamppfiles/htdocs/SHOP-ThinkPHP/Application/Runtime/Cache/Admin/0e125bb82ed4be6babd13ef7b7a1626c.php 第 47 行.
NOTIC: [8] Use of undefined constant id - assumed 'id' /Applications/XAMPP/xamppfiles/htdocs/SHOP-ThinkPHP/Application/Runtime/Cache/Admin/0e125bb82ed4be6babd13ef7b7a1626c.php 第 47 行.
NOTIC: [8] Use of undefined constant id - assumed 'id' /Applications/XAMPP/xamppfiles/htdocs/SHOP-ThinkPHP/Application/Runtime/Cache/Admin/0e125bb82ed4be6babd13ef7b7a1626c.php 第 47 行.
NOTIC: [8] Use of undefined constant id - assumed 'id' /Applications/XAMPP/xamppfiles/htdocs/SHOP-ThinkPHP/Application/Runtime/Cache/Admin/0e125bb82ed4be6babd13ef7b7a1626c.php 第 47 行.
NOTIC: [8] Use of undefined constant id - assumed 'id' /Applications/XAMPP/xamppfiles/htdocs/SHOP-ThinkPHP/Application/Runtime/Cache/Admin/0e125bb82ed4be6babd13ef7b7a1626c.php 第 47 行.
NOTIC: [8] Use of undefined constant id - assumed 'id' /Applications/XAMPP/xamppfiles/htdocs/SHOP-ThinkPHP/Application/Runtime/Cache/Admin/0e125bb82ed4be6babd13ef7b7a1626c.php 第 47 行.
NOTIC: [8] Use of undefined constant id - assumed 'id' /Applications/XAMPP/xamppfiles/htdocs/SHOP-ThinkPHP/Application/Runtime/Cache/Admin/0e125bb82ed4be6babd13ef7b7a1626c.php 第 47 行.
NOTIC: [8] Use of undefined constant id - assumed 'id' /Applications/XAMPP/xamppfiles/htdocs/SHOP-ThinkPHP/Application/Runtime/Cache/Admin/0e125bb82ed4be6babd13ef7b7a1626c.php 第 47 行.
NOTIC: [8] Use of undefined constant id - assumed 'id' /Applications/XAMPP/xamppfiles/htdocs/SHOP-ThinkPHP/Application/Runtime/Cache/Admin/0e125bb82ed4be6babd13ef7b7a1626c.php 第 47 行.
NOTIC: [8] Use of undefined constant id - assumed 'id' /Applications/XAMPP/xamppfiles/htdocs/SHOP-ThinkPHP/Application/Runtime/Cache/Admin/0e125bb82ed4be6babd13ef7b7a1626c.php 第 47 行.
NOTIC: [8] Use of undefined constant id - assumed 'id' /Applications/XAMPP/xamppfiles/htdocs/SHOP-ThinkPHP/Application/Runtime/Cache/Admin/0e125bb82ed4be6babd13ef7b7a1626c.php 第 47 行.
NOTIC: [8] Use of undefined constant id - assumed 'id' /Applications/XAMPP/xamppfiles/htdocs/SHOP-ThinkPHP/Application/Runtime/Cache/Admin/0e125bb82ed4be6babd13ef7b7a1626c.php 第 47 行.
NOTIC: [8] Use of undefined constant id - assumed 'id' /Applications/XAMPP/xamppfiles/htdocs/SHOP-ThinkPHP/Application/Runtime/Cache/Admin/0e125bb82ed4be6babd13ef7b7a1626c.php 第 47 行.
NOTIC: [8] Use of undefined constant id - assumed 'id' /Applications/XAMPP/xamppfiles/htdocs/SHOP-ThinkPHP/Application/Runtime/Cache/Admin/0e125bb82ed4be6babd13ef7b7a1626c.php 第 47 行.
NOTIC: [8] Use of undefined constant id - assumed 'id' /Applications/XAMPP/xamppfiles/htdocs/SHOP-ThinkPHP/Application/Runtime/Cache/Admin/0e125bb82ed4be6babd13ef7b7a1626c.php 第 47 行.
NOTIC: [8] Use of undefined constant id - assumed 'id' /Applications/XAMPP/xamppfiles/htdocs/SHOP-ThinkPHP/Application/Runtime/Cache/Admin/0e125bb82ed4be6babd13ef7b7a1626c.php 第 47 行.
NOTIC: [8] Use of undefined constant id - assumed 'id' /Applications/XAMPP/xamppfiles/htdocs/SHOP-ThinkPHP/Application/Runtime/Cache/Admin/0e125bb82ed4be6babd13ef7b7a1626c.php 第 47 行.
NOTIC: [8] Use of undefined constant id - assumed 'id' /Applications/XAMPP/xamppfiles/htdocs/SHOP-ThinkPHP/Application/Runtime/Cache/Admin/0e125bb82ed4be6babd13ef7b7a1626c.php 第 47 行.
NOTIC: [8] Use of undefined constant id - assumed 'id' /Applications/XAMPP/xamppfiles/htdocs/SHOP-ThinkPHP/Application/Runtime/Cache/Admin/0e125bb82ed4be6babd13ef7b7a1626c.php 第 47 行.
SQL: SHOW COLUMNS FROM `st_brand` [ RunTime:0.0005s ]
SQL: SELECT `id`,`brand_name` FROM `st_brand`  [ RunTime:0.0002s ]
NOTIC: [8] Undefined index: mid_logo /Applications/XAMPP/xamppfiles/htdocs/SHOP-ThinkPHP/Application/Runtime/Cache/Admin/0e125bb82ed4be6babd13ef7b7a1626c.php 第 97 行.
NOTIC: [8] Undefined offset: 1 /Applications/XAMPP/xamppfiles/htdocs/SHOP-ThinkPHP/Application/Runtime/Cache/Admin/0e125bb82ed4be6babd13ef7b7a1626c.php 第 138 行.
NOTIC: [8] Undefined offset: 2 /Applications/XAMPP/xamppfiles/htdocs/SHOP-ThinkPHP/Application/Runtime/Cache/Admin/0e125bb82ed4be6babd13ef7b7a1626c.php 第 138 行.
NOTIC: [8] Undefined offset: 3 /Applications/XAMPP/xamppfiles/htdocs/SHOP-ThinkPHP/Application/Runtime/Cache/Admin/0e125bb82ed4be6babd13ef7b7a1626c.php 第 138 行.
NOTIC: [8] Undefined offset: 4 /Applications/XAMPP/xamppfiles/htdocs/SHOP-ThinkPHP/Application/Runtime/Cache/Admin/0e125bb82ed4be6babd13ef7b7a1626c.php 第 138 行.
SQL: SHOW COLUMNS FROM `st_type` [ RunTime:0.0006s ]
SQL: SELECT `id`,`type_name` FROM `st_type`  [ RunTime:0.0002s ]
INFO: Run Behavior\ParseTemplateBehavior [ RunTime:0.010853s ]
INFO: [ view_parse ] --END-- [ RunTime:0.010888s ]
INFO: [ view_filter ] --START--
INFO: Run Behavior\WriteHtmlCacheBehavior [ RunTime:0.000169s ]
INFO: [ view_filter ] --END-- [ RunTime:0.000192s ]
INFO: [ app_end ] --START--
INFO: Run Behavior\ShowPageTraceBehavior [ RunTime:0.000783s ]
INFO: [ app_end ] --END-- [ RunTime:0.001018s ]

[ 2016-06-10T22:31:55+08:00 ] 127.0.0.1 /index.php/Admin/Goods/goodsEdit/id/%3Cimg%20%20%20src='/Public/Uploads/'%20/%3E
INFO: [ app_init ] --START--
INFO: Run Behavior\BuildLiteBehavior [ RunTime:0.000010s ]
INFO: [ app_init ] --END-- [ RunTime:0.000217s ]
INFO: [ app_begin ] --START--
INFO: Run Behavior\ReadHtmlCacheBehavior [ RunTime:0.000261s ]
INFO: [ app_begin ] --END-- [ RunTime:0.000290s ]
SQL: SHOW COLUMNS FROM `st_goods` [ RunTime:0.0005s ]
SQL: SELECT * FROM `st_goods` WHERE `id` = 0 LIMIT 1   [ RunTime:0.0003s ]
SQL: SHOW COLUMNS FROM `st_member_level` [ RunTime:0.0004s ]
SQL: SELECT * FROM `st_member_level`  [ RunTime:0.0002s ]
SQL: SHOW COLUMNS FROM `st_member_price` [ RunTime:0.0003s ]
SQL: SELECT * FROM `st_member_price` WHERE `goods_id` = ''  [ RunTime:0.0002s ]
SQL: SHOW COLUMNS FROM `st_goods_pic` [ RunTime:0.0004s ]
SQL: SELECT `id`,`mid_pic` FROM `st_goods_pic` WHERE `goods_id` = ''  [ RunTime:0.0002s ]
NOTIC: [2048] Declaration of Admin\Model\CategoryModel::_before_delete() should be compatible with Think\Model::_before_delete($options) /Applications/XAMPP/xamppfiles/htdocs/SHOP-ThinkPHP/Application/Admin/Model/CategoryModel.class.php 第 67 行.
SQL: SHOW COLUMNS FROM `st_category` [ RunTime:0.0005s ]
SQL: SELECT * FROM `st_category`  [ RunTime:0.0002s ]
SQL: SHOW COLUMNS FROM `st_goods_cat` [ RunTime:0.0004s ]
SQL: SELECT * FROM `st_goods_cat` WHERE `goods_id` = ''  [ RunTime:0.0002s ]
SQL: SHOW COLUMNS FROM `st_attribute` [ RunTime:0.0004s ]
ERR: 1064:You have an error in your SQL syntax; check the manual that corresponds to your MySQL server version for the right syntax to use near ')  WHERE a.type_id = null' at line 1
 [ SQL语句 ] : SELECT a.id attr_id,a.attr_name,a.attr_type,a.attr_option_values,b.attr_value,b.id FROM st_attribute a LEFT JOIN st_goods_attr b ON  (a.id=b.attr_id AND b.goods_id=)  WHERE a.type_id = null 
ERR: 1064:You have an error in your SQL syntax; check the manual that corresponds to your MySQL server version for the right syntax to use near ')  WHERE a.type_id = null' at line 1
 [ SQL语句 ] : SELECT a.id attr_id,a.attr_name,a.attr_type,a.attr_option_values,b.attr_value,b.id FROM st_attribute a LEFT JOIN st_goods_attr b ON  (a.id=b.attr_id AND b.goods_id=)  WHERE a.type_id = null 

[ 2016-06-10T22:31:58+08:00 ] 127.0.0.1 /index.php/Admin/Goods/goodsList.html
INFO: [ app_init ] --START--
INFO: Run Behavior\BuildLiteBehavior [ RunTime:0.000010s ]
INFO: [ app_init ] --END-- [ RunTime:0.000200s ]
INFO: [ app_begin ] --START--
INFO: Run Behavior\ReadHtmlCacheBehavior [ RunTime:0.000245s ]
INFO: [ app_begin ] --END-- [ RunTime:0.000271s ]
SQL: SHOW COLUMNS FROM `st_goods` [ RunTime:0.0005s ]
SQL: SELECT COUNT(*) AS tp_count FROM st_goods a LIMIT 1   [ RunTime:0.0002s ]
SQL: SELECT a.*,b.brand_name,c.cat_name,GROUP_CONCAT(e.cat_name SEPARATOR "<br />") ext_cat_name FROM st_goods a LEFT JOIN st_brand b ON a.brand_id=b.id 
				LEFT JOIN st_category c ON a.cat_id=c.id
				LEFT JOIN st_goods_cat d ON a.id=d.goods_id
				LEFT JOIN st_category e ON d.cat_id=e.id  GROUP BY a.id ORDER BY a.id desc LIMIT 0,5   [ RunTime:0.0009s ]
NOTIC: [2048] Declaration of Admin\Model\CategoryModel::_before_delete() should be compatible with Think\Model::_before_delete($options) /Applications/XAMPP/xamppfiles/htdocs/SHOP-ThinkPHP/Application/Admin/Model/CategoryModel.class.php 第 67 行.
SQL: SHOW COLUMNS FROM `st_category` [ RunTime:0.0003s ]
SQL: SELECT * FROM `st_category`  [ RunTime:0.0002s ]
INFO: [ view_parse ] --START--
INFO: [ template_filter ] --START--
INFO: Run Behavior\ContentReplaceBehavior [ RunTime:0.000042s ]
INFO: [ template_filter ] --END-- [ RunTime:0.000083s ]
SQL: SHOW COLUMNS FROM `st_brand` [ RunTime:0.0007s ]
SQL: SELECT `id`,`brand_name` FROM `st_brand`  [ RunTime:0.0005s ]
INFO: Run Behavior\ParseTemplateBehavior [ RunTime:0.016154s ]
INFO: [ view_parse ] --END-- [ RunTime:0.016228s ]
INFO: [ view_filter ] --START--
INFO: Run Behavior\WriteHtmlCacheBehavior [ RunTime:0.000298s ]
INFO: [ view_filter ] --END-- [ RunTime:0.000347s ]
INFO: [ app_end ] --START--
INFO: Run Behavior\ShowPageTraceBehavior [ RunTime:0.000670s ]
INFO: [ app_end ] --END-- [ RunTime:0.000742s ]

[ 2016-06-10T22:31:59+08:00 ] 127.0.0.1 /index.php/Admin/Goods/goods_number.html
INFO: [ app_init ] --START--
INFO: Run Behavior\BuildLiteBehavior [ RunTime:0.000009s ]
INFO: [ app_init ] --END-- [ RunTime:0.000211s ]
INFO: [ app_begin ] --START--
INFO: Run Behavior\ReadHtmlCacheBehavior [ RunTime:0.000269s ]
INFO: [ app_begin ] --END-- [ RunTime:0.000299s ]
SQL: SHOW COLUMNS FROM `st_goods_attr` [ RunTime:0.0005s ]
SQL: SELECT * FROM st_goods_attr a LEFT JOIN st_attribute b ON a.attr_id=b.id  WHERE a.goods_id = '' AND b.attr_type = '可选'  [ RunTime:0.0004s ]

[ 2016-06-10T22:33:06+08:00 ] 127.0.0.1 /index.php/Admin/Goods/goods_number.html
INFO: [ app_init ] --START--
INFO: Run Behavior\BuildLiteBehavior [ RunTime:0.000008s ]
INFO: [ app_init ] --END-- [ RunTime:0.000199s ]
INFO: [ app_begin ] --START--
INFO: Run Behavior\ReadHtmlCacheBehavior [ RunTime:0.000243s ]
INFO: [ app_begin ] --END-- [ RunTime:0.000270s ]
SQL: SHOW COLUMNS FROM `st_goods_attr` [ RunTime:0.0004s ]
SQL: SELECT * FROM st_goods_attr a LEFT JOIN st_attribute b ON a.attr_id=b.id  WHERE a.goods_id = '' AND b.attr_type = '可选'  [ RunTime:0.0003s ]

[ 2016-06-10T22:33:12+08:00 ] 127.0.0.1 /index.php/Admin/Goods/goodsList.html
INFO: [ app_init ] --START--
INFO: Run Behavior\BuildLiteBehavior [ RunTime:0.000012s ]
INFO: [ app_init ] --END-- [ RunTime:0.000282s ]
INFO: [ app_begin ] --START--
INFO: Run Behavior\ReadHtmlCacheBehavior [ RunTime:0.000301s ]
INFO: [ app_begin ] --END-- [ RunTime:0.000331s ]
SQL: SHOW COLUMNS FROM `st_goods` [ RunTime:0.0006s ]
SQL: SELECT COUNT(*) AS tp_count FROM st_goods a LIMIT 1   [ RunTime:0.0002s ]
SQL: SELECT a.*,b.brand_name,c.cat_name,GROUP_CONCAT(e.cat_name SEPARATOR "<br />") ext_cat_name FROM st_goods a LEFT JOIN st_brand b ON a.brand_id=b.id 
				LEFT JOIN st_category c ON a.cat_id=c.id
				LEFT JOIN st_goods_cat d ON a.id=d.goods_id
				LEFT JOIN st_category e ON d.cat_id=e.id  GROUP BY a.id ORDER BY a.id desc LIMIT 0,5   [ RunTime:0.0010s ]
NOTIC: [2048] Declaration of Admin\Model\CategoryModel::_before_delete() should be compatible with Think\Model::_before_delete($options) /Applications/XAMPP/xamppfiles/htdocs/SHOP-ThinkPHP/Application/Admin/Model/CategoryModel.class.php 第 67 行.
SQL: SHOW COLUMNS FROM `st_category` [ RunTime:0.0003s ]
SQL: SELECT * FROM `st_category`  [ RunTime:0.0002s ]
INFO: [ view_parse ] --START--
INFO: [ template_filter ] --START--
INFO: Run Behavior\ContentReplaceBehavior [ RunTime:0.000041s ]
INFO: [ template_filter ] --END-- [ RunTime:0.000076s ]
SQL: SHOW COLUMNS FROM `st_brand` [ RunTime:0.0007s ]
SQL: SELECT `id`,`brand_name` FROM `st_brand`  [ RunTime:0.0003s ]
INFO: Run Behavior\ParseTemplateBehavior [ RunTime:0.016135s ]
INFO: [ view_parse ] --END-- [ RunTime:0.016184s ]
INFO: [ view_filter ] --START--
INFO: Run Behavior\WriteHtmlCacheBehavior [ RunTime:0.000209s ]
INFO: [ view_filter ] --END-- [ RunTime:0.000245s ]
INFO: [ app_end ] --START--
INFO: Run Behavior\ShowPageTraceBehavior [ RunTime:0.000669s ]
INFO: [ app_end ] --END-- [ RunTime:0.000731s ]

[ 2016-06-10T22:33:14+08:00 ] 127.0.0.1 /index.php/Admin/Goods/goods_number.html
INFO: [ app_init ] --START--
INFO: Run Behavior\BuildLiteBehavior [ RunTime:0.000010s ]
INFO: [ app_init ] --END-- [ RunTime:0.000214s ]
INFO: [ app_begin ] --START--
INFO: Run Behavior\ReadHtmlCacheBehavior [ RunTime:0.000266s ]
INFO: [ app_begin ] --END-- [ RunTime:0.000295s ]
SQL: SHOW COLUMNS FROM `st_goods_attr` [ RunTime:0.0008s ]
SQL: SELECT * FROM st_goods_attr a LEFT JOIN st_attribute b ON a.attr_id=b.id  WHERE a.goods_id = '' AND b.attr_type = '可选'  [ RunTime:0.0004s ]

[ 2016-06-10T22:33:19+08:00 ] 127.0.0.1 /index.php/Admin/Goods/goodsEdit/id/35.html
INFO: [ app_init ] --START--
INFO: Run Behavior\BuildLiteBehavior [ RunTime:0.000010s ]
INFO: [ app_init ] --END-- [ RunTime:0.000224s ]
INFO: [ app_begin ] --START--
INFO: Run Behavior\ReadHtmlCacheBehavior [ RunTime:0.000255s ]
INFO: [ app_begin ] --END-- [ RunTime:0.000282s ]
SQL: SHOW COLUMNS FROM `st_goods` [ RunTime:0.0005s ]
SQL: SELECT * FROM `st_goods` WHERE `id` = 35 LIMIT 1   [ RunTime:0.0003s ]
SQL: SHOW COLUMNS FROM `st_member_level` [ RunTime:0.0004s ]
SQL: SELECT * FROM `st_member_level`  [ RunTime:0.0002s ]
SQL: SHOW COLUMNS FROM `st_member_price` [ RunTime:0.0004s ]
SQL: SELECT * FROM `st_member_price` WHERE `goods_id` = '35'  [ RunTime:0.0002s ]
SQL: SHOW COLUMNS FROM `st_goods_pic` [ RunTime:0.0004s ]
SQL: SELECT `id`,`mid_pic` FROM `st_goods_pic` WHERE `goods_id` = '35'  [ RunTime:0.0002s ]
NOTIC: [2048] Declaration of Admin\Model\CategoryModel::_before_delete() should be compatible with Think\Model::_before_delete($options) /Applications/XAMPP/xamppfiles/htdocs/SHOP-ThinkPHP/Application/Admin/Model/CategoryModel.class.php 第 67 行.
SQL: SHOW COLUMNS FROM `st_category` [ RunTime:0.0004s ]
SQL: SELECT * FROM `st_category`  [ RunTime:0.0002s ]
SQL: SHOW COLUMNS FROM `st_goods_cat` [ RunTime:0.0004s ]
SQL: SELECT * FROM `st_goods_cat` WHERE `goods_id` = '35'  [ RunTime:0.0003s ]
SQL: SHOW COLUMNS FROM `st_attribute` [ RunTime:0.0004s ]
SQL: SELECT a.id attr_id,a.attr_name,a.attr_type,a.attr_option_values,b.attr_value,b.id FROM st_attribute a LEFT JOIN st_goods_attr b ON  (a.id=b.attr_id AND b.goods_id=35)  WHERE a.type_id = '2'  [ RunTime:0.0004s ]
INFO: [ view_parse ] --START--
INFO: [ template_filter ] --START--
INFO: Run Behavior\ContentReplaceBehavior [ RunTime:0.000072s ]
INFO: [ template_filter ] --END-- [ RunTime:0.000125s ]
NOTIC: [8] Use of undefined constant id - assumed 'id' /Applications/XAMPP/xamppfiles/htdocs/SHOP-ThinkPHP/Application/Runtime/Cache/Admin/0e125bb82ed4be6babd13ef7b7a1626c.php 第 47 行.
NOTIC: [8] Use of undefined constant id - assumed 'id' /Applications/XAMPP/xamppfiles/htdocs/SHOP-ThinkPHP/Application/Runtime/Cache/Admin/0e125bb82ed4be6babd13ef7b7a1626c.php 第 47 行.
NOTIC: [8] Use of undefined constant id - assumed 'id' /Applications/XAMPP/xamppfiles/htdocs/SHOP-ThinkPHP/Application/Runtime/Cache/Admin/0e125bb82ed4be6babd13ef7b7a1626c.php 第 47 行.
NOTIC: [8] Use of undefined constant id - assumed 'id' /Applications/XAMPP/xamppfiles/htdocs/SHOP-ThinkPHP/Application/Runtime/Cache/Admin/0e125bb82ed4be6babd13ef7b7a1626c.php 第 47 行.
NOTIC: [8] Use of undefined constant id - assumed 'id' /Applications/XAMPP/xamppfiles/htdocs/SHOP-ThinkPHP/Application/Runtime/Cache/Admin/0e125bb82ed4be6babd13ef7b7a1626c.php 第 47 行.
NOTIC: [8] Use of undefined constant id - assumed 'id' /Applications/XAMPP/xamppfiles/htdocs/SHOP-ThinkPHP/Application/Runtime/Cache/Admin/0e125bb82ed4be6babd13ef7b7a1626c.php 第 47 行.
NOTIC: [8] Use of undefined constant id - assumed 'id' /Applications/XAMPP/xamppfiles/htdocs/SHOP-ThinkPHP/Application/Runtime/Cache/Admin/0e125bb82ed4be6babd13ef7b7a1626c.php 第 47 行.
NOTIC: [8] Use of undefined constant id - assumed 'id' /Applications/XAMPP/xamppfiles/htdocs/SHOP-ThinkPHP/Application/Runtime/Cache/Admin/0e125bb82ed4be6babd13ef7b7a1626c.php 第 47 行.
NOTIC: [8] Use of undefined constant id - assumed 'id' /Applications/XAMPP/xamppfiles/htdocs/SHOP-ThinkPHP/Application/Runtime/Cache/Admin/0e125bb82ed4be6babd13ef7b7a1626c.php 第 47 行.
NOTIC: [8] Use of undefined constant id - assumed 'id' /Applications/XAMPP/xamppfiles/htdocs/SHOP-ThinkPHP/Application/Runtime/Cache/Admin/0e125bb82ed4be6babd13ef7b7a1626c.php 第 47 行.
NOTIC: [8] Use of undefined constant id - assumed 'id' /Applications/XAMPP/xamppfiles/htdocs/SHOP-ThinkPHP/Application/Runtime/Cache/Admin/0e125bb82ed4be6babd13ef7b7a1626c.php 第 47 行.
NOTIC: [8] Use of undefined constant id - assumed 'id' /Applications/XAMPP/xamppfiles/htdocs/SHOP-ThinkPHP/Application/Runtime/Cache/Admin/0e125bb82ed4be6babd13ef7b7a1626c.php 第 47 行.
NOTIC: [8] Use of undefined constant id - assumed 'id' /Applications/XAMPP/xamppfiles/htdocs/SHOP-ThinkPHP/Application/Runtime/Cache/Admin/0e125bb82ed4be6babd13ef7b7a1626c.php 第 47 行.
NOTIC: [8] Use of undefined constant id - assumed 'id' /Applications/XAMPP/xamppfiles/htdocs/SHOP-ThinkPHP/Application/Runtime/Cache/Admin/0e125bb82ed4be6babd13ef7b7a1626c.php 第 47 行.
NOTIC: [8] Use of undefined constant id - assumed 'id' /Applications/XAMPP/xamppfiles/htdocs/SHOP-ThinkPHP/Application/Runtime/Cache/Admin/0e125bb82ed4be6babd13ef7b7a1626c.php 第 47 行.
NOTIC: [8] Use of undefined constant id - assumed 'id' /Applications/XAMPP/xamppfiles/htdocs/SHOP-ThinkPHP/Application/Runtime/Cache/Admin/0e125bb82ed4be6babd13ef7b7a1626c.php 第 47 行.
NOTIC: [8] Use of undefined constant id - assumed 'id' /Applications/XAMPP/xamppfiles/htdocs/SHOP-ThinkPHP/Application/Runtime/Cache/Admin/0e125bb82ed4be6babd13ef7b7a1626c.php 第 47 行.
NOTIC: [8] Use of undefined constant id - assumed 'id' /Applications/XAMPP/xamppfiles/htdocs/SHOP-ThinkPHP/Application/Runtime/Cache/Admin/0e125bb82ed4be6babd13ef7b7a1626c.php 第 47 行.
NOTIC: [8] Use of undefined constant id - assumed 'id' /Applications/XAMPP/xamppfiles/htdocs/SHOP-ThinkPHP/Application/Runtime/Cache/Admin/0e125bb82ed4be6babd13ef7b7a1626c.php 第 47 行.
NOTIC: [8] Use of undefined constant id - assumed 'id' /Applications/XAMPP/xamppfiles/htdocs/SHOP-ThinkPHP/Application/Runtime/Cache/Admin/0e125bb82ed4be6babd13ef7b7a1626c.php 第 47 行.
NOTIC: [8] Use of undefined constant id - assumed 'id' /Applications/XAMPP/xamppfiles/htdocs/SHOP-ThinkPHP/Application/Runtime/Cache/Admin/0e125bb82ed4be6babd13ef7b7a1626c.php 第 47 行.
NOTIC: [8] Use of undefined constant id - assumed 'id' /Applications/XAMPP/xamppfiles/htdocs/SHOP-ThinkPHP/Application/Runtime/Cache/Admin/0e125bb82ed4be6babd13ef7b7a1626c.php 第 47 行.
NOTIC: [8] Use of undefined constant id - assumed 'id' /Applications/XAMPP/xamppfiles/htdocs/SHOP-ThinkPHP/Application/Runtime/Cache/Admin/0e125bb82ed4be6babd13ef7b7a1626c.php 第 47 行.
NOTIC: [8] Use of undefined constant id - assumed 'id' /Applications/XAMPP/xamppfiles/htdocs/SHOP-ThinkPHP/Application/Runtime/Cache/Admin/0e125bb82ed4be6babd13ef7b7a1626c.php 第 47 行.
NOTIC: [8] Use of undefined constant id - assumed 'id' /Applications/XAMPP/xamppfiles/htdocs/SHOP-ThinkPHP/Application/Runtime/Cache/Admin/0e125bb82ed4be6babd13ef7b7a1626c.php 第 47 行.
SQL: SHOW COLUMNS FROM `st_brand` [ RunTime:0.0008s ]
SQL: SELECT `id`,`brand_name` FROM `st_brand`  [ RunTime:0.0004s ]
NOTIC: [8] Undefined index: mid_logo /Applications/XAMPP/xamppfiles/htdocs/SHOP-ThinkPHP/Application/Runtime/Cache/Admin/0e125bb82ed4be6babd13ef7b7a1626c.php 第 97 行.
NOTIC: [8] Undefined offset: 1 /Applications/XAMPP/xamppfiles/htdocs/SHOP-ThinkPHP/Application/Runtime/Cache/Admin/0e125bb82ed4be6babd13ef7b7a1626c.php 第 138 行.
NOTIC: [8] Undefined offset: 2 /Applications/XAMPP/xamppfiles/htdocs/SHOP-ThinkPHP/Application/Runtime/Cache/Admin/0e125bb82ed4be6babd13ef7b7a1626c.php 第 138 行.
NOTIC: [8] Undefined offset: 3 /Applications/XAMPP/xamppfiles/htdocs/SHOP-ThinkPHP/Application/Runtime/Cache/Admin/0e125bb82ed4be6babd13ef7b7a1626c.php 第 138 行.
NOTIC: [8] Undefined offset: 4 /Applications/XAMPP/xamppfiles/htdocs/SHOP-ThinkPHP/Application/Runtime/Cache/Admin/0e125bb82ed4be6babd13ef7b7a1626c.php 第 138 行.
SQL: SHOW COLUMNS FROM `st_type` [ RunTime:0.0005s ]
SQL: SELECT `id`,`type_name` FROM `st_type`  [ RunTime:0.0002s ]
INFO: Run Behavior\ParseTemplateBehavior [ RunTime:0.018567s ]
INFO: [ view_parse ] --END-- [ RunTime:0.018602s ]
INFO: [ view_filter ] --START--
INFO: Run Behavior\WriteHtmlCacheBehavior [ RunTime:0.000209s ]
INFO: [ view_filter ] --END-- [ RunTime:0.000236s ]
INFO: [ app_end ] --START--
INFO: Run Behavior\ShowPageTraceBehavior [ RunTime:0.000632s ]
INFO: [ app_end ] --END-- [ RunTime:0.000737s ]

[ 2016-06-10T22:33:19+08:00 ] 127.0.0.1 /index.php/Admin/Goods/goodsEdit/id/%3Cimg%20%20%20src='/Public/Uploads/'%20/%3E
INFO: [ app_init ] --START--
INFO: Run Behavior\BuildLiteBehavior [ RunTime:0.000010s ]
INFO: [ app_init ] --END-- [ RunTime:0.000202s ]
INFO: [ app_begin ] --START--
INFO: Run Behavior\ReadHtmlCacheBehavior [ RunTime:0.000266s ]
INFO: [ app_begin ] --END-- [ RunTime:0.000294s ]
SQL: SHOW COLUMNS FROM `st_goods` [ RunTime:0.0005s ]
SQL: SELECT * FROM `st_goods` WHERE `id` = 0 LIMIT 1   [ RunTime:0.0003s ]
SQL: SHOW COLUMNS FROM `st_member_level` [ RunTime:0.0006s ]
SQL: SELECT * FROM `st_member_level`  [ RunTime:0.0003s ]
SQL: SHOW COLUMNS FROM `st_member_price` [ RunTime:0.0015s ]
SQL: SELECT * FROM `st_member_price` WHERE `goods_id` = ''  [ RunTime:0.0005s ]
SQL: SHOW COLUMNS FROM `st_goods_pic` [ RunTime:0.0006s ]
SQL: SELECT `id`,`mid_pic` FROM `st_goods_pic` WHERE `goods_id` = ''  [ RunTime:0.0004s ]
NOTIC: [2048] Declaration of Admin\Model\CategoryModel::_before_delete() should be compatible with Think\Model::_before_delete($options) /Applications/XAMPP/xamppfiles/htdocs/SHOP-ThinkPHP/Application/Admin/Model/CategoryModel.class.php 第 67 行.
SQL: SHOW COLUMNS FROM `st_category` [ RunTime:0.0005s ]
SQL: SELECT * FROM `st_category`  [ RunTime:0.0004s ]
SQL: SHOW COLUMNS FROM `st_goods_cat` [ RunTime:0.0008s ]
SQL: SELECT * FROM `st_goods_cat` WHERE `goods_id` = ''  [ RunTime:0.0010s ]
SQL: SHOW COLUMNS FROM `st_attribute` [ RunTime:0.0008s ]
ERR: 1064:You have an error in your SQL syntax; check the manual that corresponds to your MySQL server version for the right syntax to use near ')  WHERE a.type_id = null' at line 1
 [ SQL语句 ] : SELECT a.id attr_id,a.attr_name,a.attr_type,a.attr_option_values,b.attr_value,b.id FROM st_attribute a LEFT JOIN st_goods_attr b ON  (a.id=b.attr_id AND b.goods_id=)  WHERE a.type_id = null 
ERR: 1064:You have an error in your SQL syntax; check the manual that corresponds to your MySQL server version for the right syntax to use near ')  WHERE a.type_id = null' at line 1
 [ SQL语句 ] : SELECT a.id attr_id,a.attr_name,a.attr_type,a.attr_option_values,b.attr_value,b.id FROM st_attribute a LEFT JOIN st_goods_attr b ON  (a.id=b.attr_id AND b.goods_id=)  WHERE a.type_id = null 

[ 2016-06-10T22:33:24+08:00 ] 127.0.0.1 /index.php/Admin/Goods/goods_number.html
INFO: [ app_init ] --START--
INFO: Run Behavior\BuildLiteBehavior [ RunTime:0.000010s ]
INFO: [ app_init ] --END-- [ RunTime:0.000214s ]
INFO: [ app_begin ] --START--
INFO: Run Behavior\ReadHtmlCacheBehavior [ RunTime:0.000266s ]
INFO: [ app_begin ] --END-- [ RunTime:0.000294s ]
SQL: SHOW COLUMNS FROM `st_goods_attr` [ RunTime:0.0005s ]
SQL: SELECT * FROM st_goods_attr a LEFT JOIN st_attribute b ON a.attr_id=b.id  WHERE a.goods_id = '' AND b.attr_type = '可选'  [ RunTime:0.0003s ]

[ 2016-06-10T22:33:56+08:00 ] 127.0.0.1 /index.php/Admin/Goods/goodsList.html
INFO: [ app_init ] --START--
INFO: Run Behavior\BuildLiteBehavior [ RunTime:0.000014s ]
INFO: [ app_init ] --END-- [ RunTime:0.000267s ]
INFO: [ app_begin ] --START--
INFO: Run Behavior\ReadHtmlCacheBehavior [ RunTime:0.000294s ]
INFO: [ app_begin ] --END-- [ RunTime:0.000325s ]
SQL: SHOW COLUMNS FROM `st_goods` [ RunTime:0.0005s ]
SQL: SELECT COUNT(*) AS tp_count FROM st_goods a LIMIT 1   [ RunTime:0.0002s ]
SQL: SELECT a.*,b.brand_name,c.cat_name,GROUP_CONCAT(e.cat_name SEPARATOR "<br />") ext_cat_name FROM st_goods a LEFT JOIN st_brand b ON a.brand_id=b.id 
				LEFT JOIN st_category c ON a.cat_id=c.id
				LEFT JOIN st_goods_cat d ON a.id=d.goods_id
				LEFT JOIN st_category e ON d.cat_id=e.id  GROUP BY a.id ORDER BY a.id desc LIMIT 0,5   [ RunTime:0.0010s ]
NOTIC: [2048] Declaration of Admin\Model\CategoryModel::_before_delete() should be compatible with Think\Model::_before_delete($options) /Applications/XAMPP/xamppfiles/htdocs/SHOP-ThinkPHP/Application/Admin/Model/CategoryModel.class.php 第 67 行.
SQL: SHOW COLUMNS FROM `st_category` [ RunTime:0.0003s ]
SQL: SELECT * FROM `st_category`  [ RunTime:0.0002s ]
INFO: [ view_parse ] --START--
INFO: [ template_filter ] --START--
INFO: Run Behavior\ContentReplaceBehavior [ RunTime:0.000069s ]
INFO: [ template_filter ] --END-- [ RunTime:0.000105s ]
SQL: SHOW COLUMNS FROM `st_brand` [ RunTime:0.0005s ]
SQL: SELECT `id`,`brand_name` FROM `st_brand`  [ RunTime:0.0003s ]
INFO: Run Behavior\ParseTemplateBehavior [ RunTime:0.016262s ]
INFO: [ view_parse ] --END-- [ RunTime:0.016298s ]
INFO: [ view_filter ] --START--
INFO: Run Behavior\WriteHtmlCacheBehavior [ RunTime:0.000159s ]
INFO: [ view_filter ] --END-- [ RunTime:0.000184s ]
INFO: [ app_end ] --START--
INFO: Run Behavior\ShowPageTraceBehavior [ RunTime:0.000540s ]
INFO: [ app_end ] --END-- [ RunTime:0.000603s ]

[ 2016-06-10T22:33:57+08:00 ] 127.0.0.1 /index.php/Admin/Goods/goods_number/id/35.html
INFO: [ app_init ] --START--
INFO: Run Behavior\BuildLiteBehavior [ RunTime:0.000010s ]
INFO: [ app_init ] --END-- [ RunTime:0.000198s ]
INFO: [ app_begin ] --START--
INFO: Run Behavior\ReadHtmlCacheBehavior [ RunTime:0.000251s ]
INFO: [ app_begin ] --END-- [ RunTime:0.000279s ]
SQL: SHOW COLUMNS FROM `st_goods_attr` [ RunTime:0.0004s ]
SQL: SELECT * FROM st_goods_attr a LEFT JOIN st_attribute b ON a.attr_id=b.id  WHERE a.goods_id = '35' AND b.attr_type = '可选'  [ RunTime:0.0004s ]

